[0.014s] Invoking command in '/ros2_ws_multirobots/build/practica1': /usr/bin/cmake --build /ros2_ws_multirobots/build/practica1 -- -j16 -l16
[0.147s] Invoked command in '/ros2_ws_multirobots/build/practica1' returned '0': /usr/bin/cmake --build /ros2_ws_multirobots/build/practica1 -- -j16 -l16
[0.165s] Invoking command in '/ros2_ws_multirobots/build/practica1': /usr/bin/cmake --install /ros2_ws_multirobots/build/practica1
[0.174s] -- Install configuration: ""
[0.175s] -- Up-to-date: /ros2_ws_multirobots/install/practica1/share/practica1//urdf
[0.176s] -- Installing: /ros2_ws_multirobots/install/practica1/share/practica1//urdf/robotito.urdf.xacro
[0.176s] -- Up-to-date: /ros2_ws_multirobots/install/practica1/share/practica1//urdf/inertial_macros.xacro
[0.176s] -- Installing: /ros2_ws_multirobots/install/practica1/share/practica1//urdf/camera.xacro
[0.177s] -- Up-to-date: /ros2_ws_multirobots/install/practica1/share/practica1//urdf/lidar.xacro
[0.177s] -- Up-to-date: /ros2_ws_multirobots/install/practica1/share/practica1//urdf/robotito.urdf
[0.177s] -- Up-to-date: /ros2_ws_multirobots/install/practica1/share/practica1//urdf/gazebo_control.xacro
[0.177s] -- Up-to-date: /ros2_ws_multirobots/install/practica1/share/practica1//launch
[0.177s] -- Up-to-date: /ros2_ws_multirobots/install/practica1/share/practica1//launch/sencillo_launch.launch
[0.177s] -- Up-to-date: /ros2_ws_multirobots/install/practica1/share/ament_index/resource_index/package_run_dependencies/practica1
[0.178s] -- Up-to-date: /ros2_ws_multirobots/install/practica1/share/ament_index/resource_index/parent_prefix_path/practica1
[0.178s] -- Up-to-date: /ros2_ws_multirobots/install/practica1/share/practica1/environment/ament_prefix_path.sh
[0.178s] -- Up-to-date: /ros2_ws_multirobots/install/practica1/share/practica1/environment/ament_prefix_path.dsv
[0.178s] -- Up-to-date: /ros2_ws_multirobots/install/practica1/share/practica1/environment/path.sh
[0.178s] -- Up-to-date: /ros2_ws_multirobots/install/practica1/share/practica1/environment/path.dsv
[0.178s] -- Up-to-date: /ros2_ws_multirobots/install/practica1/share/practica1/local_setup.bash
[0.179s] -- Up-to-date: /ros2_ws_multirobots/install/practica1/share/practica1/local_setup.sh
[0.179s] -- Up-to-date: /ros2_ws_multirobots/install/practica1/share/practica1/local_setup.zsh
[0.179s] -- Up-to-date: /ros2_ws_multirobots/install/practica1/share/practica1/local_setup.dsv
[0.180s] -- Installing: /ros2_ws_multirobots/install/practica1/share/practica1/package.dsv
[0.180s] -- Up-to-date: /ros2_ws_multirobots/install/practica1/share/ament_index/resource_index/packages/practica1
[0.180s] -- Up-to-date: /ros2_ws_multirobots/install/practica1/share/practica1/cmake/practica1Config.cmake
[0.180s] -- Up-to-date: /ros2_ws_multirobots/install/practica1/share/practica1/cmake/practica1Config-version.cmake
[0.181s] -- Up-to-date: /ros2_ws_multirobots/install/practica1/share/practica1/package.xml
[0.182s] Invoked command in '/ros2_ws_multirobots/build/practica1' returned '0': /usr/bin/cmake --install /ros2_ws_multirobots/build/practica1
