[0.010s] Invoking command in '/ros2_ws_multirobots/build/down_camera_bot': /usr/bin/cmake /ros2_ws_multirobots/src/down_camera_bot -DAMENT_CMAKE_SYMLINK_INSTALL=1 -DCMAKE_INSTALL_PREFIX=/ros2_ws_multirobots/install/down_camera_bot
[0.024s] -- Found ament_cmake: 2.5.4 (/opt/ros/jazzy/share/ament_cmake/cmake)
[0.218s] Traceback (most recent call last):
[0.219s]   File "/opt/ros/jazzy/share/ament_cmake_core/cmake/package_templates/templates_2_cmake.py", line 21, in <module>
[0.219s]     from ament_package.templates import get_environment_hook_template_path
[0.219s] ModuleNotFoundError: No module named 'ament_package'
[0.222s] [31mCMake Error at /opt/ros/jazzy/share/ament_cmake_core/cmake/ament_cmake_package_templates-extras.cmake:41 (message):
[0.223s]   execute_process(/usr/bin/python3
[0.223s]   /opt/ros/jazzy/share/ament_cmake_core/cmake/package_templates/templates_2_cmake.py
[0.223s]   /ros2_ws_multirobots/build/down_camera_bot/ament_cmake_package_templates/templates.cmake)
[0.224s]   returned error code 1
[0.224s] Call Stack (most recent call first):
[0.224s]   /opt/ros/jazzy/share/ament_cmake_core/cmake/ament_cmake_coreConfig.cmake:41 (include)
[0.224s]   /opt/ros/jazzy/share/ament_cmake/cmake/ament_cmake_export_dependencies-extras.cmake:15 (find_package)
[0.224s]   /opt/ros/jazzy/share/ament_cmake/cmake/ament_cmakeConfig.cmake:41 (include)
[0.225s]   CMakeLists.txt:9 (find_package)
[0.225s] 
[0.225s] [0m
[0.225s] -- Configuring incomplete, errors occurred!
[0.230s] Invoked command in '/ros2_ws_multirobots/build/down_camera_bot' returned '1': /usr/bin/cmake /ros2_ws_multirobots/src/down_camera_bot -DAMENT_CMAKE_SYMLINK_INSTALL=1 -DCMAKE_INSTALL_PREFIX=/ros2_ws_multirobots/install/down_camera_bot
