[0.014s] Invoking command in '/ros2_ws_multirobots/build/robot_bringup': CMAKE_PREFIX_PATH=/ros2_ws_multirobots/install/practica1:/ros2_ws_multirobots/install/robot_bringup:/ros2_ws_multirobots/install/my_robot_description:/ros2_ws_multirobots/install/down_camera_bot:/opt/ros/jazzy/opt/gz_sim_vendor:/opt/ros/jazzy/opt/gz_sensors_vendor:/opt/ros/jazzy/opt/gz_physics_vendor:/opt/ros/jazzy/opt/sdformat_vendor:/opt/ros/jazzy/opt/gz_gui_vendor:/opt/ros/jazzy/opt/gz_transport_vendor:/opt/ros/jazzy/opt/gz_rendering_vendor:/opt/ros/jazzy/opt/gz_plugin_vendor:/opt/ros/jazzy/opt/gz_fuel_tools_vendor:/opt/ros/jazzy/opt/gz_msgs_vendor:/opt/ros/jazzy/opt/gz_common_vendor:/opt/ros/jazzy/opt/gz_math_vendor:/opt/ros/jazzy/opt/gz_utils_vendor:/opt/ros/jazzy/opt/gz_tools_vendor:/opt/ros/jazzy/opt/gz_ogre_next_vendor:/opt/ros/jazzy/opt/gz_dartsim_vendor:/opt/ros/jazzy/opt/gz_cmake_vendor:/opt/ros/jazzy /usr/bin/cmake /ros2_ws_multirobots/src/robot_bringup -DCMAKE_INSTALL_PREFIX=/ros2_ws_multirobots/install/robot_bringup
[0.027s] -- Found ament_cmake: 2.5.4 (/opt/ros/jazzy/share/ament_cmake/cmake)
[0.267s] -- Override CMake install command with custom implementation using symlinks instead of copying resources
[0.292s] -- Found ament_lint_auto: 0.17.3 (/opt/ros/jazzy/share/ament_lint_auto/cmake)
[0.417s] -- Added test 'flake8' to check Python code syntax and style conventions
[0.417s] -- Configured 'flake8' exclude dirs and/or files: 
[0.419s] -- Added test 'lint_cmake' to check CMake code style
[0.420s] -- Added test 'pep257' to check Python code against some of the docstring style conventions in PEP 257
[0.425s] -- Added test 'xmllint' to check XML markup files
[0.429s] -- Configuring done (0.4s)
[0.434s] -- Generating done (0.0s)
[0.435s] -- Build files have been written to: /ros2_ws_multirobots/build/robot_bringup
[0.439s] Invoked command in '/ros2_ws_multirobots/build/robot_bringup' returned '0': CMAKE_PREFIX_PATH=/ros2_ws_multirobots/install/practica1:/ros2_ws_multirobots/install/robot_bringup:/ros2_ws_multirobots/install/my_robot_description:/ros2_ws_multirobots/install/down_camera_bot:/opt/ros/jazzy/opt/gz_sim_vendor:/opt/ros/jazzy/opt/gz_sensors_vendor:/opt/ros/jazzy/opt/gz_physics_vendor:/opt/ros/jazzy/opt/sdformat_vendor:/opt/ros/jazzy/opt/gz_gui_vendor:/opt/ros/jazzy/opt/gz_transport_vendor:/opt/ros/jazzy/opt/gz_rendering_vendor:/opt/ros/jazzy/opt/gz_plugin_vendor:/opt/ros/jazzy/opt/gz_fuel_tools_vendor:/opt/ros/jazzy/opt/gz_msgs_vendor:/opt/ros/jazzy/opt/gz_common_vendor:/opt/ros/jazzy/opt/gz_math_vendor:/opt/ros/jazzy/opt/gz_utils_vendor:/opt/ros/jazzy/opt/gz_tools_vendor:/opt/ros/jazzy/opt/gz_ogre_next_vendor:/opt/ros/jazzy/opt/gz_dartsim_vendor:/opt/ros/jazzy/opt/gz_cmake_vendor:/opt/ros/jazzy /usr/bin/cmake /ros2_ws_multirobots/src/robot_bringup -DCMAKE_INSTALL_PREFIX=/ros2_ws_multirobots/install/robot_bringup
[0.441s] Invoking command in '/ros2_ws_multirobots/build/robot_bringup': CMAKE_PREFIX_PATH=/ros2_ws_multirobots/install/practica1:/ros2_ws_multirobots/install/robot_bringup:/ros2_ws_multirobots/install/my_robot_description:/ros2_ws_multirobots/install/down_camera_bot:/opt/ros/jazzy/opt/gz_sim_vendor:/opt/ros/jazzy/opt/gz_sensors_vendor:/opt/ros/jazzy/opt/gz_physics_vendor:/opt/ros/jazzy/opt/sdformat_vendor:/opt/ros/jazzy/opt/gz_gui_vendor:/opt/ros/jazzy/opt/gz_transport_vendor:/opt/ros/jazzy/opt/gz_rendering_vendor:/opt/ros/jazzy/opt/gz_plugin_vendor:/opt/ros/jazzy/opt/gz_fuel_tools_vendor:/opt/ros/jazzy/opt/gz_msgs_vendor:/opt/ros/jazzy/opt/gz_common_vendor:/opt/ros/jazzy/opt/gz_math_vendor:/opt/ros/jazzy/opt/gz_utils_vendor:/opt/ros/jazzy/opt/gz_tools_vendor:/opt/ros/jazzy/opt/gz_ogre_next_vendor:/opt/ros/jazzy/opt/gz_dartsim_vendor:/opt/ros/jazzy/opt/gz_cmake_vendor:/opt/ros/jazzy /usr/bin/cmake --build /ros2_ws_multirobots/build/robot_bringup -- -j16 -l16
[0.514s] Invoked command in '/ros2_ws_multirobots/build/robot_bringup' returned '0': CMAKE_PREFIX_PATH=/ros2_ws_multirobots/install/practica1:/ros2_ws_multirobots/install/robot_bringup:/ros2_ws_multirobots/install/my_robot_description:/ros2_ws_multirobots/install/down_camera_bot:/opt/ros/jazzy/opt/gz_sim_vendor:/opt/ros/jazzy/opt/gz_sensors_vendor:/opt/ros/jazzy/opt/gz_physics_vendor:/opt/ros/jazzy/opt/sdformat_vendor:/opt/ros/jazzy/opt/gz_gui_vendor:/opt/ros/jazzy/opt/gz_transport_vendor:/opt/ros/jazzy/opt/gz_rendering_vendor:/opt/ros/jazzy/opt/gz_plugin_vendor:/opt/ros/jazzy/opt/gz_fuel_tools_vendor:/opt/ros/jazzy/opt/gz_msgs_vendor:/opt/ros/jazzy/opt/gz_common_vendor:/opt/ros/jazzy/opt/gz_math_vendor:/opt/ros/jazzy/opt/gz_utils_vendor:/opt/ros/jazzy/opt/gz_tools_vendor:/opt/ros/jazzy/opt/gz_ogre_next_vendor:/opt/ros/jazzy/opt/gz_dartsim_vendor:/opt/ros/jazzy/opt/gz_cmake_vendor:/opt/ros/jazzy /usr/bin/cmake --build /ros2_ws_multirobots/build/robot_bringup -- -j16 -l16
[0.516s] Invoking command in '/ros2_ws_multirobots/build/robot_bringup': CMAKE_PREFIX_PATH=/ros2_ws_multirobots/install/practica1:/ros2_ws_multirobots/install/robot_bringup:/ros2_ws_multirobots/install/my_robot_description:/ros2_ws_multirobots/install/down_camera_bot:/opt/ros/jazzy/opt/gz_sim_vendor:/opt/ros/jazzy/opt/gz_sensors_vendor:/opt/ros/jazzy/opt/gz_physics_vendor:/opt/ros/jazzy/opt/sdformat_vendor:/opt/ros/jazzy/opt/gz_gui_vendor:/opt/ros/jazzy/opt/gz_transport_vendor:/opt/ros/jazzy/opt/gz_rendering_vendor:/opt/ros/jazzy/opt/gz_plugin_vendor:/opt/ros/jazzy/opt/gz_fuel_tools_vendor:/opt/ros/jazzy/opt/gz_msgs_vendor:/opt/ros/jazzy/opt/gz_common_vendor:/opt/ros/jazzy/opt/gz_math_vendor:/opt/ros/jazzy/opt/gz_utils_vendor:/opt/ros/jazzy/opt/gz_tools_vendor:/opt/ros/jazzy/opt/gz_ogre_next_vendor:/opt/ros/jazzy/opt/gz_dartsim_vendor:/opt/ros/jazzy/opt/gz_cmake_vendor:/opt/ros/jazzy /usr/bin/cmake --install /ros2_ws_multirobots/build/robot_bringup
[0.537s] -- Install configuration: ""
[0.537s] -- Execute custom install script
[0.538s] -- Up-to-date symlink: /ros2_ws_multirobots/install/robot_bringup/share/robot_bringup/launch/robot_bringup.launch.py
[0.538s] -- Up-to-date symlink: /ros2_ws_multirobots/install/robot_bringup/share/robot_bringup/world/my_world.sdf
[0.538s] -- Up-to-date symlink: /ros2_ws_multirobots/install/robot_bringup/share/robot_bringup/config/bridge_config.yaml
[0.538s] -- Up-to-date symlink: /ros2_ws_multirobots/install/robot_bringup/share/ament_index/resource_index/package_run_dependencies/robot_bringup
[0.539s] -- Up-to-date symlink: /ros2_ws_multirobots/install/robot_bringup/share/ament_index/resource_index/parent_prefix_path/robot_bringup
[0.539s] -- Up-to-date symlink: /ros2_ws_multirobots/install/robot_bringup/share/robot_bringup/environment/ament_prefix_path.sh
[0.539s] -- Up-to-date symlink: /ros2_ws_multirobots/install/robot_bringup/share/robot_bringup/environment/ament_prefix_path.dsv
[0.539s] -- Up-to-date symlink: /ros2_ws_multirobots/install/robot_bringup/share/robot_bringup/environment/path.sh
[0.539s] -- Up-to-date symlink: /ros2_ws_multirobots/install/robot_bringup/share/robot_bringup/environment/path.dsv
[0.539s] -- Up-to-date symlink: /ros2_ws_multirobots/install/robot_bringup/share/robot_bringup/local_setup.bash
[0.540s] -- Up-to-date symlink: /ros2_ws_multirobots/install/robot_bringup/share/robot_bringup/local_setup.sh
[0.540s] -- Up-to-date symlink: /ros2_ws_multirobots/install/robot_bringup/share/robot_bringup/local_setup.zsh
[0.540s] -- Up-to-date symlink: /ros2_ws_multirobots/install/robot_bringup/share/robot_bringup/local_setup.dsv
[0.540s] -- Symlinking: /ros2_ws_multirobots/install/robot_bringup/share/robot_bringup/package.dsv
[0.551s] -- Up-to-date symlink: /ros2_ws_multirobots/install/robot_bringup/share/ament_index/resource_index/packages/robot_bringup
[0.551s] -- Up-to-date symlink: /ros2_ws_multirobots/install/robot_bringup/share/robot_bringup/cmake/robot_bringupConfig.cmake
[0.551s] -- Up-to-date symlink: /ros2_ws_multirobots/install/robot_bringup/share/robot_bringup/cmake/robot_bringupConfig-version.cmake
[0.551s] -- Up-to-date symlink: /ros2_ws_multirobots/install/robot_bringup/share/robot_bringup/package.xml
[0.555s] Invoked command in '/ros2_ws_multirobots/build/robot_bringup' returned '0': CMAKE_PREFIX_PATH=/ros2_ws_multirobots/install/practica1:/ros2_ws_multirobots/install/robot_bringup:/ros2_ws_multirobots/install/my_robot_description:/ros2_ws_multirobots/install/down_camera_bot:/opt/ros/jazzy/opt/gz_sim_vendor:/opt/ros/jazzy/opt/gz_sensors_vendor:/opt/ros/jazzy/opt/gz_physics_vendor:/opt/ros/jazzy/opt/sdformat_vendor:/opt/ros/jazzy/opt/gz_gui_vendor:/opt/ros/jazzy/opt/gz_transport_vendor:/opt/ros/jazzy/opt/gz_rendering_vendor:/opt/ros/jazzy/opt/gz_plugin_vendor:/opt/ros/jazzy/opt/gz_fuel_tools_vendor:/opt/ros/jazzy/opt/gz_msgs_vendor:/opt/ros/jazzy/opt/gz_common_vendor:/opt/ros/jazzy/opt/gz_math_vendor:/opt/ros/jazzy/opt/gz_utils_vendor:/opt/ros/jazzy/opt/gz_tools_vendor:/opt/ros/jazzy/opt/gz_ogre_next_vendor:/opt/ros/jazzy/opt/gz_dartsim_vendor:/opt/ros/jazzy/opt/gz_cmake_vendor:/opt/ros/jazzy /usr/bin/cmake --install /ros2_ws_multirobots/build/robot_bringup
