[0.021s] Invoking command in '/ros2_ws_multirobots/build/robot_bringup': AMENT_PREFIX_PATH=/ros2_ws_multirobots/install/practica1:${AMENT_PREFIX_PATH} CMAKE_PREFIX_PATH=/ros2_ws_multirobots/install/practica1:/opt/ros/jazzy/opt/gz_sim_vendor:/opt/ros/jazzy/opt/gz_sensors_vendor:/opt/ros/jazzy/opt/gz_physics_vendor:/opt/ros/jazzy/opt/sdformat_vendor:/opt/ros/jazzy/opt/gz_gui_vendor:/opt/ros/jazzy/opt/gz_transport_vendor:/opt/ros/jazzy/opt/gz_rendering_vendor:/opt/ros/jazzy/opt/gz_plugin_vendor:/opt/ros/jazzy/opt/gz_fuel_tools_vendor:/opt/ros/jazzy/opt/gz_msgs_vendor:/opt/ros/jazzy/opt/gz_common_vendor:/opt/ros/jazzy/opt/gz_math_vendor:/opt/ros/jazzy/opt/gz_utils_vendor:/opt/ros/jazzy/opt/gz_tools_vendor:/opt/ros/jazzy/opt/gz_ogre_next_vendor:/opt/ros/jazzy/opt/gz_dartsim_vendor:/opt/ros/jazzy/opt/gz_cmake_vendor:/opt/ros/jazzy /usr/bin/cmake --build /ros2_ws_multirobots/build/robot_bringup -- -j16 -l16
[0.110s] Invoked command in '/ros2_ws_multirobots/build/robot_bringup' returned '0': AMENT_PREFIX_PATH=/ros2_ws_multirobots/install/practica1:${AMENT_PREFIX_PATH} CMAKE_PREFIX_PATH=/ros2_ws_multirobots/install/practica1:/opt/ros/jazzy/opt/gz_sim_vendor:/opt/ros/jazzy/opt/gz_sensors_vendor:/opt/ros/jazzy/opt/gz_physics_vendor:/opt/ros/jazzy/opt/sdformat_vendor:/opt/ros/jazzy/opt/gz_gui_vendor:/opt/ros/jazzy/opt/gz_transport_vendor:/opt/ros/jazzy/opt/gz_rendering_vendor:/opt/ros/jazzy/opt/gz_plugin_vendor:/opt/ros/jazzy/opt/gz_fuel_tools_vendor:/opt/ros/jazzy/opt/gz_msgs_vendor:/opt/ros/jazzy/opt/gz_common_vendor:/opt/ros/jazzy/opt/gz_math_vendor:/opt/ros/jazzy/opt/gz_utils_vendor:/opt/ros/jazzy/opt/gz_tools_vendor:/opt/ros/jazzy/opt/gz_ogre_next_vendor:/opt/ros/jazzy/opt/gz_dartsim_vendor:/opt/ros/jazzy/opt/gz_cmake_vendor:/opt/ros/jazzy /usr/bin/cmake --build /ros2_ws_multirobots/build/robot_bringup -- -j16 -l16
[0.112s] Invoking command in '/ros2_ws_multirobots/build/robot_bringup': AMENT_PREFIX_PATH=/ros2_ws_multirobots/install/practica1:${AMENT_PREFIX_PATH} CMAKE_PREFIX_PATH=/ros2_ws_multirobots/install/practica1:/opt/ros/jazzy/opt/gz_sim_vendor:/opt/ros/jazzy/opt/gz_sensors_vendor:/opt/ros/jazzy/opt/gz_physics_vendor:/opt/ros/jazzy/opt/sdformat_vendor:/opt/ros/jazzy/opt/gz_gui_vendor:/opt/ros/jazzy/opt/gz_transport_vendor:/opt/ros/jazzy/opt/gz_rendering_vendor:/opt/ros/jazzy/opt/gz_plugin_vendor:/opt/ros/jazzy/opt/gz_fuel_tools_vendor:/opt/ros/jazzy/opt/gz_msgs_vendor:/opt/ros/jazzy/opt/gz_common_vendor:/opt/ros/jazzy/opt/gz_math_vendor:/opt/ros/jazzy/opt/gz_utils_vendor:/opt/ros/jazzy/opt/gz_tools_vendor:/opt/ros/jazzy/opt/gz_ogre_next_vendor:/opt/ros/jazzy/opt/gz_dartsim_vendor:/opt/ros/jazzy/opt/gz_cmake_vendor:/opt/ros/jazzy /usr/bin/cmake --install /ros2_ws_multirobots/build/robot_bringup
[0.133s] -- Install configuration: ""
[0.133s] -- Up-to-date: /ros2_ws_multirobots/install/robot_bringup/share/robot_bringup/launch
[0.133s] -- Up-to-date: /ros2_ws_multirobots/install/robot_bringup/share/robot_bringup/launch/robot_bringup.launch.py
[0.133s] -- Up-to-date: /ros2_ws_multirobots/install/robot_bringup/share/robot_bringup/world
[0.133s] -- Up-to-date: /ros2_ws_multirobots/install/robot_bringup/share/robot_bringup/world/my_world.sdf
[0.133s] -- Up-to-date: /ros2_ws_multirobots/install/robot_bringup/share/robot_bringup/config
[0.134s] -- Up-to-date: /ros2_ws_multirobots/install/robot_bringup/share/robot_bringup/config/bridge_config.yaml
[0.134s] -- Up-to-date: /ros2_ws_multirobots/install/robot_bringup/share/ament_index/resource_index/package_run_dependencies/robot_bringup
[0.134s] -- Up-to-date: /ros2_ws_multirobots/install/robot_bringup/share/ament_index/resource_index/parent_prefix_path/robot_bringup
[0.134s] -- Up-to-date: /ros2_ws_multirobots/install/robot_bringup/share/robot_bringup/environment/ament_prefix_path.sh
[0.134s] -- Up-to-date: /ros2_ws_multirobots/install/robot_bringup/share/robot_bringup/environment/ament_prefix_path.dsv
[0.134s] -- Up-to-date: /ros2_ws_multirobots/install/robot_bringup/share/robot_bringup/environment/path.sh
[0.134s] -- Up-to-date: /ros2_ws_multirobots/install/robot_bringup/share/robot_bringup/environment/path.dsv
[0.134s] -- Up-to-date: /ros2_ws_multirobots/install/robot_bringup/share/robot_bringup/local_setup.bash
[0.134s] -- Up-to-date: /ros2_ws_multirobots/install/robot_bringup/share/robot_bringup/local_setup.sh
[0.134s] -- Up-to-date: /ros2_ws_multirobots/install/robot_bringup/share/robot_bringup/local_setup.zsh
[0.135s] -- Up-to-date: /ros2_ws_multirobots/install/robot_bringup/share/robot_bringup/local_setup.dsv
[0.135s] -- Installing: /ros2_ws_multirobots/install/robot_bringup/share/robot_bringup/package.dsv
[0.135s] -- Up-to-date: /ros2_ws_multirobots/install/robot_bringup/share/ament_index/resource_index/packages/robot_bringup
[0.135s] -- Up-to-date: /ros2_ws_multirobots/install/robot_bringup/share/robot_bringup/cmake/robot_bringupConfig.cmake
[0.135s] -- Up-to-date: /ros2_ws_multirobots/install/robot_bringup/share/robot_bringup/cmake/robot_bringupConfig-version.cmake
[0.135s] -- Up-to-date: /ros2_ws_multirobots/install/robot_bringup/share/robot_bringup/package.xml
[0.136s] Invoked command in '/ros2_ws_multirobots/build/robot_bringup' returned '0': AMENT_PREFIX_PATH=/ros2_ws_multirobots/install/practica1:${AMENT_PREFIX_PATH} CMAKE_PREFIX_PATH=/ros2_ws_multirobots/install/practica1:/opt/ros/jazzy/opt/gz_sim_vendor:/opt/ros/jazzy/opt/gz_sensors_vendor:/opt/ros/jazzy/opt/gz_physics_vendor:/opt/ros/jazzy/opt/sdformat_vendor:/opt/ros/jazzy/opt/gz_gui_vendor:/opt/ros/jazzy/opt/gz_transport_vendor:/opt/ros/jazzy/opt/gz_rendering_vendor:/opt/ros/jazzy/opt/gz_plugin_vendor:/opt/ros/jazzy/opt/gz_fuel_tools_vendor:/opt/ros/jazzy/opt/gz_msgs_vendor:/opt/ros/jazzy/opt/gz_common_vendor:/opt/ros/jazzy/opt/gz_math_vendor:/opt/ros/jazzy/opt/gz_utils_vendor:/opt/ros/jazzy/opt/gz_tools_vendor:/opt/ros/jazzy/opt/gz_ogre_next_vendor:/opt/ros/jazzy/opt/gz_dartsim_vendor:/opt/ros/jazzy/opt/gz_cmake_vendor:/opt/ros/jazzy /usr/bin/cmake --install /ros2_ws_multirobots/build/robot_bringup
