[0.102s] DEBUG:colcon:Command line arguments: ['/usr/bin/colcon', 'build', '--packages-select', 'down_camera_bot']
[0.102s] DEBUG:colcon:Parsed command line arguments: Namespace(log_base=None, log_level=None, verb_name='build', build_base='build', install_base='install', merge_install=False, symlink_install=False, test_result_base=None, continue_on_error=False, executor='parallel', parallel_workers=16, event_handlers=None, ignore_user_meta=False, metas=['./colcon.meta'], base_paths=['.'], packages_ignore=None, packages_ignore_regex=None, paths=None, packages_up_to=None, packages_up_to_regex=None, packages_above=None, packages_above_and_dependencies=None, packages_above_depth=None, packages_select_by_dep=None, packages_skip_by_dep=None, packages_skip_up_to=None, packages_select_build_failed=False, packages_skip_build_finished=False, packages_select_test_failures=False, packages_skip_test_passed=False, packages_select=['down_camera_bot'], packages_skip=None, packages_select_regex=None, packages_skip_regex=None, packages_start=None, packages_end=None, cmake_args=None, cmake_target=None, cmake_target_skip_unavailable=False, cmake_clean_cache=False, cmake_clean_first=False, cmake_force_configure=False, ament_cmake_args=None, catkin_cmake_args=None, catkin_skip_building_tests=False, mixin_files=None, mixin=None, verb_parser=<colcon_mixin.mixin.mixin_argument.MixinArgumentDecorator object at 0x750cb3d443b0>, verb_extension=<colcon_core.verb.build.BuildVerb object at 0x750cb3e94230>, main=<bound method BuildVerb.main of <colcon_core.verb.build.BuildVerb object at 0x750cb3e94230>>, mixin_verb=('build',))
[0.138s] Level 1:colcon.colcon_core.package_discovery:discover_packages(colcon_meta) check parameters
[0.138s] INFO:colcon.colcon_metadata.package_discovery.colcon_meta:Using configuration from '/root/.colcon/metadata/default/Gazebo.meta'
[0.139s] INFO:colcon.colcon_metadata.package_discovery.colcon_meta:Using configuration from '/root/.colcon/metadata/default/fastdds.meta'
[0.139s] INFO:colcon.colcon_metadata.package_discovery.colcon_meta:Using configuration from '/root/.colcon/metadata/default/fastrtps.meta'
[0.139s] Level 1:colcon.colcon_core.package_discovery:discover_packages(recursive) check parameters
[0.139s] Level 1:colcon.colcon_core.package_discovery:discover_packages(ignore) check parameters
[0.139s] Level 1:colcon.colcon_core.package_discovery:discover_packages(path) check parameters
[0.139s] Level 1:colcon.colcon_core.package_discovery:discover_packages(colcon_meta) discover
[0.139s] Level 1:colcon.colcon_core.package_discovery:discover_packages(recursive) discover
[0.139s] INFO:colcon.colcon_core.package_discovery:Crawling recursively for packages in '/ros2_ws_multirobots'
[0.139s] Level 1:colcon.colcon_core.package_identification:_identify(.) by extensions ['ignore', 'ignore_ament_install']
[0.139s] Level 1:colcon.colcon_core.package_identification:_identify(.) by extension 'ignore'
[0.139s] Level 1:colcon.colcon_core.package_identification:_identify(.) by extension 'ignore_ament_install'
[0.139s] Level 1:colcon.colcon_core.package_identification:_identify(.) by extensions ['colcon_pkg']
[0.140s] Level 1:colcon.colcon_core.package_identification:_identify(.) by extension 'colcon_pkg'
[0.140s] Level 1:colcon.colcon_core.package_identification:_identify(.) by extensions ['colcon_meta']
[0.140s] Level 1:colcon.colcon_core.package_identification:_identify(.) by extension 'colcon_meta'
[0.140s] Level 1:colcon.colcon_core.package_identification:_identify(.) by extensions ['ros']
[0.140s] Level 1:colcon.colcon_core.package_identification:_identify(.) by extension 'ros'
[0.162s] Level 1:colcon.colcon_core.package_identification:_identify(.) by extensions ['cmake', 'python']
[0.162s] Level 1:colcon.colcon_core.package_identification:_identify(.) by extension 'cmake'
[0.162s] Level 1:colcon.colcon_core.package_identification:_identify(.) by extension 'python'
[0.162s] Level 1:colcon.colcon_core.package_identification:_identify(.) by extensions ['python_setup_py']
[0.162s] Level 1:colcon.colcon_core.package_identification:_identify(.) by extension 'python_setup_py'
[0.162s] Level 1:colcon.colcon_core.package_identification:_identify(build) by extensions ['ignore', 'ignore_ament_install']
[0.162s] Level 1:colcon.colcon_core.package_identification:_identify(build) by extension 'ignore'
[0.162s] Level 1:colcon.colcon_core.package_identification:_identify(build) ignored
[0.163s] Level 1:colcon.colcon_core.package_identification:_identify(install) by extensions ['ignore', 'ignore_ament_install']
[0.163s] Level 1:colcon.colcon_core.package_identification:_identify(install) by extension 'ignore'
[0.163s] Level 1:colcon.colcon_core.package_identification:_identify(install) ignored
[0.163s] Level 1:colcon.colcon_core.package_identification:_identify(log) by extensions ['ignore', 'ignore_ament_install']
[0.163s] Level 1:colcon.colcon_core.package_identification:_identify(log) by extension 'ignore'
[0.163s] Level 1:colcon.colcon_core.package_identification:_identify(log) ignored
[0.163s] Level 1:colcon.colcon_core.package_identification:_identify(src) by extensions ['ignore', 'ignore_ament_install']
[0.163s] Level 1:colcon.colcon_core.package_identification:_identify(src) by extension 'ignore'
[0.163s] Level 1:colcon.colcon_core.package_identification:_identify(src) by extension 'ignore_ament_install'
[0.163s] Level 1:colcon.colcon_core.package_identification:_identify(src) by extensions ['colcon_pkg']
[0.163s] Level 1:colcon.colcon_core.package_identification:_identify(src) by extension 'colcon_pkg'
[0.163s] Level 1:colcon.colcon_core.package_identification:_identify(src) by extensions ['colcon_meta']
[0.163s] Level 1:colcon.colcon_core.package_identification:_identify(src) by extension 'colcon_meta'
[0.163s] Level 1:colcon.colcon_core.package_identification:_identify(src) by extensions ['ros']
[0.163s] Level 1:colcon.colcon_core.package_identification:_identify(src) by extension 'ros'
[0.163s] Level 1:colcon.colcon_core.package_identification:_identify(src) by extensions ['cmake', 'python']
[0.163s] Level 1:colcon.colcon_core.package_identification:_identify(src) by extension 'cmake'
[0.163s] Level 1:colcon.colcon_core.package_identification:_identify(src) by extension 'python'
[0.163s] Level 1:colcon.colcon_core.package_identification:_identify(src) by extensions ['python_setup_py']
[0.164s] Level 1:colcon.colcon_core.package_identification:_identify(src) by extension 'python_setup_py'
[0.164s] Level 1:colcon.colcon_core.package_identification:_identify(src/build) by extensions ['ignore', 'ignore_ament_install']
[0.164s] Level 1:colcon.colcon_core.package_identification:_identify(src/build) by extension 'ignore'
[0.164s] Level 1:colcon.colcon_core.package_identification:_identify(src/build) ignored
[0.164s] Level 1:colcon.colcon_core.package_identification:_identify(src/down_camera_bot) by extensions ['ignore', 'ignore_ament_install']
[0.164s] Level 1:colcon.colcon_core.package_identification:_identify(src/down_camera_bot) by extension 'ignore'
[0.164s] Level 1:colcon.colcon_core.package_identification:_identify(src/down_camera_bot) by extension 'ignore_ament_install'
[0.164s] Level 1:colcon.colcon_core.package_identification:_identify(src/down_camera_bot) by extensions ['colcon_pkg']
[0.164s] Level 1:colcon.colcon_core.package_identification:_identify(src/down_camera_bot) by extension 'colcon_pkg'
[0.164s] Level 1:colcon.colcon_core.package_identification:_identify(src/down_camera_bot) by extensions ['colcon_meta']
[0.164s] Level 1:colcon.colcon_core.package_identification:_identify(src/down_camera_bot) by extension 'colcon_meta'
[0.164s] Level 1:colcon.colcon_core.package_identification:_identify(src/down_camera_bot) by extensions ['ros']
[0.164s] Level 1:colcon.colcon_core.package_identification:_identify(src/down_camera_bot) by extension 'ros'
[0.166s] DEBUG:colcon.colcon_core.package_identification:Package 'src/down_camera_bot' with type 'ros.ament_cmake' and name 'down_camera_bot'
[0.166s] Level 1:colcon.colcon_core.package_identification:_identify(src/install) by extensions ['ignore', 'ignore_ament_install']
[0.166s] Level 1:colcon.colcon_core.package_identification:_identify(src/install) by extension 'ignore'
[0.166s] Level 1:colcon.colcon_core.package_identification:_identify(src/install) ignored
[0.167s] Level 1:colcon.colcon_core.package_identification:_identify(src/log) by extensions ['ignore', 'ignore_ament_install']
[0.167s] Level 1:colcon.colcon_core.package_identification:_identify(src/log) by extension 'ignore'
[0.167s] Level 1:colcon.colcon_core.package_identification:_identify(src/log) ignored
[0.167s] Level 1:colcon.colcon_core.package_identification:_identify(src/practica1) by extensions ['ignore', 'ignore_ament_install']
[0.167s] Level 1:colcon.colcon_core.package_identification:_identify(src/practica1) by extension 'ignore'
[0.167s] Level 1:colcon.colcon_core.package_identification:_identify(src/practica1) by extension 'ignore_ament_install'
[0.167s] Level 1:colcon.colcon_core.package_identification:_identify(src/practica1) by extensions ['colcon_pkg']
[0.167s] Level 1:colcon.colcon_core.package_identification:_identify(src/practica1) by extension 'colcon_pkg'
[0.167s] Level 1:colcon.colcon_core.package_identification:_identify(src/practica1) by extensions ['colcon_meta']
[0.167s] Level 1:colcon.colcon_core.package_identification:_identify(src/practica1) by extension 'colcon_meta'
[0.167s] Level 1:colcon.colcon_core.package_identification:_identify(src/practica1) by extensions ['ros']
[0.167s] Level 1:colcon.colcon_core.package_identification:_identify(src/practica1) by extension 'ros'
[0.167s] DEBUG:colcon.colcon_core.package_identification:Package 'src/practica1' with type 'ros.ament_cmake' and name 'practica1'
[0.168s] Level 1:colcon.colcon_core.package_identification:_identify(src/robot_bringup) by extensions ['ignore', 'ignore_ament_install']
[0.168s] Level 1:colcon.colcon_core.package_identification:_identify(src/robot_bringup) by extension 'ignore'
[0.168s] Level 1:colcon.colcon_core.package_identification:_identify(src/robot_bringup) by extension 'ignore_ament_install'
[0.168s] Level 1:colcon.colcon_core.package_identification:_identify(src/robot_bringup) by extensions ['colcon_pkg']
[0.168s] Level 1:colcon.colcon_core.package_identification:_identify(src/robot_bringup) by extension 'colcon_pkg'
[0.168s] Level 1:colcon.colcon_core.package_identification:_identify(src/robot_bringup) by extensions ['colcon_meta']
[0.168s] Level 1:colcon.colcon_core.package_identification:_identify(src/robot_bringup) by extension 'colcon_meta'
[0.168s] Level 1:colcon.colcon_core.package_identification:_identify(src/robot_bringup) by extensions ['ros']
[0.168s] Level 1:colcon.colcon_core.package_identification:_identify(src/robot_bringup) by extension 'ros'
[0.168s] DEBUG:colcon.colcon_core.package_identification:Package 'src/robot_bringup' with type 'ros.ament_cmake' and name 'robot_bringup'
[0.168s] Level 1:colcon.colcon_core.package_discovery:discover_packages(recursive) using defaults
[0.169s] Level 1:colcon.colcon_core.package_discovery:discover_packages(ignore) discover
[0.169s] Level 1:colcon.colcon_core.package_discovery:discover_packages(ignore) using defaults
[0.169s] Level 1:colcon.colcon_core.package_discovery:discover_packages(path) discover
[0.169s] Level 1:colcon.colcon_core.package_discovery:discover_packages(path) using defaults
[0.184s] INFO:colcon.colcon_core.package_selection:Skipping not selected package 'practica1' in 'src/practica1'
[0.184s] INFO:colcon.colcon_core.package_selection:Skipping not selected package 'robot_bringup' in 'src/robot_bringup'
[0.184s] Level 5:colcon.colcon_core.verb:set package 'down_camera_bot' build argument 'cmake_args' from command line to 'None'
[0.184s] Level 5:colcon.colcon_core.verb:set package 'down_camera_bot' build argument 'cmake_target' from command line to 'None'
[0.184s] Level 5:colcon.colcon_core.verb:set package 'down_camera_bot' build argument 'cmake_target_skip_unavailable' from command line to 'False'
[0.184s] Level 5:colcon.colcon_core.verb:set package 'down_camera_bot' build argument 'cmake_clean_cache' from command line to 'False'
[0.184s] Level 5:colcon.colcon_core.verb:set package 'down_camera_bot' build argument 'cmake_clean_first' from command line to 'False'
[0.184s] Level 5:colcon.colcon_core.verb:set package 'down_camera_bot' build argument 'cmake_force_configure' from command line to 'False'
[0.184s] Level 5:colcon.colcon_core.verb:set package 'down_camera_bot' build argument 'ament_cmake_args' from command line to 'None'
[0.184s] Level 5:colcon.colcon_core.verb:set package 'down_camera_bot' build argument 'catkin_cmake_args' from command line to 'None'
[0.184s] Level 5:colcon.colcon_core.verb:set package 'down_camera_bot' build argument 'catkin_skip_building_tests' from command line to 'False'
[0.184s] DEBUG:colcon.colcon_core.verb:Building package 'down_camera_bot' with the following arguments: {'ament_cmake_args': None, 'build_base': '/ros2_ws_multirobots/build/down_camera_bot', 'catkin_cmake_args': None, 'catkin_skip_building_tests': False, 'cmake_args': None, 'cmake_clean_cache': False, 'cmake_clean_first': False, 'cmake_force_configure': False, 'cmake_target': None, 'cmake_target_skip_unavailable': False, 'install_base': '/ros2_ws_multirobots/install/down_camera_bot', 'merge_install': False, 'path': '/ros2_ws_multirobots/src/down_camera_bot', 'symlink_install': False, 'test_result_base': None}
[0.184s] INFO:colcon.colcon_core.executor:Executing jobs using 'parallel' executor
[0.185s] DEBUG:colcon.colcon_parallel_executor.executor.parallel:run_until_complete
[0.185s] INFO:colcon.colcon_ros.task.ament_cmake.build:Building ROS package in '/ros2_ws_multirobots/src/down_camera_bot' with build type 'ament_cmake'
[0.185s] INFO:colcon.colcon_cmake.task.cmake.build:Building CMake package in '/ros2_ws_multirobots/src/down_camera_bot'
[0.187s] INFO:colcon.colcon_core.plugin_system:Skipping extension 'colcon_core.shell.bat': Not used on non-Windows systems
[0.187s] INFO:colcon.colcon_core.shell:Skip shell extension 'powershell' for command environment: Not usable outside of PowerShell
[0.187s] DEBUG:colcon.colcon_core.shell:Skip shell extension 'dsv' for command environment
[0.203s] DEBUG:colcon.colcon_core.event_handler.log_command:Invoking command in '/ros2_ws_multirobots/build/down_camera_bot': CMAKE_PREFIX_PATH=${CMAKE_PREFIX_PATH}:/opt/ros/jazzy /usr/bin/cmake /ros2_ws_multirobots/src/down_camera_bot -DCMAKE_INSTALL_PREFIX=/ros2_ws_multirobots/install/down_camera_bot
[0.899s] DEBUG:colcon.colcon_core.event_handler.log_command:Invoked command in '/ros2_ws_multirobots/build/down_camera_bot' returned '0': CMAKE_PREFIX_PATH=${CMAKE_PREFIX_PATH}:/opt/ros/jazzy /usr/bin/cmake /ros2_ws_multirobots/src/down_camera_bot -DCMAKE_INSTALL_PREFIX=/ros2_ws_multirobots/install/down_camera_bot
[0.900s] DEBUG:colcon.colcon_core.event_handler.log_command:Invoking command in '/ros2_ws_multirobots/build/down_camera_bot': CMAKE_PREFIX_PATH=${CMAKE_PREFIX_PATH}:/opt/ros/jazzy /usr/bin/cmake --build /ros2_ws_multirobots/build/down_camera_bot -- -j16 -l16
[0.955s] DEBUG:colcon.colcon_core.event_handler.log_command:Invoked command in '/ros2_ws_multirobots/build/down_camera_bot' returned '0': CMAKE_PREFIX_PATH=${CMAKE_PREFIX_PATH}:/opt/ros/jazzy /usr/bin/cmake --build /ros2_ws_multirobots/build/down_camera_bot -- -j16 -l16
[0.969s] DEBUG:colcon.colcon_core.event_handler.log_command:Invoking command in '/ros2_ws_multirobots/build/down_camera_bot': CMAKE_PREFIX_PATH=${CMAKE_PREFIX_PATH}:/opt/ros/jazzy /usr/bin/cmake --install /ros2_ws_multirobots/build/down_camera_bot
[1.009s] Level 1:colcon.colcon_core.environment:create_environment_scripts_only(down_camera_bot)
[1.010s] DEBUG:colcon.colcon_core.event_handler.log_command:Invoked command in '/ros2_ws_multirobots/build/down_camera_bot' returned '0': CMAKE_PREFIX_PATH=${CMAKE_PREFIX_PATH}:/opt/ros/jazzy /usr/bin/cmake --install /ros2_ws_multirobots/build/down_camera_bot
[1.016s] Level 1:colcon.colcon_core.environment:checking '/ros2_ws_multirobots/install/down_camera_bot' for CMake module files
[1.017s] Level 1:colcon.colcon_core.environment:checking '/ros2_ws_multirobots/install/down_camera_bot' for CMake config files
[1.018s] Level 1:colcon.colcon_core.shell:create_environment_hook('down_camera_bot', 'cmake_prefix_path')
[1.019s] INFO:colcon.colcon_core.shell:Creating environment hook '/ros2_ws_multirobots/install/down_camera_bot/share/down_camera_bot/hook/cmake_prefix_path.ps1'
[1.020s] INFO:colcon.colcon_core.shell:Creating environment descriptor '/ros2_ws_multirobots/install/down_camera_bot/share/down_camera_bot/hook/cmake_prefix_path.dsv'
[1.021s] INFO:colcon.colcon_core.shell:Creating environment hook '/ros2_ws_multirobots/install/down_camera_bot/share/down_camera_bot/hook/cmake_prefix_path.sh'
[1.023s] Level 1:colcon.colcon_core.environment:checking '/ros2_ws_multirobots/install/down_camera_bot/bin'
[1.023s] Level 1:colcon.colcon_core.environment:checking '/ros2_ws_multirobots/install/down_camera_bot/lib/pkgconfig/down_camera_bot.pc'
[1.028s] Level 1:colcon.colcon_core.environment:checking '/ros2_ws_multirobots/install/down_camera_bot/lib/python3.12/site-packages'
[1.029s] Level 1:colcon.colcon_core.environment:checking '/ros2_ws_multirobots/install/down_camera_bot/bin'
[1.029s] INFO:colcon.colcon_core.shell:Creating package script '/ros2_ws_multirobots/install/down_camera_bot/share/down_camera_bot/package.ps1'
[1.031s] INFO:colcon.colcon_core.shell:Creating package descriptor '/ros2_ws_multirobots/install/down_camera_bot/share/down_camera_bot/package.dsv'
[1.032s] INFO:colcon.colcon_core.shell:Creating package script '/ros2_ws_multirobots/install/down_camera_bot/share/down_camera_bot/package.sh'
[1.034s] INFO:colcon.colcon_core.shell:Creating package script '/ros2_ws_multirobots/install/down_camera_bot/share/down_camera_bot/package.bash'
[1.036s] INFO:colcon.colcon_core.shell:Creating package script '/ros2_ws_multirobots/install/down_camera_bot/share/down_camera_bot/package.zsh'
[1.037s] Level 1:colcon.colcon_core.environment:create_file_with_runtime_dependencies(/ros2_ws_multirobots/install/down_camera_bot/share/colcon-core/packages/down_camera_bot)
[1.038s] Level 1:colcon.colcon_core.environment:create_environment_scripts_only(down_camera_bot)
[1.039s] Level 1:colcon.colcon_core.environment:checking '/ros2_ws_multirobots/install/down_camera_bot' for CMake module files
[1.040s] Level 1:colcon.colcon_core.environment:checking '/ros2_ws_multirobots/install/down_camera_bot' for CMake config files
[1.041s] Level 1:colcon.colcon_core.shell:create_environment_hook('down_camera_bot', 'cmake_prefix_path')
[1.041s] INFO:colcon.colcon_core.shell:Creating environment hook '/ros2_ws_multirobots/install/down_camera_bot/share/down_camera_bot/hook/cmake_prefix_path.ps1'
[1.042s] INFO:colcon.colcon_core.shell:Creating environment descriptor '/ros2_ws_multirobots/install/down_camera_bot/share/down_camera_bot/hook/cmake_prefix_path.dsv'
[1.043s] INFO:colcon.colcon_core.shell:Creating environment hook '/ros2_ws_multirobots/install/down_camera_bot/share/down_camera_bot/hook/cmake_prefix_path.sh'
[1.045s] Level 1:colcon.colcon_core.environment:checking '/ros2_ws_multirobots/install/down_camera_bot/bin'
[1.045s] Level 1:colcon.colcon_core.environment:checking '/ros2_ws_multirobots/install/down_camera_bot/lib/pkgconfig/down_camera_bot.pc'
[1.046s] Level 1:colcon.colcon_core.environment:checking '/ros2_ws_multirobots/install/down_camera_bot/lib/python3.12/site-packages'
[1.047s] Level 1:colcon.colcon_core.environment:checking '/ros2_ws_multirobots/install/down_camera_bot/bin'
[1.047s] INFO:colcon.colcon_core.shell:Creating package script '/ros2_ws_multirobots/install/down_camera_bot/share/down_camera_bot/package.ps1'
[1.049s] INFO:colcon.colcon_core.shell:Creating package descriptor '/ros2_ws_multirobots/install/down_camera_bot/share/down_camera_bot/package.dsv'
[1.050s] INFO:colcon.colcon_core.shell:Creating package script '/ros2_ws_multirobots/install/down_camera_bot/share/down_camera_bot/package.sh'
[1.051s] INFO:colcon.colcon_core.shell:Creating package script '/ros2_ws_multirobots/install/down_camera_bot/share/down_camera_bot/package.bash'
[1.052s] INFO:colcon.colcon_core.shell:Creating package script '/ros2_ws_multirobots/install/down_camera_bot/share/down_camera_bot/package.zsh'
[1.053s] Level 1:colcon.colcon_core.environment:create_file_with_runtime_dependencies(/ros2_ws_multirobots/install/down_camera_bot/share/colcon-core/packages/down_camera_bot)
[1.054s] DEBUG:colcon.colcon_parallel_executor.executor.parallel:closing loop
[1.055s] DEBUG:colcon.colcon_parallel_executor.executor.parallel:loop closed
[1.055s] DEBUG:colcon.colcon_parallel_executor.executor.parallel:run_until_complete finished with '0'
[1.055s] DEBUG:colcon.colcon_core.event_reactor:joining thread
[1.072s] INFO:colcon.colcon_core.plugin_system:Skipping extension 'colcon_notification.desktop_notification.notify_send': Could not find 'notify-send'
[1.073s] INFO:colcon.colcon_core.plugin_system:Skipping extension 'colcon_notification.desktop_notification.terminal_notifier': Not used on non-Darwin systems
[1.073s] INFO:colcon.colcon_core.plugin_system:Skipping extension 'colcon_notification.desktop_notification.win32': Not used on non-Windows systems
[1.073s] INFO:colcon.colcon_notification.desktop_notification:Sending desktop notification using 'notify2'
[1.080s] DEBUG:colcon.colcon_notification.desktop_notification.notify2:Failed to initialize notify2: org.freedesktop.DBus.Error.Spawn.ExecFailed: /usr/bin/dbus-launch terminated abnormally without any error message
[1.081s] DEBUG:colcon.colcon_core.event_reactor:joined thread
[1.082s] INFO:colcon.colcon_core.shell:Creating prefix script '/ros2_ws_multirobots/install/local_setup.ps1'
[1.084s] INFO:colcon.colcon_core.shell:Creating prefix util module '/ros2_ws_multirobots/install/_local_setup_util_ps1.py'
[1.087s] INFO:colcon.colcon_core.shell:Creating prefix chain script '/ros2_ws_multirobots/install/setup.ps1'
[1.090s] INFO:colcon.colcon_core.shell:Creating prefix script '/ros2_ws_multirobots/install/local_setup.sh'
[1.092s] INFO:colcon.colcon_core.shell:Creating prefix util module '/ros2_ws_multirobots/install/_local_setup_util_sh.py'
[1.093s] INFO:colcon.colcon_core.shell:Creating prefix chain script '/ros2_ws_multirobots/install/setup.sh'
[1.096s] INFO:colcon.colcon_core.shell:Creating prefix script '/ros2_ws_multirobots/install/local_setup.bash'
[1.097s] INFO:colcon.colcon_core.shell:Creating prefix chain script '/ros2_ws_multirobots/install/setup.bash'
[1.100s] INFO:colcon.colcon_core.shell:Creating prefix script '/ros2_ws_multirobots/install/local_setup.zsh'
[1.102s] INFO:colcon.colcon_core.shell:Creating prefix chain script '/ros2_ws_multirobots/install/setup.zsh'
