[0.154s] DEBUG:colcon:Command line arguments: ['/usr/bin/colcon', 'build']
[0.154s] DEBUG:colcon:Parsed command line arguments: Namespace(log_base=None, log_level=None, verb_name='build', build_base='build', install_base='install', merge_install=False, symlink_install=False, test_result_base=None, continue_on_error=False, executor='parallel', parallel_workers=16, event_handlers=None, ignore_user_meta=False, metas=['./colcon.meta'], base_paths=['.'], packages_ignore=None, packages_ignore_regex=None, paths=None, packages_up_to=None, packages_up_to_regex=None, packages_above=None, packages_above_and_dependencies=None, packages_above_depth=None, packages_select_by_dep=None, packages_skip_by_dep=None, packages_skip_up_to=None, packages_select_build_failed=False, packages_skip_build_finished=False, packages_select_test_failures=False, packages_skip_test_passed=False, packages_select=None, packages_skip=None, packages_select_regex=None, packages_skip_regex=None, packages_start=None, packages_end=None, cmake_args=None, cmake_target=None, cmake_target_skip_unavailable=False, cmake_clean_cache=False, cmake_clean_first=False, cmake_force_configure=False, ament_cmake_args=None, catkin_cmake_args=None, catkin_skip_building_tests=False, mixin_files=None, mixin=None, verb_parser=<colcon_mixin.mixin.mixin_argument.MixinArgumentDecorator object at 0x7dc31da43d70>, verb_extension=<colcon_core.verb.build.BuildVerb object at 0x7dc31dbc4560>, main=<bound method BuildVerb.main of <colcon_core.verb.build.BuildVerb object at 0x7dc31dbc4560>>, mixin_verb=('build',))
[0.214s] Level 1:colcon.colcon_core.package_discovery:discover_packages(colcon_meta) check parameters
[0.215s] INFO:colcon.colcon_metadata.package_discovery.colcon_meta:Using configuration from '/root/.colcon/metadata/default/Gazebo.meta'
[0.216s] INFO:colcon.colcon_metadata.package_discovery.colcon_meta:Using configuration from '/root/.colcon/metadata/default/fastdds.meta'
[0.216s] INFO:colcon.colcon_metadata.package_discovery.colcon_meta:Using configuration from '/root/.colcon/metadata/default/fastrtps.meta'
[0.216s] Level 1:colcon.colcon_core.package_discovery:discover_packages(recursive) check parameters
[0.216s] Level 1:colcon.colcon_core.package_discovery:discover_packages(ignore) check parameters
[0.216s] Level 1:colcon.colcon_core.package_discovery:discover_packages(path) check parameters
[0.216s] Level 1:colcon.colcon_core.package_discovery:discover_packages(colcon_meta) discover
[0.216s] Level 1:colcon.colcon_core.package_discovery:discover_packages(recursive) discover
[0.216s] INFO:colcon.colcon_core.package_discovery:Crawling recursively for packages in '/ros2_ws_multirobots'
[0.217s] Level 1:colcon.colcon_core.package_identification:_identify(.) by extensions ['ignore', 'ignore_ament_install']
[0.217s] Level 1:colcon.colcon_core.package_identification:_identify(.) by extension 'ignore'
[0.217s] Level 1:colcon.colcon_core.package_identification:_identify(.) by extension 'ignore_ament_install'
[0.217s] Level 1:colcon.colcon_core.package_identification:_identify(.) by extensions ['colcon_pkg']
[0.217s] Level 1:colcon.colcon_core.package_identification:_identify(.) by extension 'colcon_pkg'
[0.217s] Level 1:colcon.colcon_core.package_identification:_identify(.) by extensions ['colcon_meta']
[0.217s] Level 1:colcon.colcon_core.package_identification:_identify(.) by extension 'colcon_meta'
[0.217s] Level 1:colcon.colcon_core.package_identification:_identify(.) by extensions ['ros']
[0.217s] Level 1:colcon.colcon_core.package_identification:_identify(.) by extension 'ros'
[0.280s] Level 1:colcon.colcon_core.package_identification:_identify(.) by extensions ['cmake', 'python']
[0.280s] Level 1:colcon.colcon_core.package_identification:_identify(.) by extension 'cmake'
[0.280s] Level 1:colcon.colcon_core.package_identification:_identify(.) by extension 'python'
[0.280s] Level 1:colcon.colcon_core.package_identification:_identify(.) by extensions ['python_setup_py']
[0.280s] Level 1:colcon.colcon_core.package_identification:_identify(.) by extension 'python_setup_py'
[0.280s] Level 1:colcon.colcon_core.package_identification:_identify(build) by extensions ['ignore', 'ignore_ament_install']
[0.280s] Level 1:colcon.colcon_core.package_identification:_identify(build) by extension 'ignore'
[0.280s] Level 1:colcon.colcon_core.package_identification:_identify(build) ignored
[0.280s] Level 1:colcon.colcon_core.package_identification:_identify(install) by extensions ['ignore', 'ignore_ament_install']
[0.280s] Level 1:colcon.colcon_core.package_identification:_identify(install) by extension 'ignore'
[0.280s] Level 1:colcon.colcon_core.package_identification:_identify(install) ignored
[0.280s] Level 1:colcon.colcon_core.package_identification:_identify(log) by extensions ['ignore', 'ignore_ament_install']
[0.281s] Level 1:colcon.colcon_core.package_identification:_identify(log) by extension 'ignore'
[0.281s] Level 1:colcon.colcon_core.package_identification:_identify(log) ignored
[0.281s] Level 1:colcon.colcon_core.package_identification:_identify(src) by extensions ['ignore', 'ignore_ament_install']
[0.281s] Level 1:colcon.colcon_core.package_identification:_identify(src) by extension 'ignore'
[0.281s] Level 1:colcon.colcon_core.package_identification:_identify(src) by extension 'ignore_ament_install'
[0.281s] Level 1:colcon.colcon_core.package_identification:_identify(src) by extensions ['colcon_pkg']
[0.281s] Level 1:colcon.colcon_core.package_identification:_identify(src) by extension 'colcon_pkg'
[0.281s] Level 1:colcon.colcon_core.package_identification:_identify(src) by extensions ['colcon_meta']
[0.281s] Level 1:colcon.colcon_core.package_identification:_identify(src) by extension 'colcon_meta'
[0.281s] Level 1:colcon.colcon_core.package_identification:_identify(src) by extensions ['ros']
[0.281s] Level 1:colcon.colcon_core.package_identification:_identify(src) by extension 'ros'
[0.281s] Level 1:colcon.colcon_core.package_identification:_identify(src) by extensions ['cmake', 'python']
[0.281s] Level 1:colcon.colcon_core.package_identification:_identify(src) by extension 'cmake'
[0.281s] Level 1:colcon.colcon_core.package_identification:_identify(src) by extension 'python'
[0.281s] Level 1:colcon.colcon_core.package_identification:_identify(src) by extensions ['python_setup_py']
[0.281s] Level 1:colcon.colcon_core.package_identification:_identify(src) by extension 'python_setup_py'
[0.281s] Level 1:colcon.colcon_core.package_identification:_identify(src/practica1) by extensions ['ignore', 'ignore_ament_install']
[0.281s] Level 1:colcon.colcon_core.package_identification:_identify(src/practica1) by extension 'ignore'
[0.281s] Level 1:colcon.colcon_core.package_identification:_identify(src/practica1) by extension 'ignore_ament_install'
[0.281s] Level 1:colcon.colcon_core.package_identification:_identify(src/practica1) by extensions ['colcon_pkg']
[0.281s] Level 1:colcon.colcon_core.package_identification:_identify(src/practica1) by extension 'colcon_pkg'
[0.282s] Level 1:colcon.colcon_core.package_identification:_identify(src/practica1) by extensions ['colcon_meta']
[0.282s] Level 1:colcon.colcon_core.package_identification:_identify(src/practica1) by extension 'colcon_meta'
[0.282s] Level 1:colcon.colcon_core.package_identification:_identify(src/practica1) by extensions ['ros']
[0.282s] Level 1:colcon.colcon_core.package_identification:_identify(src/practica1) by extension 'ros'
[0.285s] DEBUG:colcon.colcon_core.package_identification:Package 'src/practica1' with type 'ros.ament_cmake' and name 'practica1'
[0.285s] Level 1:colcon.colcon_core.package_discovery:discover_packages(recursive) using defaults
[0.285s] Level 1:colcon.colcon_core.package_discovery:discover_packages(ignore) discover
[0.286s] Level 1:colcon.colcon_core.package_discovery:discover_packages(ignore) using defaults
[0.286s] Level 1:colcon.colcon_core.package_discovery:discover_packages(path) discover
[0.286s] Level 1:colcon.colcon_core.package_discovery:discover_packages(path) using defaults
[0.307s] Level 5:colcon.colcon_core.verb:set package 'practica1' build argument 'cmake_args' from command line to 'None'
[0.307s] Level 5:colcon.colcon_core.verb:set package 'practica1' build argument 'cmake_target' from command line to 'None'
[0.307s] Level 5:colcon.colcon_core.verb:set package 'practica1' build argument 'cmake_target_skip_unavailable' from command line to 'False'
[0.307s] Level 5:colcon.colcon_core.verb:set package 'practica1' build argument 'cmake_clean_cache' from command line to 'False'
[0.307s] Level 5:colcon.colcon_core.verb:set package 'practica1' build argument 'cmake_clean_first' from command line to 'False'
[0.307s] Level 5:colcon.colcon_core.verb:set package 'practica1' build argument 'cmake_force_configure' from command line to 'False'
[0.307s] Level 5:colcon.colcon_core.verb:set package 'practica1' build argument 'ament_cmake_args' from command line to 'None'
[0.307s] Level 5:colcon.colcon_core.verb:set package 'practica1' build argument 'catkin_cmake_args' from command line to 'None'
[0.307s] Level 5:colcon.colcon_core.verb:set package 'practica1' build argument 'catkin_skip_building_tests' from command line to 'False'
[0.308s] DEBUG:colcon.colcon_core.verb:Building package 'practica1' with the following arguments: {'ament_cmake_args': None, 'build_base': '/ros2_ws_multirobots/build/practica1', 'catkin_cmake_args': None, 'catkin_skip_building_tests': False, 'cmake_args': None, 'cmake_clean_cache': False, 'cmake_clean_first': False, 'cmake_force_configure': False, 'cmake_target': None, 'cmake_target_skip_unavailable': False, 'install_base': '/ros2_ws_multirobots/install/practica1', 'merge_install': False, 'path': '/ros2_ws_multirobots/src/practica1', 'symlink_install': False, 'test_result_base': None}
[0.308s] INFO:colcon.colcon_core.executor:Executing jobs using 'parallel' executor
[0.309s] DEBUG:colcon.colcon_parallel_executor.executor.parallel:run_until_complete
[0.309s] INFO:colcon.colcon_ros.task.ament_cmake.build:Building ROS package in '/ros2_ws_multirobots/src/practica1' with build type 'ament_cmake'
[0.309s] INFO:colcon.colcon_cmake.task.cmake.build:Building CMake package in '/ros2_ws_multirobots/src/practica1'
[0.313s] INFO:colcon.colcon_core.plugin_system:Skipping extension 'colcon_core.shell.bat': Not used on non-Windows systems
[0.314s] INFO:colcon.colcon_core.shell:Skip shell extension 'powershell' for command environment: Not usable outside of PowerShell
[0.314s] DEBUG:colcon.colcon_core.shell:Skip shell extension 'dsv' for command environment
[0.328s] DEBUG:colcon.colcon_core.event_handler.log_command:Invoking command in '/ros2_ws_multirobots/build/practica1': CMAKE_PREFIX_PATH=${CMAKE_PREFIX_PATH}:/opt/ros/jazzy /usr/bin/cmake --build /ros2_ws_multirobots/build/practica1 -- -j16 -l16
[0.456s] DEBUG:colcon.colcon_core.event_handler.log_command:Invoked command in '/ros2_ws_multirobots/build/practica1' returned '0': CMAKE_PREFIX_PATH=${CMAKE_PREFIX_PATH}:/opt/ros/jazzy /usr/bin/cmake --build /ros2_ws_multirobots/build/practica1 -- -j16 -l16
[0.482s] DEBUG:colcon.colcon_core.event_handler.log_command:Invoking command in '/ros2_ws_multirobots/build/practica1': CMAKE_PREFIX_PATH=${CMAKE_PREFIX_PATH}:/opt/ros/jazzy /usr/bin/cmake --install /ros2_ws_multirobots/build/practica1
[0.507s] Level 1:colcon.colcon_core.environment:create_environment_scripts_only(practica1)
[0.508s] DEBUG:colcon.colcon_core.event_handler.log_command:Invoked command in '/ros2_ws_multirobots/build/practica1' returned '0': CMAKE_PREFIX_PATH=${CMAKE_PREFIX_PATH}:/opt/ros/jazzy /usr/bin/cmake --install /ros2_ws_multirobots/build/practica1
[0.517s] Level 1:colcon.colcon_core.environment:checking '/ros2_ws_multirobots/install/practica1' for CMake module files
[0.518s] Level 1:colcon.colcon_core.environment:checking '/ros2_ws_multirobots/install/practica1' for CMake config files
[0.518s] Level 1:colcon.colcon_core.shell:create_environment_hook('practica1', 'cmake_prefix_path')
[0.518s] INFO:colcon.colcon_core.shell:Creating environment hook '/ros2_ws_multirobots/install/practica1/share/practica1/hook/cmake_prefix_path.ps1'
[0.519s] INFO:colcon.colcon_core.shell:Creating environment descriptor '/ros2_ws_multirobots/install/practica1/share/practica1/hook/cmake_prefix_path.dsv'
[0.521s] INFO:colcon.colcon_core.shell:Creating environment hook '/ros2_ws_multirobots/install/practica1/share/practica1/hook/cmake_prefix_path.sh'
[0.523s] Level 1:colcon.colcon_core.environment:checking '/ros2_ws_multirobots/install/practica1/bin'
[0.523s] Level 1:colcon.colcon_core.environment:checking '/ros2_ws_multirobots/install/practica1/lib/pkgconfig/practica1.pc'
[0.527s] Level 1:colcon.colcon_core.environment:checking '/ros2_ws_multirobots/install/practica1/lib/python3.12/site-packages'
[0.528s] Level 1:colcon.colcon_core.environment:checking '/ros2_ws_multirobots/install/practica1/bin'
[0.529s] INFO:colcon.colcon_core.shell:Creating package script '/ros2_ws_multirobots/install/practica1/share/practica1/package.ps1'
[0.531s] INFO:colcon.colcon_core.shell:Creating package descriptor '/ros2_ws_multirobots/install/practica1/share/practica1/package.dsv'
[0.532s] INFO:colcon.colcon_core.shell:Creating package script '/ros2_ws_multirobots/install/practica1/share/practica1/package.sh'
[0.534s] INFO:colcon.colcon_core.shell:Creating package script '/ros2_ws_multirobots/install/practica1/share/practica1/package.bash'
[0.536s] INFO:colcon.colcon_core.shell:Creating package script '/ros2_ws_multirobots/install/practica1/share/practica1/package.zsh'
[0.538s] Level 1:colcon.colcon_core.environment:create_file_with_runtime_dependencies(/ros2_ws_multirobots/install/practica1/share/colcon-core/packages/practica1)
[0.540s] Level 1:colcon.colcon_core.environment:create_environment_scripts_only(practica1)
[0.540s] Level 1:colcon.colcon_core.environment:checking '/ros2_ws_multirobots/install/practica1' for CMake module files
[0.541s] Level 1:colcon.colcon_core.environment:checking '/ros2_ws_multirobots/install/practica1' for CMake config files
[0.542s] Level 1:colcon.colcon_core.shell:create_environment_hook('practica1', 'cmake_prefix_path')
[0.542s] INFO:colcon.colcon_core.shell:Creating environment hook '/ros2_ws_multirobots/install/practica1/share/practica1/hook/cmake_prefix_path.ps1'
[0.543s] INFO:colcon.colcon_core.shell:Creating environment descriptor '/ros2_ws_multirobots/install/practica1/share/practica1/hook/cmake_prefix_path.dsv'
[0.544s] INFO:colcon.colcon_core.shell:Creating environment hook '/ros2_ws_multirobots/install/practica1/share/practica1/hook/cmake_prefix_path.sh'
[0.545s] Level 1:colcon.colcon_core.environment:checking '/ros2_ws_multirobots/install/practica1/bin'
[0.545s] Level 1:colcon.colcon_core.environment:checking '/ros2_ws_multirobots/install/practica1/lib/pkgconfig/practica1.pc'
[0.546s] Level 1:colcon.colcon_core.environment:checking '/ros2_ws_multirobots/install/practica1/lib/python3.12/site-packages'
[0.547s] Level 1:colcon.colcon_core.environment:checking '/ros2_ws_multirobots/install/practica1/bin'
[0.547s] INFO:colcon.colcon_core.shell:Creating package script '/ros2_ws_multirobots/install/practica1/share/practica1/package.ps1'
[0.548s] INFO:colcon.colcon_core.shell:Creating package descriptor '/ros2_ws_multirobots/install/practica1/share/practica1/package.dsv'
[0.549s] INFO:colcon.colcon_core.shell:Creating package script '/ros2_ws_multirobots/install/practica1/share/practica1/package.sh'
[0.550s] INFO:colcon.colcon_core.shell:Creating package script '/ros2_ws_multirobots/install/practica1/share/practica1/package.bash'
[0.551s] INFO:colcon.colcon_core.shell:Creating package script '/ros2_ws_multirobots/install/practica1/share/practica1/package.zsh'
[0.552s] Level 1:colcon.colcon_core.environment:create_file_with_runtime_dependencies(/ros2_ws_multirobots/install/practica1/share/colcon-core/packages/practica1)
[0.553s] DEBUG:colcon.colcon_parallel_executor.executor.parallel:closing loop
[0.554s] DEBUG:colcon.colcon_parallel_executor.executor.parallel:loop closed
[0.554s] DEBUG:colcon.colcon_parallel_executor.executor.parallel:run_until_complete finished with '0'
[0.554s] DEBUG:colcon.colcon_core.event_reactor:joining thread
[0.581s] INFO:colcon.colcon_core.plugin_system:Skipping extension 'colcon_notification.desktop_notification.notify_send': Could not find 'notify-send'
[0.581s] INFO:colcon.colcon_core.plugin_system:Skipping extension 'colcon_notification.desktop_notification.terminal_notifier': Not used on non-Darwin systems
[0.582s] INFO:colcon.colcon_core.plugin_system:Skipping extension 'colcon_notification.desktop_notification.win32': Not used on non-Windows systems
[0.582s] INFO:colcon.colcon_notification.desktop_notification:Sending desktop notification using 'notify2'
[0.589s] DEBUG:colcon.colcon_notification.desktop_notification.notify2:Failed to initialize notify2: org.freedesktop.DBus.Error.Spawn.ExecFailed: /usr/bin/dbus-launch terminated abnormally without any error message
[0.589s] DEBUG:colcon.colcon_core.event_reactor:joined thread
[0.590s] INFO:colcon.colcon_core.shell:Creating prefix script '/ros2_ws_multirobots/install/local_setup.ps1'
[0.593s] INFO:colcon.colcon_core.shell:Creating prefix util module '/ros2_ws_multirobots/install/_local_setup_util_ps1.py'
[0.596s] INFO:colcon.colcon_core.shell:Creating prefix chain script '/ros2_ws_multirobots/install/setup.ps1'
[0.599s] INFO:colcon.colcon_core.shell:Creating prefix script '/ros2_ws_multirobots/install/local_setup.sh'
[0.601s] INFO:colcon.colcon_core.shell:Creating prefix util module '/ros2_ws_multirobots/install/_local_setup_util_sh.py'
[0.602s] INFO:colcon.colcon_core.shell:Creating prefix chain script '/ros2_ws_multirobots/install/setup.sh'
[0.605s] INFO:colcon.colcon_core.shell:Creating prefix script '/ros2_ws_multirobots/install/local_setup.bash'
[0.606s] INFO:colcon.colcon_core.shell:Creating prefix chain script '/ros2_ws_multirobots/install/setup.bash'
[0.609s] INFO:colcon.colcon_core.shell:Creating prefix script '/ros2_ws_multirobots/install/local_setup.zsh'
[0.610s] INFO:colcon.colcon_core.shell:Creating prefix chain script '/ros2_ws_multirobots/install/setup.zsh'
