-- Install configuration: ""
-- Up-to-date: /ros2_ws_multirobots/install/robot_bringup/share/robot_bringup/launch
-- Up-to-date: /ros2_ws_multirobots/install/robot_bringup/share/robot_bringup/launch/robot_bringup.launch.py
-- Up-to-date: /ros2_ws_multirobots/install/robot_bringup/share/robot_bringup/world
-- Installing: /ros2_ws_multirobots/install/robot_bringup/share/robot_bringup/world/my_world.sdf
-- Up-to-date: /ros2_ws_multirobots/install/robot_bringup/share/robot_bringup/config
-- Installing: /ros2_ws_multirobots/install/robot_bringup/share/robot_bringup/config/bridge_config.yaml
-- Up-to-date: /ros2_ws_multirobots/install/robot_bringup/share/ament_index/resource_index/package_run_dependencies/robot_bringup
-- Up-to-date: /ros2_ws_multirobots/install/robot_bringup/share/ament_index/resource_index/parent_prefix_path/robot_bringup
-- Up-to-date: /ros2_ws_multirobots/install/robot_bringup/share/robot_bringup/environment/ament_prefix_path.sh
-- Up-to-date: /ros2_ws_multirobots/install/robot_bringup/share/robot_bringup/environment/ament_prefix_path.dsv
-- Up-to-date: /ros2_ws_multirobots/install/robot_bringup/share/robot_bringup/environment/path.sh
-- Up-to-date: /ros2_ws_multirobots/install/robot_bringup/share/robot_bringup/environment/path.dsv
-- Up-to-date: /ros2_ws_multirobots/install/robot_bringup/share/robot_bringup/local_setup.bash
-- Up-to-date: /ros2_ws_multirobots/install/robot_bringup/share/robot_bringup/local_setup.sh
-- Up-to-date: /ros2_ws_multirobots/install/robot_bringup/share/robot_bringup/local_setup.zsh
-- Up-to-date: /ros2_ws_multirobots/install/robot_bringup/share/robot_bringup/local_setup.dsv
-- Up-to-date: /ros2_ws_multirobots/install/robot_bringup/share/robot_bringup/package.dsv
-- Up-to-date: /ros2_ws_multirobots/install/robot_bringup/share/ament_index/resource_index/packages/robot_bringup
-- Up-to-date: /ros2_ws_multirobots/install/robot_bringup/share/robot_bringup/cmake/robot_bringupConfig.cmake
-- Up-to-date: /ros2_ws_multirobots/install/robot_bringup/share/robot_bringup/cmake/robot_bringupConfig-version.cmake
-- Up-to-date: /ros2_ws_multirobots/install/robot_bringup/share/robot_bringup/package.xml
