[0.010s] Invoking command in '/ros2_ws_multirobots/build/practica1': /usr/bin/cmake /ros2_ws_multirobots/src/practica1 -DAMENT_CMAKE_SYMLINK_INSTALL=1 -DCMAKE_INSTALL_PREFIX=/ros2_ws_multirobots/install/practica1
[0.040s] -- Found ament_cmake: 2.5.4 (/opt/ros/jazzy/share/ament_cmake/cmake)
[0.200s] Traceback (most recent call last):
[0.200s]   File "/opt/ros/jazzy/share/ament_cmake_core/cmake/package_templates/templates_2_cmake.py", line 21, in <module>
[0.200s]     from ament_package.templates import get_environment_hook_template_path
[0.200s] ModuleNotFoundError: No module named 'ament_package'
[0.205s] [31mCMake Error at /opt/ros/jazzy/share/ament_cmake_core/cmake/ament_cmake_package_templates-extras.cmake:41 (message):
[0.205s]   execute_process(/usr/bin/python3
[0.205s]   /opt/ros/jazzy/share/ament_cmake_core/cmake/package_templates/templates_2_cmake.py
[0.205s]   /ros2_ws_multirobots/build/practica1/ament_cmake_package_templates/templates.cmake)
[0.205s]   returned error code 1
[0.206s] Call Stack (most recent call first):
[0.206s]   /opt/ros/jazzy/share/ament_cmake_core/cmake/ament_cmake_coreConfig.cmake:41 (include)
[0.206s]   /opt/ros/jazzy/share/ament_cmake/cmake/ament_cmake_export_dependencies-extras.cmake:15 (find_package)
[0.206s]   /opt/ros/jazzy/share/ament_cmake/cmake/ament_cmakeConfig.cmake:41 (include)
[0.207s]   CMakeLists.txt:9 (find_package)
[0.207s] 
[0.207s] [0m
[0.207s] -- Configuring incomplete, errors occurred!
[0.212s] Invoked command in '/ros2_ws_multirobots/build/practica1' returned '1': /usr/bin/cmake /ros2_ws_multirobots/src/practica1 -DAMENT_CMAKE_SYMLINK_INSTALL=1 -DCMAKE_INSTALL_PREFIX=/ros2_ws_multirobots/install/practica1
