[0.101s] DEBUG:colcon:Command line arguments: ['/usr/bin/colcon', 'build']
[0.101s] DEBUG:colcon:Parsed command line arguments: Namespace(log_base=None, log_level=None, verb_name='build', build_base='build', install_base='install', merge_install=False, symlink_install=False, test_result_base=None, continue_on_error=False, executor='parallel', parallel_workers=16, event_handlers=None, ignore_user_meta=False, metas=['./colcon.meta'], base_paths=['.'], packages_ignore=None, packages_ignore_regex=None, paths=None, packages_up_to=None, packages_up_to_regex=None, packages_above=None, packages_above_and_dependencies=None, packages_above_depth=None, packages_select_by_dep=None, packages_skip_by_dep=None, packages_skip_up_to=None, packages_select_build_failed=False, packages_skip_build_finished=False, packages_select_test_failures=False, packages_skip_test_passed=False, packages_select=None, packages_skip=None, packages_select_regex=None, packages_skip_regex=None, packages_start=None, packages_end=None, cmake_args=None, cmake_target=None, cmake_target_skip_unavailable=False, cmake_clean_cache=False, cmake_clean_first=False, cmake_force_configure=False, ament_cmake_args=None, catkin_cmake_args=None, catkin_skip_building_tests=False, mixin_files=None, mixin=None, verb_parser=<colcon_mixin.mixin.mixin_argument.MixinArgumentDecorator object at 0x7a79c395c4a0>, verb_extension=<colcon_core.verb.build.BuildVerb object at 0x7a79c3ab4b90>, main=<bound method BuildVerb.main of <colcon_core.verb.build.BuildVerb object at 0x7a79c3ab4b90>>, mixin_verb=('build',))
[0.136s] Level 1:colcon.colcon_core.package_discovery:discover_packages(colcon_meta) check parameters
[0.137s] INFO:colcon.colcon_metadata.package_discovery.colcon_meta:Using configuration from '/root/.colcon/metadata/default/Gazebo.meta'
[0.137s] INFO:colcon.colcon_metadata.package_discovery.colcon_meta:Using configuration from '/root/.colcon/metadata/default/fastdds.meta'
[0.137s] INFO:colcon.colcon_metadata.package_discovery.colcon_meta:Using configuration from '/root/.colcon/metadata/default/fastrtps.meta'
[0.137s] Level 1:colcon.colcon_core.package_discovery:discover_packages(recursive) check parameters
[0.138s] Level 1:colcon.colcon_core.package_discovery:discover_packages(ignore) check parameters
[0.138s] Level 1:colcon.colcon_core.package_discovery:discover_packages(path) check parameters
[0.138s] Level 1:colcon.colcon_core.package_discovery:discover_packages(colcon_meta) discover
[0.138s] Level 1:colcon.colcon_core.package_discovery:discover_packages(recursive) discover
[0.138s] INFO:colcon.colcon_core.package_discovery:Crawling recursively for packages in '/ros2_ws_multirobots'
[0.138s] Level 1:colcon.colcon_core.package_identification:_identify(.) by extensions ['ignore', 'ignore_ament_install']
[0.138s] Level 1:colcon.colcon_core.package_identification:_identify(.) by extension 'ignore'
[0.138s] Level 1:colcon.colcon_core.package_identification:_identify(.) by extension 'ignore_ament_install'
[0.138s] Level 1:colcon.colcon_core.package_identification:_identify(.) by extensions ['colcon_pkg']
[0.138s] Level 1:colcon.colcon_core.package_identification:_identify(.) by extension 'colcon_pkg'
[0.138s] Level 1:colcon.colcon_core.package_identification:_identify(.) by extensions ['colcon_meta']
[0.138s] Level 1:colcon.colcon_core.package_identification:_identify(.) by extension 'colcon_meta'
[0.138s] Level 1:colcon.colcon_core.package_identification:_identify(.) by extensions ['ros']
[0.138s] Level 1:colcon.colcon_core.package_identification:_identify(.) by extension 'ros'
[0.160s] Level 1:colcon.colcon_core.package_identification:_identify(.) by extensions ['cmake', 'python']
[0.160s] Level 1:colcon.colcon_core.package_identification:_identify(.) by extension 'cmake'
[0.160s] Level 1:colcon.colcon_core.package_identification:_identify(.) by extension 'python'
[0.160s] Level 1:colcon.colcon_core.package_identification:_identify(.) by extensions ['python_setup_py']
[0.160s] Level 1:colcon.colcon_core.package_identification:_identify(.) by extension 'python_setup_py'
[0.161s] Level 1:colcon.colcon_core.package_identification:_identify(build) by extensions ['ignore', 'ignore_ament_install']
[0.161s] Level 1:colcon.colcon_core.package_identification:_identify(build) by extension 'ignore'
[0.161s] Level 1:colcon.colcon_core.package_identification:_identify(build) ignored
[0.161s] Level 1:colcon.colcon_core.package_identification:_identify(install) by extensions ['ignore', 'ignore_ament_install']
[0.161s] Level 1:colcon.colcon_core.package_identification:_identify(install) by extension 'ignore'
[0.161s] Level 1:colcon.colcon_core.package_identification:_identify(install) ignored
[0.161s] Level 1:colcon.colcon_core.package_identification:_identify(log) by extensions ['ignore', 'ignore_ament_install']
[0.161s] Level 1:colcon.colcon_core.package_identification:_identify(log) by extension 'ignore'
[0.161s] Level 1:colcon.colcon_core.package_identification:_identify(log) ignored
[0.161s] Level 1:colcon.colcon_core.package_identification:_identify(src) by extensions ['ignore', 'ignore_ament_install']
[0.161s] Level 1:colcon.colcon_core.package_identification:_identify(src) by extension 'ignore'
[0.161s] Level 1:colcon.colcon_core.package_identification:_identify(src) by extension 'ignore_ament_install'
[0.161s] Level 1:colcon.colcon_core.package_identification:_identify(src) by extensions ['colcon_pkg']
[0.161s] Level 1:colcon.colcon_core.package_identification:_identify(src) by extension 'colcon_pkg'
[0.161s] Level 1:colcon.colcon_core.package_identification:_identify(src) by extensions ['colcon_meta']
[0.162s] Level 1:colcon.colcon_core.package_identification:_identify(src) by extension 'colcon_meta'
[0.162s] Level 1:colcon.colcon_core.package_identification:_identify(src) by extensions ['ros']
[0.162s] Level 1:colcon.colcon_core.package_identification:_identify(src) by extension 'ros'
[0.162s] Level 1:colcon.colcon_core.package_identification:_identify(src) by extensions ['cmake', 'python']
[0.162s] Level 1:colcon.colcon_core.package_identification:_identify(src) by extension 'cmake'
[0.162s] Level 1:colcon.colcon_core.package_identification:_identify(src) by extension 'python'
[0.162s] Level 1:colcon.colcon_core.package_identification:_identify(src) by extensions ['python_setup_py']
[0.162s] Level 1:colcon.colcon_core.package_identification:_identify(src) by extension 'python_setup_py'
[0.162s] Level 1:colcon.colcon_core.package_identification:_identify(src/build) by extensions ['ignore', 'ignore_ament_install']
[0.162s] Level 1:colcon.colcon_core.package_identification:_identify(src/build) by extension 'ignore'
[0.162s] Level 1:colcon.colcon_core.package_identification:_identify(src/build) ignored
[0.162s] Level 1:colcon.colcon_core.package_identification:_identify(src/down_camera_bot) by extensions ['ignore', 'ignore_ament_install']
[0.162s] Level 1:colcon.colcon_core.package_identification:_identify(src/down_camera_bot) by extension 'ignore'
[0.162s] Level 1:colcon.colcon_core.package_identification:_identify(src/down_camera_bot) by extension 'ignore_ament_install'
[0.162s] Level 1:colcon.colcon_core.package_identification:_identify(src/down_camera_bot) by extensions ['colcon_pkg']
[0.162s] Level 1:colcon.colcon_core.package_identification:_identify(src/down_camera_bot) by extension 'colcon_pkg'
[0.162s] Level 1:colcon.colcon_core.package_identification:_identify(src/down_camera_bot) by extensions ['colcon_meta']
[0.162s] Level 1:colcon.colcon_core.package_identification:_identify(src/down_camera_bot) by extension 'colcon_meta'
[0.162s] Level 1:colcon.colcon_core.package_identification:_identify(src/down_camera_bot) by extensions ['ros']
[0.162s] Level 1:colcon.colcon_core.package_identification:_identify(src/down_camera_bot) by extension 'ros'
[0.164s] DEBUG:colcon.colcon_core.package_identification:Package 'src/down_camera_bot' with type 'ros.ament_cmake' and name 'down_camera_bot'
[0.165s] Level 1:colcon.colcon_core.package_identification:_identify(src/install) by extensions ['ignore', 'ignore_ament_install']
[0.165s] Level 1:colcon.colcon_core.package_identification:_identify(src/install) by extension 'ignore'
[0.165s] Level 1:colcon.colcon_core.package_identification:_identify(src/install) ignored
[0.165s] Level 1:colcon.colcon_core.package_identification:_identify(src/log) by extensions ['ignore', 'ignore_ament_install']
[0.165s] Level 1:colcon.colcon_core.package_identification:_identify(src/log) by extension 'ignore'
[0.165s] Level 1:colcon.colcon_core.package_identification:_identify(src/log) ignored
[0.165s] Level 1:colcon.colcon_core.package_identification:_identify(src/practica1) by extensions ['ignore', 'ignore_ament_install']
[0.165s] Level 1:colcon.colcon_core.package_identification:_identify(src/practica1) by extension 'ignore'
[0.165s] Level 1:colcon.colcon_core.package_identification:_identify(src/practica1) by extension 'ignore_ament_install'
[0.165s] Level 1:colcon.colcon_core.package_identification:_identify(src/practica1) by extensions ['colcon_pkg']
[0.165s] Level 1:colcon.colcon_core.package_identification:_identify(src/practica1) by extension 'colcon_pkg'
[0.165s] Level 1:colcon.colcon_core.package_identification:_identify(src/practica1) by extensions ['colcon_meta']
[0.165s] Level 1:colcon.colcon_core.package_identification:_identify(src/practica1) by extension 'colcon_meta'
[0.165s] Level 1:colcon.colcon_core.package_identification:_identify(src/practica1) by extensions ['ros']
[0.165s] Level 1:colcon.colcon_core.package_identification:_identify(src/practica1) by extension 'ros'
[0.166s] DEBUG:colcon.colcon_core.package_identification:Package 'src/practica1' with type 'ros.ament_cmake' and name 'practica1'
[0.166s] Level 1:colcon.colcon_core.package_identification:_identify(src/robot_bringup) by extensions ['ignore', 'ignore_ament_install']
[0.166s] Level 1:colcon.colcon_core.package_identification:_identify(src/robot_bringup) by extension 'ignore'
[0.166s] Level 1:colcon.colcon_core.package_identification:_identify(src/robot_bringup) by extension 'ignore_ament_install'
[0.166s] Level 1:colcon.colcon_core.package_identification:_identify(src/robot_bringup) by extensions ['colcon_pkg']
[0.166s] Level 1:colcon.colcon_core.package_identification:_identify(src/robot_bringup) by extension 'colcon_pkg'
[0.166s] Level 1:colcon.colcon_core.package_identification:_identify(src/robot_bringup) by extensions ['colcon_meta']
[0.166s] Level 1:colcon.colcon_core.package_identification:_identify(src/robot_bringup) by extension 'colcon_meta'
[0.166s] Level 1:colcon.colcon_core.package_identification:_identify(src/robot_bringup) by extensions ['ros']
[0.166s] Level 1:colcon.colcon_core.package_identification:_identify(src/robot_bringup) by extension 'ros'
[0.167s] DEBUG:colcon.colcon_core.package_identification:Package 'src/robot_bringup' with type 'ros.ament_cmake' and name 'robot_bringup'
[0.167s] Level 1:colcon.colcon_core.package_discovery:discover_packages(recursive) using defaults
[0.167s] Level 1:colcon.colcon_core.package_discovery:discover_packages(ignore) discover
[0.167s] Level 1:colcon.colcon_core.package_discovery:discover_packages(ignore) using defaults
[0.167s] Level 1:colcon.colcon_core.package_discovery:discover_packages(path) discover
[0.167s] Level 1:colcon.colcon_core.package_discovery:discover_packages(path) using defaults
[0.182s] Level 5:colcon.colcon_core.verb:set package 'down_camera_bot' build argument 'cmake_args' from command line to 'None'
[0.182s] Level 5:colcon.colcon_core.verb:set package 'down_camera_bot' build argument 'cmake_target' from command line to 'None'
[0.182s] Level 5:colcon.colcon_core.verb:set package 'down_camera_bot' build argument 'cmake_target_skip_unavailable' from command line to 'False'
[0.182s] Level 5:colcon.colcon_core.verb:set package 'down_camera_bot' build argument 'cmake_clean_cache' from command line to 'False'
[0.182s] Level 5:colcon.colcon_core.verb:set package 'down_camera_bot' build argument 'cmake_clean_first' from command line to 'False'
[0.182s] Level 5:colcon.colcon_core.verb:set package 'down_camera_bot' build argument 'cmake_force_configure' from command line to 'False'
[0.182s] Level 5:colcon.colcon_core.verb:set package 'down_camera_bot' build argument 'ament_cmake_args' from command line to 'None'
[0.182s] Level 5:colcon.colcon_core.verb:set package 'down_camera_bot' build argument 'catkin_cmake_args' from command line to 'None'
[0.183s] Level 5:colcon.colcon_core.verb:set package 'down_camera_bot' build argument 'catkin_skip_building_tests' from command line to 'False'
[0.183s] DEBUG:colcon.colcon_core.verb:Building package 'down_camera_bot' with the following arguments: {'ament_cmake_args': None, 'build_base': '/ros2_ws_multirobots/build/down_camera_bot', 'catkin_cmake_args': None, 'catkin_skip_building_tests': False, 'cmake_args': None, 'cmake_clean_cache': False, 'cmake_clean_first': False, 'cmake_force_configure': False, 'cmake_target': None, 'cmake_target_skip_unavailable': False, 'install_base': '/ros2_ws_multirobots/install/down_camera_bot', 'merge_install': False, 'path': '/ros2_ws_multirobots/src/down_camera_bot', 'symlink_install': False, 'test_result_base': None}
[0.183s] Level 5:colcon.colcon_core.verb:set package 'practica1' build argument 'cmake_args' from command line to 'None'
[0.183s] Level 5:colcon.colcon_core.verb:set package 'practica1' build argument 'cmake_target' from command line to 'None'
[0.183s] Level 5:colcon.colcon_core.verb:set package 'practica1' build argument 'cmake_target_skip_unavailable' from command line to 'False'
[0.183s] Level 5:colcon.colcon_core.verb:set package 'practica1' build argument 'cmake_clean_cache' from command line to 'False'
[0.183s] Level 5:colcon.colcon_core.verb:set package 'practica1' build argument 'cmake_clean_first' from command line to 'False'
[0.183s] Level 5:colcon.colcon_core.verb:set package 'practica1' build argument 'cmake_force_configure' from command line to 'False'
[0.183s] Level 5:colcon.colcon_core.verb:set package 'practica1' build argument 'ament_cmake_args' from command line to 'None'
[0.183s] Level 5:colcon.colcon_core.verb:set package 'practica1' build argument 'catkin_cmake_args' from command line to 'None'
[0.183s] Level 5:colcon.colcon_core.verb:set package 'practica1' build argument 'catkin_skip_building_tests' from command line to 'False'
[0.183s] DEBUG:colcon.colcon_core.verb:Building package 'practica1' with the following arguments: {'ament_cmake_args': None, 'build_base': '/ros2_ws_multirobots/build/practica1', 'catkin_cmake_args': None, 'catkin_skip_building_tests': False, 'cmake_args': None, 'cmake_clean_cache': False, 'cmake_clean_first': False, 'cmake_force_configure': False, 'cmake_target': None, 'cmake_target_skip_unavailable': False, 'install_base': '/ros2_ws_multirobots/install/practica1', 'merge_install': False, 'path': '/ros2_ws_multirobots/src/practica1', 'symlink_install': False, 'test_result_base': None}
[0.183s] Level 5:colcon.colcon_core.verb:set package 'robot_bringup' build argument 'cmake_args' from command line to 'None'
[0.183s] Level 5:colcon.colcon_core.verb:set package 'robot_bringup' build argument 'cmake_target' from command line to 'None'
[0.183s] Level 5:colcon.colcon_core.verb:set package 'robot_bringup' build argument 'cmake_target_skip_unavailable' from command line to 'False'
[0.183s] Level 5:colcon.colcon_core.verb:set package 'robot_bringup' build argument 'cmake_clean_cache' from command line to 'False'
[0.183s] Level 5:colcon.colcon_core.verb:set package 'robot_bringup' build argument 'cmake_clean_first' from command line to 'False'
[0.183s] Level 5:colcon.colcon_core.verb:set package 'robot_bringup' build argument 'cmake_force_configure' from command line to 'False'
[0.183s] Level 5:colcon.colcon_core.verb:set package 'robot_bringup' build argument 'ament_cmake_args' from command line to 'None'
[0.183s] Level 5:colcon.colcon_core.verb:set package 'robot_bringup' build argument 'catkin_cmake_args' from command line to 'None'
[0.183s] Level 5:colcon.colcon_core.verb:set package 'robot_bringup' build argument 'catkin_skip_building_tests' from command line to 'False'
[0.183s] DEBUG:colcon.colcon_core.verb:Building package 'robot_bringup' with the following arguments: {'ament_cmake_args': None, 'build_base': '/ros2_ws_multirobots/build/robot_bringup', 'catkin_cmake_args': None, 'catkin_skip_building_tests': False, 'cmake_args': None, 'cmake_clean_cache': False, 'cmake_clean_first': False, 'cmake_force_configure': False, 'cmake_target': None, 'cmake_target_skip_unavailable': False, 'install_base': '/ros2_ws_multirobots/install/robot_bringup', 'merge_install': False, 'path': '/ros2_ws_multirobots/src/robot_bringup', 'symlink_install': False, 'test_result_base': None}
[0.184s] INFO:colcon.colcon_core.executor:Executing jobs using 'parallel' executor
[0.185s] DEBUG:colcon.colcon_parallel_executor.executor.parallel:run_until_complete
[0.185s] INFO:colcon.colcon_ros.task.ament_cmake.build:Building ROS package in '/ros2_ws_multirobots/src/practica1' with build type 'ament_cmake'
[0.185s] INFO:colcon.colcon_cmake.task.cmake.build:Building CMake package in '/ros2_ws_multirobots/src/practica1'
[0.188s] INFO:colcon.colcon_core.plugin_system:Skipping extension 'colcon_core.shell.bat': Not used on non-Windows systems
[0.188s] INFO:colcon.colcon_core.shell:Skip shell extension 'powershell' for command environment: Not usable outside of PowerShell
[0.188s] DEBUG:colcon.colcon_core.shell:Skip shell extension 'dsv' for command environment
[0.193s] INFO:colcon.colcon_ros.task.ament_cmake.build:Building ROS package in '/ros2_ws_multirobots/src/down_camera_bot' with build type 'ament_cmake'
[0.194s] INFO:colcon.colcon_cmake.task.cmake.build:Building CMake package in '/ros2_ws_multirobots/src/down_camera_bot'
[0.194s] INFO:colcon.colcon_core.shell:Skip shell extension 'powershell' for command environment: Not usable outside of PowerShell
[0.194s] DEBUG:colcon.colcon_core.shell:Skip shell extension 'dsv' for command environment
[0.203s] DEBUG:colcon.colcon_core.event_handler.log_command:Invoking command in '/ros2_ws_multirobots/build/practica1': CMAKE_PREFIX_PATH=${CMAKE_PREFIX_PATH}:/opt/ros/jazzy /usr/bin/cmake --build /ros2_ws_multirobots/build/practica1 -- -j16 -l16
[0.208s] DEBUG:colcon.colcon_core.event_handler.log_command:Invoking command in '/ros2_ws_multirobots/build/down_camera_bot': CMAKE_PREFIX_PATH=${CMAKE_PREFIX_PATH}:/opt/ros/jazzy /usr/bin/cmake --build /ros2_ws_multirobots/build/down_camera_bot -- -j16 -l16
[0.275s] DEBUG:colcon.colcon_core.event_handler.log_command:Invoked command in '/ros2_ws_multirobots/build/down_camera_bot' returned '0': CMAKE_PREFIX_PATH=${CMAKE_PREFIX_PATH}:/opt/ros/jazzy /usr/bin/cmake --build /ros2_ws_multirobots/build/down_camera_bot -- -j16 -l16
[0.287s] DEBUG:colcon.colcon_core.event_handler.log_command:Invoking command in '/ros2_ws_multirobots/build/down_camera_bot': CMAKE_PREFIX_PATH=${CMAKE_PREFIX_PATH}:/opt/ros/jazzy /usr/bin/cmake --install /ros2_ws_multirobots/build/down_camera_bot
[0.289s] DEBUG:colcon.colcon_core.event_handler.log_command:Invoked command in '/ros2_ws_multirobots/build/practica1' returned '0': CMAKE_PREFIX_PATH=${CMAKE_PREFIX_PATH}:/opt/ros/jazzy /usr/bin/cmake --build /ros2_ws_multirobots/build/practica1 -- -j16 -l16
[0.291s] DEBUG:colcon.colcon_core.event_handler.log_command:Invoking command in '/ros2_ws_multirobots/build/practica1': CMAKE_PREFIX_PATH=${CMAKE_PREFIX_PATH}:/opt/ros/jazzy /usr/bin/cmake --install /ros2_ws_multirobots/build/practica1
[0.317s] Level 1:colcon.colcon_core.environment:create_environment_scripts_only(practica1)
[0.318s] DEBUG:colcon.colcon_core.event_handler.log_command:Invoked command in '/ros2_ws_multirobots/build/practica1' returned '0': CMAKE_PREFIX_PATH=${CMAKE_PREFIX_PATH}:/opt/ros/jazzy /usr/bin/cmake --install /ros2_ws_multirobots/build/practica1
[0.323s] Level 1:colcon.colcon_core.environment:checking '/ros2_ws_multirobots/install/practica1' for CMake module files
[0.326s] Level 1:colcon.colcon_core.environment:checking '/ros2_ws_multirobots/install/practica1' for CMake config files
[0.326s] Level 1:colcon.colcon_core.shell:create_environment_hook('practica1', 'cmake_prefix_path')
[0.327s] INFO:colcon.colcon_core.shell:Creating environment hook '/ros2_ws_multirobots/install/practica1/share/practica1/hook/cmake_prefix_path.ps1'
[0.328s] INFO:colcon.colcon_core.shell:Creating environment descriptor '/ros2_ws_multirobots/install/practica1/share/practica1/hook/cmake_prefix_path.dsv'
[0.329s] INFO:colcon.colcon_core.shell:Creating environment hook '/ros2_ws_multirobots/install/practica1/share/practica1/hook/cmake_prefix_path.sh'
[0.331s] Level 1:colcon.colcon_core.environment:checking '/ros2_ws_multirobots/install/practica1/bin'
[0.331s] Level 1:colcon.colcon_core.environment:checking '/ros2_ws_multirobots/install/practica1/lib/pkgconfig/practica1.pc'
[0.335s] Level 1:colcon.colcon_core.environment:checking '/ros2_ws_multirobots/install/practica1/lib/python3.12/site-packages'
[0.336s] Level 1:colcon.colcon_core.environment:checking '/ros2_ws_multirobots/install/practica1/bin'
[0.337s] INFO:colcon.colcon_core.shell:Creating package script '/ros2_ws_multirobots/install/practica1/share/practica1/package.ps1'
[0.339s] INFO:colcon.colcon_core.shell:Creating package descriptor '/ros2_ws_multirobots/install/practica1/share/practica1/package.dsv'
[0.340s] INFO:colcon.colcon_core.shell:Creating package script '/ros2_ws_multirobots/install/practica1/share/practica1/package.sh'
[0.342s] INFO:colcon.colcon_core.shell:Creating package script '/ros2_ws_multirobots/install/practica1/share/practica1/package.bash'
[0.344s] INFO:colcon.colcon_core.shell:Creating package script '/ros2_ws_multirobots/install/practica1/share/practica1/package.zsh'
[0.345s] Level 1:colcon.colcon_core.environment:create_file_with_runtime_dependencies(/ros2_ws_multirobots/install/practica1/share/colcon-core/packages/practica1)
[0.346s] Level 1:colcon.colcon_core.environment:create_environment_scripts_only(practica1)
[0.347s] Level 1:colcon.colcon_core.environment:checking '/ros2_ws_multirobots/install/practica1' for CMake module files
[0.348s] Level 1:colcon.colcon_core.environment:checking '/ros2_ws_multirobots/install/practica1' for CMake config files
[0.349s] Level 1:colcon.colcon_core.shell:create_environment_hook('practica1', 'cmake_prefix_path')
[0.350s] INFO:colcon.colcon_core.shell:Creating environment hook '/ros2_ws_multirobots/install/practica1/share/practica1/hook/cmake_prefix_path.ps1'
[0.351s] INFO:colcon.colcon_core.shell:Creating environment descriptor '/ros2_ws_multirobots/install/practica1/share/practica1/hook/cmake_prefix_path.dsv'
[0.352s] INFO:colcon.colcon_core.shell:Creating environment hook '/ros2_ws_multirobots/install/practica1/share/practica1/hook/cmake_prefix_path.sh'
[0.353s] Level 1:colcon.colcon_core.environment:checking '/ros2_ws_multirobots/install/practica1/bin'
[0.353s] Level 1:colcon.colcon_core.environment:checking '/ros2_ws_multirobots/install/practica1/lib/pkgconfig/practica1.pc'
[0.354s] Level 1:colcon.colcon_core.environment:checking '/ros2_ws_multirobots/install/practica1/lib/python3.12/site-packages'
[0.355s] Level 1:colcon.colcon_core.environment:checking '/ros2_ws_multirobots/install/practica1/bin'
[0.355s] INFO:colcon.colcon_core.shell:Creating package script '/ros2_ws_multirobots/install/practica1/share/practica1/package.ps1'
[0.356s] INFO:colcon.colcon_core.shell:Creating package descriptor '/ros2_ws_multirobots/install/practica1/share/practica1/package.dsv'
[0.357s] INFO:colcon.colcon_core.shell:Creating package script '/ros2_ws_multirobots/install/practica1/share/practica1/package.sh'
[0.358s] INFO:colcon.colcon_core.shell:Creating package script '/ros2_ws_multirobots/install/practica1/share/practica1/package.bash'
[0.359s] INFO:colcon.colcon_core.shell:Creating package script '/ros2_ws_multirobots/install/practica1/share/practica1/package.zsh'
[0.360s] Level 1:colcon.colcon_core.environment:create_file_with_runtime_dependencies(/ros2_ws_multirobots/install/practica1/share/colcon-core/packages/practica1)
[0.361s] INFO:colcon.colcon_ros.task.ament_cmake.build:Building ROS package in '/ros2_ws_multirobots/src/robot_bringup' with build type 'ament_cmake'
[0.361s] INFO:colcon.colcon_cmake.task.cmake.build:Building CMake package in '/ros2_ws_multirobots/src/robot_bringup'
[0.362s] INFO:colcon.colcon_core.shell:Skip shell extension 'powershell' for command environment: Not usable outside of PowerShell
[0.362s] DEBUG:colcon.colcon_core.shell:Skip shell extension 'dsv' for command environment
[0.367s] Level 1:colcon.colcon_core.environment:create_environment_scripts_only(down_camera_bot)
[0.367s] DEBUG:colcon.colcon_core.event_handler.log_command:Invoked command in '/ros2_ws_multirobots/build/down_camera_bot' returned '0': CMAKE_PREFIX_PATH=${CMAKE_PREFIX_PATH}:/opt/ros/jazzy /usr/bin/cmake --install /ros2_ws_multirobots/build/down_camera_bot
[0.368s] Level 1:colcon.colcon_core.environment:checking '/ros2_ws_multirobots/install/down_camera_bot' for CMake module files
[0.369s] Level 1:colcon.colcon_core.environment:checking '/ros2_ws_multirobots/install/down_camera_bot' for CMake config files
[0.369s] Level 1:colcon.colcon_core.shell:create_environment_hook('down_camera_bot', 'cmake_prefix_path')
[0.369s] INFO:colcon.colcon_core.shell:Creating environment hook '/ros2_ws_multirobots/install/down_camera_bot/share/down_camera_bot/hook/cmake_prefix_path.ps1'
[0.369s] INFO:colcon.colcon_core.shell:Creating environment descriptor '/ros2_ws_multirobots/install/down_camera_bot/share/down_camera_bot/hook/cmake_prefix_path.dsv'
[0.370s] INFO:colcon.colcon_core.shell:Creating environment hook '/ros2_ws_multirobots/install/down_camera_bot/share/down_camera_bot/hook/cmake_prefix_path.sh'
[0.370s] Level 1:colcon.colcon_core.environment:checking '/ros2_ws_multirobots/install/down_camera_bot/bin'
[0.370s] Level 1:colcon.colcon_core.environment:checking '/ros2_ws_multirobots/install/down_camera_bot/lib/pkgconfig/down_camera_bot.pc'
[0.371s] Level 1:colcon.colcon_core.environment:checking '/ros2_ws_multirobots/install/down_camera_bot/lib/python3.12/site-packages'
[0.371s] Level 1:colcon.colcon_core.environment:checking '/ros2_ws_multirobots/install/down_camera_bot/bin'
[0.371s] INFO:colcon.colcon_core.shell:Creating package script '/ros2_ws_multirobots/install/down_camera_bot/share/down_camera_bot/package.ps1'
[0.372s] INFO:colcon.colcon_core.shell:Creating package descriptor '/ros2_ws_multirobots/install/down_camera_bot/share/down_camera_bot/package.dsv'
[0.372s] INFO:colcon.colcon_core.shell:Creating package script '/ros2_ws_multirobots/install/down_camera_bot/share/down_camera_bot/package.sh'
[0.372s] INFO:colcon.colcon_core.shell:Creating package script '/ros2_ws_multirobots/install/down_camera_bot/share/down_camera_bot/package.bash'
[0.373s] INFO:colcon.colcon_core.shell:Creating package script '/ros2_ws_multirobots/install/down_camera_bot/share/down_camera_bot/package.zsh'
[0.373s] Level 1:colcon.colcon_core.environment:create_file_with_runtime_dependencies(/ros2_ws_multirobots/install/down_camera_bot/share/colcon-core/packages/down_camera_bot)
[0.374s] Level 1:colcon.colcon_core.environment:create_environment_scripts_only(down_camera_bot)
[0.374s] Level 1:colcon.colcon_core.environment:checking '/ros2_ws_multirobots/install/down_camera_bot' for CMake module files
[0.374s] Level 1:colcon.colcon_core.environment:checking '/ros2_ws_multirobots/install/down_camera_bot' for CMake config files
[0.375s] Level 1:colcon.colcon_core.shell:create_environment_hook('down_camera_bot', 'cmake_prefix_path')
[0.375s] INFO:colcon.colcon_core.shell:Creating environment hook '/ros2_ws_multirobots/install/down_camera_bot/share/down_camera_bot/hook/cmake_prefix_path.ps1'
[0.375s] INFO:colcon.colcon_core.shell:Creating environment descriptor '/ros2_ws_multirobots/install/down_camera_bot/share/down_camera_bot/hook/cmake_prefix_path.dsv'
[0.376s] INFO:colcon.colcon_core.shell:Creating environment hook '/ros2_ws_multirobots/install/down_camera_bot/share/down_camera_bot/hook/cmake_prefix_path.sh'
[0.376s] Level 1:colcon.colcon_core.environment:checking '/ros2_ws_multirobots/install/down_camera_bot/bin'
[0.376s] Level 1:colcon.colcon_core.environment:checking '/ros2_ws_multirobots/install/down_camera_bot/lib/pkgconfig/down_camera_bot.pc'
[0.377s] Level 1:colcon.colcon_core.environment:checking '/ros2_ws_multirobots/install/down_camera_bot/lib/python3.12/site-packages'
[0.377s] Level 1:colcon.colcon_core.environment:checking '/ros2_ws_multirobots/install/down_camera_bot/bin'
[0.377s] INFO:colcon.colcon_core.shell:Creating package script '/ros2_ws_multirobots/install/down_camera_bot/share/down_camera_bot/package.ps1'
[0.377s] INFO:colcon.colcon_core.shell:Creating package descriptor '/ros2_ws_multirobots/install/down_camera_bot/share/down_camera_bot/package.dsv'
[0.378s] INFO:colcon.colcon_core.shell:Creating package script '/ros2_ws_multirobots/install/down_camera_bot/share/down_camera_bot/package.sh'
[0.378s] INFO:colcon.colcon_core.shell:Creating package script '/ros2_ws_multirobots/install/down_camera_bot/share/down_camera_bot/package.bash'
[0.379s] INFO:colcon.colcon_core.shell:Creating package script '/ros2_ws_multirobots/install/down_camera_bot/share/down_camera_bot/package.zsh'
[0.379s] Level 1:colcon.colcon_core.environment:create_file_with_runtime_dependencies(/ros2_ws_multirobots/install/down_camera_bot/share/colcon-core/packages/down_camera_bot)
[0.384s] DEBUG:colcon.colcon_core.event_handler.log_command:Invoking command in '/ros2_ws_multirobots/build/robot_bringup': CMAKE_PREFIX_PATH=/ros2_ws_multirobots/install/practica1:/ros2_ws_multirobots/install/robot_bringup:/ros2_ws_multirobots/install/my_robot_description:/ros2_ws_multirobots/install/down_camera_bot:/opt/ros/jazzy/opt/gz_sim_vendor:/opt/ros/jazzy/opt/gz_sensors_vendor:/opt/ros/jazzy/opt/gz_physics_vendor:/opt/ros/jazzy/opt/sdformat_vendor:/opt/ros/jazzy/opt/gz_gui_vendor:/opt/ros/jazzy/opt/gz_transport_vendor:/opt/ros/jazzy/opt/gz_rendering_vendor:/opt/ros/jazzy/opt/gz_plugin_vendor:/opt/ros/jazzy/opt/gz_fuel_tools_vendor:/opt/ros/jazzy/opt/gz_msgs_vendor:/opt/ros/jazzy/opt/gz_common_vendor:/opt/ros/jazzy/opt/gz_math_vendor:/opt/ros/jazzy/opt/gz_utils_vendor:/opt/ros/jazzy/opt/gz_tools_vendor:/opt/ros/jazzy/opt/gz_ogre_next_vendor:/opt/ros/jazzy/opt/gz_dartsim_vendor:/opt/ros/jazzy/opt/gz_cmake_vendor:/opt/ros/jazzy /usr/bin/cmake --build /ros2_ws_multirobots/build/robot_bringup -- -j16 -l16
[0.471s] DEBUG:colcon.colcon_core.event_handler.log_command:Invoked command in '/ros2_ws_multirobots/build/robot_bringup' returned '0': CMAKE_PREFIX_PATH=/ros2_ws_multirobots/install/practica1:/ros2_ws_multirobots/install/robot_bringup:/ros2_ws_multirobots/install/my_robot_description:/ros2_ws_multirobots/install/down_camera_bot:/opt/ros/jazzy/opt/gz_sim_vendor:/opt/ros/jazzy/opt/gz_sensors_vendor:/opt/ros/jazzy/opt/gz_physics_vendor:/opt/ros/jazzy/opt/sdformat_vendor:/opt/ros/jazzy/opt/gz_gui_vendor:/opt/ros/jazzy/opt/gz_transport_vendor:/opt/ros/jazzy/opt/gz_rendering_vendor:/opt/ros/jazzy/opt/gz_plugin_vendor:/opt/ros/jazzy/opt/gz_fuel_tools_vendor:/opt/ros/jazzy/opt/gz_msgs_vendor:/opt/ros/jazzy/opt/gz_common_vendor:/opt/ros/jazzy/opt/gz_math_vendor:/opt/ros/jazzy/opt/gz_utils_vendor:/opt/ros/jazzy/opt/gz_tools_vendor:/opt/ros/jazzy/opt/gz_ogre_next_vendor:/opt/ros/jazzy/opt/gz_dartsim_vendor:/opt/ros/jazzy/opt/gz_cmake_vendor:/opt/ros/jazzy /usr/bin/cmake --build /ros2_ws_multirobots/build/robot_bringup -- -j16 -l16
[0.473s] DEBUG:colcon.colcon_core.event_handler.log_command:Invoking command in '/ros2_ws_multirobots/build/robot_bringup': CMAKE_PREFIX_PATH=/ros2_ws_multirobots/install/practica1:/ros2_ws_multirobots/install/robot_bringup:/ros2_ws_multirobots/install/my_robot_description:/ros2_ws_multirobots/install/down_camera_bot:/opt/ros/jazzy/opt/gz_sim_vendor:/opt/ros/jazzy/opt/gz_sensors_vendor:/opt/ros/jazzy/opt/gz_physics_vendor:/opt/ros/jazzy/opt/sdformat_vendor:/opt/ros/jazzy/opt/gz_gui_vendor:/opt/ros/jazzy/opt/gz_transport_vendor:/opt/ros/jazzy/opt/gz_rendering_vendor:/opt/ros/jazzy/opt/gz_plugin_vendor:/opt/ros/jazzy/opt/gz_fuel_tools_vendor:/opt/ros/jazzy/opt/gz_msgs_vendor:/opt/ros/jazzy/opt/gz_common_vendor:/opt/ros/jazzy/opt/gz_math_vendor:/opt/ros/jazzy/opt/gz_utils_vendor:/opt/ros/jazzy/opt/gz_tools_vendor:/opt/ros/jazzy/opt/gz_ogre_next_vendor:/opt/ros/jazzy/opt/gz_dartsim_vendor:/opt/ros/jazzy/opt/gz_cmake_vendor:/opt/ros/jazzy /usr/bin/cmake --install /ros2_ws_multirobots/build/robot_bringup
[0.523s] Level 1:colcon.colcon_core.environment:create_environment_scripts_only(robot_bringup)
[0.523s] Level 1:colcon.colcon_core.environment:checking '/ros2_ws_multirobots/install/robot_bringup' for CMake module files
[0.524s] DEBUG:colcon.colcon_core.event_handler.log_command:Invoked command in '/ros2_ws_multirobots/build/robot_bringup' returned '0': CMAKE_PREFIX_PATH=/ros2_ws_multirobots/install/practica1:/ros2_ws_multirobots/install/robot_bringup:/ros2_ws_multirobots/install/my_robot_description:/ros2_ws_multirobots/install/down_camera_bot:/opt/ros/jazzy/opt/gz_sim_vendor:/opt/ros/jazzy/opt/gz_sensors_vendor:/opt/ros/jazzy/opt/gz_physics_vendor:/opt/ros/jazzy/opt/sdformat_vendor:/opt/ros/jazzy/opt/gz_gui_vendor:/opt/ros/jazzy/opt/gz_transport_vendor:/opt/ros/jazzy/opt/gz_rendering_vendor:/opt/ros/jazzy/opt/gz_plugin_vendor:/opt/ros/jazzy/opt/gz_fuel_tools_vendor:/opt/ros/jazzy/opt/gz_msgs_vendor:/opt/ros/jazzy/opt/gz_common_vendor:/opt/ros/jazzy/opt/gz_math_vendor:/opt/ros/jazzy/opt/gz_utils_vendor:/opt/ros/jazzy/opt/gz_tools_vendor:/opt/ros/jazzy/opt/gz_ogre_next_vendor:/opt/ros/jazzy/opt/gz_dartsim_vendor:/opt/ros/jazzy/opt/gz_cmake_vendor:/opt/ros/jazzy /usr/bin/cmake --install /ros2_ws_multirobots/build/robot_bringup
[0.524s] Level 1:colcon.colcon_core.environment:checking '/ros2_ws_multirobots/install/robot_bringup' for CMake config files
[0.525s] Level 1:colcon.colcon_core.shell:create_environment_hook('robot_bringup', 'cmake_prefix_path')
[0.525s] INFO:colcon.colcon_core.shell:Creating environment hook '/ros2_ws_multirobots/install/robot_bringup/share/robot_bringup/hook/cmake_prefix_path.ps1'
[0.525s] INFO:colcon.colcon_core.shell:Creating environment descriptor '/ros2_ws_multirobots/install/robot_bringup/share/robot_bringup/hook/cmake_prefix_path.dsv'
[0.526s] INFO:colcon.colcon_core.shell:Creating environment hook '/ros2_ws_multirobots/install/robot_bringup/share/robot_bringup/hook/cmake_prefix_path.sh'
[0.526s] Level 1:colcon.colcon_core.environment:checking '/ros2_ws_multirobots/install/robot_bringup/bin'
[0.526s] Level 1:colcon.colcon_core.environment:checking '/ros2_ws_multirobots/install/robot_bringup/lib/pkgconfig/robot_bringup.pc'
[0.527s] Level 1:colcon.colcon_core.environment:checking '/ros2_ws_multirobots/install/robot_bringup/lib/python3.12/site-packages'
[0.527s] Level 1:colcon.colcon_core.environment:checking '/ros2_ws_multirobots/install/robot_bringup/bin'
[0.527s] INFO:colcon.colcon_core.shell:Creating package script '/ros2_ws_multirobots/install/robot_bringup/share/robot_bringup/package.ps1'
[0.528s] INFO:colcon.colcon_core.shell:Creating package descriptor '/ros2_ws_multirobots/install/robot_bringup/share/robot_bringup/package.dsv'
[0.529s] INFO:colcon.colcon_core.shell:Creating package script '/ros2_ws_multirobots/install/robot_bringup/share/robot_bringup/package.sh'
[0.529s] INFO:colcon.colcon_core.shell:Creating package script '/ros2_ws_multirobots/install/robot_bringup/share/robot_bringup/package.bash'
[0.530s] INFO:colcon.colcon_core.shell:Creating package script '/ros2_ws_multirobots/install/robot_bringup/share/robot_bringup/package.zsh'
[0.531s] Level 1:colcon.colcon_core.environment:create_file_with_runtime_dependencies(/ros2_ws_multirobots/install/robot_bringup/share/colcon-core/packages/robot_bringup)
[0.532s] Level 1:colcon.colcon_core.environment:create_environment_scripts_only(robot_bringup)
[0.532s] Level 1:colcon.colcon_core.environment:checking '/ros2_ws_multirobots/install/robot_bringup' for CMake module files
[0.533s] Level 1:colcon.colcon_core.environment:checking '/ros2_ws_multirobots/install/robot_bringup' for CMake config files
[0.534s] Level 1:colcon.colcon_core.shell:create_environment_hook('robot_bringup', 'cmake_prefix_path')
[0.534s] INFO:colcon.colcon_core.shell:Creating environment hook '/ros2_ws_multirobots/install/robot_bringup/share/robot_bringup/hook/cmake_prefix_path.ps1'
[0.535s] INFO:colcon.colcon_core.shell:Creating environment descriptor '/ros2_ws_multirobots/install/robot_bringup/share/robot_bringup/hook/cmake_prefix_path.dsv'
[0.536s] INFO:colcon.colcon_core.shell:Creating environment hook '/ros2_ws_multirobots/install/robot_bringup/share/robot_bringup/hook/cmake_prefix_path.sh'
[0.537s] Level 1:colcon.colcon_core.environment:checking '/ros2_ws_multirobots/install/robot_bringup/bin'
[0.537s] Level 1:colcon.colcon_core.environment:checking '/ros2_ws_multirobots/install/robot_bringup/lib/pkgconfig/robot_bringup.pc'
[0.537s] Level 1:colcon.colcon_core.environment:checking '/ros2_ws_multirobots/install/robot_bringup/lib/python3.12/site-packages'
[0.538s] Level 1:colcon.colcon_core.environment:checking '/ros2_ws_multirobots/install/robot_bringup/bin'
[0.538s] INFO:colcon.colcon_core.shell:Creating package script '/ros2_ws_multirobots/install/robot_bringup/share/robot_bringup/package.ps1'
[0.539s] INFO:colcon.colcon_core.shell:Creating package descriptor '/ros2_ws_multirobots/install/robot_bringup/share/robot_bringup/package.dsv'
[0.540s] INFO:colcon.colcon_core.shell:Creating package script '/ros2_ws_multirobots/install/robot_bringup/share/robot_bringup/package.sh'
[0.541s] INFO:colcon.colcon_core.shell:Creating package script '/ros2_ws_multirobots/install/robot_bringup/share/robot_bringup/package.bash'
[0.544s] INFO:colcon.colcon_core.shell:Creating package script '/ros2_ws_multirobots/install/robot_bringup/share/robot_bringup/package.zsh'
[0.545s] Level 1:colcon.colcon_core.environment:create_file_with_runtime_dependencies(/ros2_ws_multirobots/install/robot_bringup/share/colcon-core/packages/robot_bringup)
[0.546s] DEBUG:colcon.colcon_parallel_executor.executor.parallel:closing loop
[0.547s] DEBUG:colcon.colcon_parallel_executor.executor.parallel:loop closed
[0.547s] DEBUG:colcon.colcon_parallel_executor.executor.parallel:run_until_complete finished with '0'
[0.547s] DEBUG:colcon.colcon_core.event_reactor:joining thread
[0.561s] INFO:colcon.colcon_core.plugin_system:Skipping extension 'colcon_notification.desktop_notification.notify_send': Could not find 'notify-send'
[0.561s] INFO:colcon.colcon_core.plugin_system:Skipping extension 'colcon_notification.desktop_notification.terminal_notifier': Not used on non-Darwin systems
[0.561s] INFO:colcon.colcon_core.plugin_system:Skipping extension 'colcon_notification.desktop_notification.win32': Not used on non-Windows systems
[0.562s] INFO:colcon.colcon_notification.desktop_notification:Sending desktop notification using 'notify2'
[0.568s] DEBUG:colcon.colcon_notification.desktop_notification.notify2:Failed to initialize notify2: org.freedesktop.DBus.Error.Spawn.ExecFailed: /usr/bin/dbus-launch terminated abnormally without any error message
[0.569s] DEBUG:colcon.colcon_core.event_reactor:joined thread
[0.569s] INFO:colcon.colcon_core.shell:Creating prefix script '/ros2_ws_multirobots/install/local_setup.ps1'
[0.571s] INFO:colcon.colcon_core.shell:Creating prefix util module '/ros2_ws_multirobots/install/_local_setup_util_ps1.py'
[0.574s] INFO:colcon.colcon_core.shell:Creating prefix chain script '/ros2_ws_multirobots/install/setup.ps1'
[0.577s] INFO:colcon.colcon_core.shell:Creating prefix script '/ros2_ws_multirobots/install/local_setup.sh'
[0.578s] INFO:colcon.colcon_core.shell:Creating prefix util module '/ros2_ws_multirobots/install/_local_setup_util_sh.py'
[0.579s] INFO:colcon.colcon_core.shell:Creating prefix chain script '/ros2_ws_multirobots/install/setup.sh'
[0.582s] INFO:colcon.colcon_core.shell:Creating prefix script '/ros2_ws_multirobots/install/local_setup.bash'
[0.583s] INFO:colcon.colcon_core.shell:Creating prefix chain script '/ros2_ws_multirobots/install/setup.bash'
[0.585s] INFO:colcon.colcon_core.shell:Creating prefix script '/ros2_ws_multirobots/install/local_setup.zsh'
[0.586s] INFO:colcon.colcon_core.shell:Creating prefix chain script '/ros2_ws_multirobots/install/setup.zsh'
