[0.020s] Invoking command in '/ros2_ws_multirobots/build/practica1': CMAKE_PREFIX_PATH=${CMAKE_PREFIX_PATH}:/opt/ros/jazzy /usr/bin/cmake /ros2_ws_multirobots/src/practica1 -DCMAKE_INSTALL_PREFIX=/ros2_ws_multirobots/install/practica1
[0.039s] -- Found ament_cmake: 2.5.4 (/opt/ros/jazzy/share/ament_cmake/cmake)
[0.270s] -- Override CMake install command with custom implementation using symlinks instead of copying resources
[0.292s] -- Found rclcpp: 28.1.13 (/opt/ros/jazzy/share/rclcpp/cmake)
[0.337s] -- Found rosidl_generator_c: 4.6.6 (/opt/ros/jazzy/share/rosidl_generator_c/cmake)
[0.347s] -- Found rosidl_generator_cpp: 4.6.6 (/opt/ros/jazzy/share/rosidl_generator_cpp/cmake)
[0.360s] -- Using all available rosidl_typesupport_c: rosidl_typesupport_fastrtps_c;rosidl_typesupport_introspection_c
[0.372s] -- Using all available rosidl_typesupport_cpp: rosidl_typesupport_fastrtps_cpp;rosidl_typesupport_introspection_cpp
[0.433s] -- Found rmw_implementation_cmake: 7.3.2 (/opt/ros/jazzy/share/rmw_implementation_cmake/cmake)
[0.434s] -- Found rmw_fastrtps_cpp: 8.4.3 (/opt/ros/jazzy/share/rmw_fastrtps_cpp/cmake)
[0.505s] -- Using RMW implementation 'rmw_fastrtps_cpp' as default
[0.569s] -- Found rclpy: 7.1.6 (/opt/ros/jazzy/share/rclpy/cmake)
[0.570s] -- Found ament_lint_auto: 0.17.3 (/opt/ros/jazzy/share/ament_lint_auto/cmake)
[0.676s] -- Added test 'lint_cmake' to check CMake code style
[0.678s] -- Added test 'xmllint' to check XML markup files
[0.680s] -- Configuring done (0.6s)
[0.686s] -- Generating done (0.0s)
[0.689s] -- Build files have been written to: /ros2_ws_multirobots/build/practica1
[0.696s] Invoked command in '/ros2_ws_multirobots/build/practica1' returned '0': CMAKE_PREFIX_PATH=${CMAKE_PREFIX_PATH}:/opt/ros/jazzy /usr/bin/cmake /ros2_ws_multirobots/src/practica1 -DCMAKE_INSTALL_PREFIX=/ros2_ws_multirobots/install/practica1
[0.698s] Invoking command in '/ros2_ws_multirobots/build/practica1': CMAKE_PREFIX_PATH=${CMAKE_PREFIX_PATH}:/opt/ros/jazzy /usr/bin/cmake --build /ros2_ws_multirobots/build/practica1 -- -j16 -l16
[0.772s] Invoked command in '/ros2_ws_multirobots/build/practica1' returned '0': CMAKE_PREFIX_PATH=${CMAKE_PREFIX_PATH}:/opt/ros/jazzy /usr/bin/cmake --build /ros2_ws_multirobots/build/practica1 -- -j16 -l16
[0.774s] Invoking command in '/ros2_ws_multirobots/build/practica1': CMAKE_PREFIX_PATH=${CMAKE_PREFIX_PATH}:/opt/ros/jazzy /usr/bin/cmake --install /ros2_ws_multirobots/build/practica1
[0.796s] -- Install configuration: ""
[0.796s] -- Execute custom install script
[0.797s] -- Up-to-date symlink: /ros2_ws_multirobots/install/practica1/share/practica1//urdf/camera.xacro
[0.797s] -- Up-to-date symlink: /ros2_ws_multirobots/install/practica1/share/practica1//urdf/gazebo_control.xacro
[0.797s] -- Up-to-date symlink: /ros2_ws_multirobots/install/practica1/share/practica1//urdf/inertial_macros.xacro
[0.797s] -- Up-to-date symlink: /ros2_ws_multirobots/install/practica1/share/practica1//urdf/lidar.xacro
[0.797s] -- Up-to-date symlink: /ros2_ws_multirobots/install/practica1/share/practica1//urdf/robotito.urdf
[0.797s] -- Up-to-date symlink: /ros2_ws_multirobots/install/practica1/share/practica1//urdf/robotito.urdf.xacro
[0.797s] -- Up-to-date symlink: /ros2_ws_multirobots/install/practica1/share/practica1//launch/sencillo_launch.launch
[0.797s] -- Up-to-date symlink: /ros2_ws_multirobots/install/practica1/share/ament_index/resource_index/package_run_dependencies/practica1
[0.797s] -- Up-to-date symlink: /ros2_ws_multirobots/install/practica1/share/ament_index/resource_index/parent_prefix_path/practica1
[0.798s] -- Up-to-date symlink: /ros2_ws_multirobots/install/practica1/share/practica1/environment/ament_prefix_path.sh
[0.798s] -- Up-to-date symlink: /ros2_ws_multirobots/install/practica1/share/practica1/environment/ament_prefix_path.dsv
[0.798s] -- Up-to-date symlink: /ros2_ws_multirobots/install/practica1/share/practica1/environment/path.sh
[0.798s] -- Up-to-date symlink: /ros2_ws_multirobots/install/practica1/share/practica1/environment/path.dsv
[0.798s] -- Up-to-date symlink: /ros2_ws_multirobots/install/practica1/share/practica1/local_setup.bash
[0.798s] -- Up-to-date symlink: /ros2_ws_multirobots/install/practica1/share/practica1/local_setup.sh
[0.798s] -- Up-to-date symlink: /ros2_ws_multirobots/install/practica1/share/practica1/local_setup.zsh
[0.798s] -- Up-to-date symlink: /ros2_ws_multirobots/install/practica1/share/practica1/local_setup.dsv
[0.799s] -- Symlinking: /ros2_ws_multirobots/install/practica1/share/practica1/package.dsv
[0.810s] -- Up-to-date symlink: /ros2_ws_multirobots/install/practica1/share/ament_index/resource_index/packages/practica1
[0.811s] -- Up-to-date symlink: /ros2_ws_multirobots/install/practica1/share/practica1/cmake/practica1Config.cmake
[0.811s] -- Up-to-date symlink: /ros2_ws_multirobots/install/practica1/share/practica1/cmake/practica1Config-version.cmake
[0.811s] -- Up-to-date symlink: /ros2_ws_multirobots/install/practica1/share/practica1/package.xml
[0.813s] Invoked command in '/ros2_ws_multirobots/build/practica1' returned '0': CMAKE_PREFIX_PATH=${CMAKE_PREFIX_PATH}:/opt/ros/jazzy /usr/bin/cmake --install /ros2_ws_multirobots/build/practica1
