[0.014s] Invoking command in '/ros2_ws_multirobots/build/down_camera_bot': CMAKE_PREFIX_PATH=${CMAKE_PREFIX_PATH}:/opt/ros/jazzy /usr/bin/cmake --build /ros2_ws_multirobots/build/down_camera_bot -- -j16 -l16
[0.078s] Invoked command in '/ros2_ws_multirobots/build/down_camera_bot' returned '0': CMAKE_PREFIX_PATH=${CMAKE_PREFIX_PATH}:/opt/ros/jazzy /usr/bin/cmake --build /ros2_ws_multirobots/build/down_camera_bot -- -j16 -l16
[0.101s] Invoking command in '/ros2_ws_multirobots/build/down_camera_bot': CMAKE_PREFIX_PATH=${CMAKE_PREFIX_PATH}:/opt/ros/jazzy /usr/bin/cmake --install /ros2_ws_multirobots/build/down_camera_bot
[0.110s] -- Install configuration: ""
[0.111s] -- Execute custom install script
[0.111s] -- Up-to-date symlink: /ros2_ws_multirobots/install/down_camera_bot/share/down_camera_bot/launch/spawn.launch.py
[0.111s] -- Up-to-date symlink: /ros2_ws_multirobots/install/down_camera_bot/share/down_camera_bot/urdf/cubo_camara.urdf
[0.111s] -- Up-to-date symlink: /ros2_ws_multirobots/install/down_camera_bot/share/down_camera_bot/worlds/camera.sdf
[0.111s] -- Up-to-date symlink: /ros2_ws_multirobots/install/down_camera_bot/share/ament_index/resource_index/package_run_dependencies/down_camera_bot
[0.112s] -- Up-to-date symlink: /ros2_ws_multirobots/install/down_camera_bot/share/ament_index/resource_index/parent_prefix_path/down_camera_bot
[0.112s] -- Up-to-date symlink: /ros2_ws_multirobots/install/down_camera_bot/share/down_camera_bot/environment/ament_prefix_path.sh
[0.112s] -- Up-to-date symlink: /ros2_ws_multirobots/install/down_camera_bot/share/down_camera_bot/environment/ament_prefix_path.dsv
[0.112s] -- Up-to-date symlink: /ros2_ws_multirobots/install/down_camera_bot/share/down_camera_bot/environment/path.sh
[0.112s] -- Up-to-date symlink: /ros2_ws_multirobots/install/down_camera_bot/share/down_camera_bot/environment/path.dsv
[0.112s] -- Up-to-date symlink: /ros2_ws_multirobots/install/down_camera_bot/share/down_camera_bot/local_setup.bash
[0.112s] -- Up-to-date symlink: /ros2_ws_multirobots/install/down_camera_bot/share/down_camera_bot/local_setup.sh
[0.113s] -- Up-to-date symlink: /ros2_ws_multirobots/install/down_camera_bot/share/down_camera_bot/local_setup.zsh
[0.113s] -- Up-to-date symlink: /ros2_ws_multirobots/install/down_camera_bot/share/down_camera_bot/local_setup.dsv
[0.113s] -- Symlinking: /ros2_ws_multirobots/install/down_camera_bot/share/down_camera_bot/package.dsv
[0.129s] -- Up-to-date symlink: /ros2_ws_multirobots/install/down_camera_bot/share/ament_index/resource_index/packages/down_camera_bot
[0.129s] -- Up-to-date symlink: /ros2_ws_multirobots/install/down_camera_bot/share/down_camera_bot/cmake/down_camera_botConfig.cmake
[0.129s] -- Up-to-date symlink: /ros2_ws_multirobots/install/down_camera_bot/share/down_camera_bot/cmake/down_camera_botConfig-version.cmake
[0.129s] -- Up-to-date symlink: /ros2_ws_multirobots/install/down_camera_bot/share/down_camera_bot/package.xml
[0.131s] Invoked command in '/ros2_ws_multirobots/build/down_camera_bot' returned '0': CMAKE_PREFIX_PATH=${CMAKE_PREFIX_PATH}:/opt/ros/jazzy /usr/bin/cmake --install /ros2_ws_multirobots/build/down_camera_bot
