[0.012s] Invoking command in '/ros2_ws_multirobots/build/robot_bringup': CMAKE_PREFIX_PATH=${CMAKE_PREFIX_PATH}:/opt/ros/jazzy /usr/bin/cmake /ros2_ws_multirobots/src/robot_bringup -DCMAKE_INSTALL_PREFIX=/ros2_ws_multirobots/install/robot_bringup
[0.080s] -- The C compiler identification is GNU 13.3.0
[0.150s] -- The CXX compiler identification is GNU 13.3.0
[0.181s] -- Detecting C compiler ABI info
[0.313s] -- Detecting C compiler ABI info - done
[0.335s] -- Check for working C compiler: /usr/bin/cc - skipped
[0.335s] -- Detecting C compile features
[0.336s] -- Detecting C compile features - done
[0.352s] -- Detecting CXX compiler ABI info
[0.513s] -- Detecting CXX compiler ABI info - done
[0.537s] -- Check for working CXX compiler: /usr/bin/c++ - skipped
[0.537s] -- Detecting CXX compile features
[0.538s] -- Detecting CXX compile features - done
[0.548s] -- Found ament_cmake: 2.5.4 (/opt/ros/jazzy/share/ament_cmake/cmake)
[0.719s] -- Found Python3: /usr/bin/python3 (found version "3.12.3") found components: Interpreter 
[0.877s] -- Found ament_lint_auto: 0.17.3 (/opt/ros/jazzy/share/ament_lint_auto/cmake)
[0.989s] -- Added test 'flake8' to check Python code syntax and style conventions
[0.989s] -- Configured 'flake8' exclude dirs and/or files: 
[0.989s] -- Added test 'lint_cmake' to check CMake code style
[0.990s] -- Added test 'pep257' to check Python code against some of the docstring style conventions in PEP 257
[0.991s] -- Added test 'xmllint' to check XML markup files
[0.993s] -- Configuring done (1.0s)
[0.997s] -- Generating done (0.0s)
[0.999s] -- Build files have been written to: /ros2_ws_multirobots/build/robot_bringup
[1.003s] Invoked command in '/ros2_ws_multirobots/build/robot_bringup' returned '0': CMAKE_PREFIX_PATH=${CMAKE_PREFIX_PATH}:/opt/ros/jazzy /usr/bin/cmake /ros2_ws_multirobots/src/robot_bringup -DCMAKE_INSTALL_PREFIX=/ros2_ws_multirobots/install/robot_bringup
[1.006s] Invoking command in '/ros2_ws_multirobots/build/robot_bringup': CMAKE_PREFIX_PATH=${CMAKE_PREFIX_PATH}:/opt/ros/jazzy /usr/bin/cmake --build /ros2_ws_multirobots/build/robot_bringup -- -j16 -l16
[1.080s] Invoked command in '/ros2_ws_multirobots/build/robot_bringup' returned '0': CMAKE_PREFIX_PATH=${CMAKE_PREFIX_PATH}:/opt/ros/jazzy /usr/bin/cmake --build /ros2_ws_multirobots/build/robot_bringup -- -j16 -l16
[1.082s] Invoking command in '/ros2_ws_multirobots/build/robot_bringup': CMAKE_PREFIX_PATH=${CMAKE_PREFIX_PATH}:/opt/ros/jazzy /usr/bin/cmake --install /ros2_ws_multirobots/build/robot_bringup
[1.098s] -- Install configuration: ""
[1.099s] -- Installing: /ros2_ws_multirobots/install/robot_bringup/share/robot_bringup/launch
[1.099s] -- Installing: /ros2_ws_multirobots/install/robot_bringup/share/robot_bringup/launch/robot_bringup.launch.py
[1.099s] -- Installing: /ros2_ws_multirobots/install/robot_bringup/share/robot_bringup/world
[1.100s] -- Installing: /ros2_ws_multirobots/install/robot_bringup/share/robot_bringup/world/my_world.sdf
[1.100s] -- Installing: /ros2_ws_multirobots/install/robot_bringup/share/robot_bringup/config
[1.100s] -- Installing: /ros2_ws_multirobots/install/robot_bringup/share/robot_bringup/config/bridge_config.yaml
[1.101s] -- Installing: /ros2_ws_multirobots/install/robot_bringup/share/ament_index/resource_index/package_run_dependencies/robot_bringup
[1.101s] -- Installing: /ros2_ws_multirobots/install/robot_bringup/share/ament_index/resource_index/parent_prefix_path/robot_bringup
[1.101s] -- Installing: /ros2_ws_multirobots/install/robot_bringup/share/robot_bringup/environment/ament_prefix_path.sh
[1.101s] -- Installing: /ros2_ws_multirobots/install/robot_bringup/share/robot_bringup/environment/ament_prefix_path.dsv
[1.102s] -- Installing: /ros2_ws_multirobots/install/robot_bringup/share/robot_bringup/environment/path.sh
[1.102s] -- Installing: /ros2_ws_multirobots/install/robot_bringup/share/robot_bringup/environment/path.dsv
[1.102s] -- Installing: /ros2_ws_multirobots/install/robot_bringup/share/robot_bringup/local_setup.bash
[1.103s] -- Installing: /ros2_ws_multirobots/install/robot_bringup/share/robot_bringup/local_setup.sh
[1.103s] -- Installing: /ros2_ws_multirobots/install/robot_bringup/share/robot_bringup/local_setup.zsh
[1.104s] -- Installing: /ros2_ws_multirobots/install/robot_bringup/share/robot_bringup/local_setup.dsv
[1.105s] -- Installing: /ros2_ws_multirobots/install/robot_bringup/share/robot_bringup/package.dsv
[1.106s] -- Installing: /ros2_ws_multirobots/install/robot_bringup/share/ament_index/resource_index/packages/robot_bringup
[1.106s] -- Installing: /ros2_ws_multirobots/install/robot_bringup/share/robot_bringup/cmake/robot_bringupConfig.cmake
[1.107s] -- Installing: /ros2_ws_multirobots/install/robot_bringup/share/robot_bringup/cmake/robot_bringupConfig-version.cmake
[1.107s] -- Installing: /ros2_ws_multirobots/install/robot_bringup/share/robot_bringup/package.xml
[1.108s] Invoked command in '/ros2_ws_multirobots/build/robot_bringup' returned '0': CMAKE_PREFIX_PATH=${CMAKE_PREFIX_PATH}:/opt/ros/jazzy /usr/bin/cmake --install /ros2_ws_multirobots/build/robot_bringup
