-- Found ament_cmake: 2.5.4 (/opt/ros/jazzy/share/ament_cmake/cmake)
-- Override CMake install command with custom implementation using symlinks instead of copying resources
-- Found ament_lint_auto: 0.17.3 (/opt/ros/jazzy/share/ament_lint_auto/cmake)
-- Added test 'flake8' to check Python code syntax and style conventions
-- Configured 'flake8' exclude dirs and/or files: 
-- Added test 'lint_cmake' to check CMake code style
-- Added test 'pep257' to check Python code against some of the docstring style conventions in PEP 257
-- Added test 'xmllint' to check XML markup files
-- Configuring done (0.4s)
-- Generating done (0.0s)
-- Build files have been written to: /ros2_ws_multirobots/build/robot_bringup
-- Install configuration: ""
-- Execute custom install script
-- Symlinking: /ros2_ws_multirobots/install/robot_bringup/share/robot_bringup/launch/robot_bringup.launch.py
-- Symlinking: /ros2_ws_multirobots/install/robot_bringup/share/robot_bringup/world/my_world.sdf
-- Symlinking: /ros2_ws_multirobots/install/robot_bringup/share/robot_bringup/config/bridge_config.yaml
-- Symlinking: /ros2_ws_multirobots/install/robot_bringup/share/ament_index/resource_index/package_run_dependencies/robot_bringup
-- Symlinking: /ros2_ws_multirobots/install/robot_bringup/share/ament_index/resource_index/parent_prefix_path/robot_bringup
-- Symlinking: /ros2_ws_multirobots/install/robot_bringup/share/robot_bringup/environment/ament_prefix_path.sh
-- Symlinking: /ros2_ws_multirobots/install/robot_bringup/share/robot_bringup/environment/ament_prefix_path.dsv
-- Symlinking: /ros2_ws_multirobots/install/robot_bringup/share/robot_bringup/environment/path.sh
-- Symlinking: /ros2_ws_multirobots/install/robot_bringup/share/robot_bringup/environment/path.dsv
-- Symlinking: /ros2_ws_multirobots/install/robot_bringup/share/robot_bringup/local_setup.bash
-- Symlinking: /ros2_ws_multirobots/install/robot_bringup/share/robot_bringup/local_setup.sh
-- Symlinking: /ros2_ws_multirobots/install/robot_bringup/share/robot_bringup/local_setup.zsh
-- Symlinking: /ros2_ws_multirobots/install/robot_bringup/share/robot_bringup/local_setup.dsv
-- Symlinking: /ros2_ws_multirobots/install/robot_bringup/share/robot_bringup/package.dsv
-- Symlinking: /ros2_ws_multirobots/install/robot_bringup/share/ament_index/resource_index/packages/robot_bringup
-- Symlinking: /ros2_ws_multirobots/install/robot_bringup/share/robot_bringup/cmake/robot_bringupConfig.cmake
-- Symlinking: /ros2_ws_multirobots/install/robot_bringup/share/robot_bringup/cmake/robot_bringupConfig-version.cmake
-- Symlinking: /ros2_ws_multirobots/install/robot_bringup/share/robot_bringup/package.xml
