[0.105s] DEBUG:colcon:Command line arguments: ['/usr/bin/colcon', 'build']
[0.105s] DEBUG:colcon:Parsed command line arguments: Namespace(log_base=None, log_level=None, verb_name='build', build_base='build', install_base='install', merge_install=False, symlink_install=False, test_result_base=None, continue_on_error=False, executor='parallel', parallel_workers=16, event_handlers=None, ignore_user_meta=False, metas=['./colcon.meta'], base_paths=['.'], packages_ignore=None, packages_ignore_regex=None, paths=None, packages_up_to=None, packages_up_to_regex=None, packages_above=None, packages_above_and_dependencies=None, packages_above_depth=None, packages_select_by_dep=None, packages_skip_by_dep=None, packages_skip_up_to=None, packages_select_build_failed=False, packages_skip_build_finished=False, packages_select_test_failures=False, packages_skip_test_passed=False, packages_select=None, packages_skip=None, packages_select_regex=None, packages_skip_regex=None, packages_start=None, packages_end=None, cmake_args=None, cmake_target=None, cmake_target_skip_unavailable=False, cmake_clean_cache=False, cmake_clean_first=False, cmake_force_configure=False, ament_cmake_args=None, catkin_cmake_args=None, catkin_skip_building_tests=False, mixin_files=None, mixin=None, verb_parser=<colcon_mixin.mixin.mixin_argument.MixinArgumentDecorator object at 0x7f15dbff47d0>, verb_extension=<colcon_core.verb.build.BuildVerb object at 0x7f15dc14c8c0>, main=<bound method BuildVerb.main of <colcon_core.verb.build.BuildVerb object at 0x7f15dc14c8c0>>, mixin_verb=('build',))
[0.142s] Level 1:colcon.colcon_core.package_discovery:discover_packages(colcon_meta) check parameters
[0.143s] INFO:colcon.colcon_metadata.package_discovery.colcon_meta:Using configuration from '/root/.colcon/metadata/default/Gazebo.meta'
[0.143s] INFO:colcon.colcon_metadata.package_discovery.colcon_meta:Using configuration from '/root/.colcon/metadata/default/fastdds.meta'
[0.143s] INFO:colcon.colcon_metadata.package_discovery.colcon_meta:Using configuration from '/root/.colcon/metadata/default/fastrtps.meta'
[0.143s] Level 1:colcon.colcon_core.package_discovery:discover_packages(recursive) check parameters
[0.143s] Level 1:colcon.colcon_core.package_discovery:discover_packages(ignore) check parameters
[0.143s] Level 1:colcon.colcon_core.package_discovery:discover_packages(path) check parameters
[0.143s] Level 1:colcon.colcon_core.package_discovery:discover_packages(colcon_meta) discover
[0.143s] Level 1:colcon.colcon_core.package_discovery:discover_packages(recursive) discover
[0.144s] INFO:colcon.colcon_core.package_discovery:Crawling recursively for packages in '/ros2_ws_multirobots'
[0.144s] Level 1:colcon.colcon_core.package_identification:_identify(.) by extensions ['ignore', 'ignore_ament_install']
[0.144s] Level 1:colcon.colcon_core.package_identification:_identify(.) by extension 'ignore'
[0.144s] Level 1:colcon.colcon_core.package_identification:_identify(.) by extension 'ignore_ament_install'
[0.144s] Level 1:colcon.colcon_core.package_identification:_identify(.) by extensions ['colcon_pkg']
[0.144s] Level 1:colcon.colcon_core.package_identification:_identify(.) by extension 'colcon_pkg'
[0.144s] Level 1:colcon.colcon_core.package_identification:_identify(.) by extensions ['colcon_meta']
[0.144s] Level 1:colcon.colcon_core.package_identification:_identify(.) by extension 'colcon_meta'
[0.144s] Level 1:colcon.colcon_core.package_identification:_identify(.) by extensions ['ros']
[0.144s] Level 1:colcon.colcon_core.package_identification:_identify(.) by extension 'ros'
[0.166s] Level 1:colcon.colcon_core.package_identification:_identify(.) by extensions ['cmake', 'python']
[0.166s] Level 1:colcon.colcon_core.package_identification:_identify(.) by extension 'cmake'
[0.166s] Level 1:colcon.colcon_core.package_identification:_identify(.) by extension 'python'
[0.166s] Level 1:colcon.colcon_core.package_identification:_identify(.) by extensions ['python_setup_py']
[0.166s] Level 1:colcon.colcon_core.package_identification:_identify(.) by extension 'python_setup_py'
[0.167s] Level 1:colcon.colcon_core.package_identification:_identify(build) by extensions ['ignore', 'ignore_ament_install']
[0.167s] Level 1:colcon.colcon_core.package_identification:_identify(build) by extension 'ignore'
[0.167s] Level 1:colcon.colcon_core.package_identification:_identify(build) ignored
[0.167s] Level 1:colcon.colcon_core.package_identification:_identify(docs) by extensions ['ignore', 'ignore_ament_install']
[0.167s] Level 1:colcon.colcon_core.package_identification:_identify(docs) by extension 'ignore'
[0.167s] Level 1:colcon.colcon_core.package_identification:_identify(docs) by extension 'ignore_ament_install'
[0.167s] Level 1:colcon.colcon_core.package_identification:_identify(docs) by extensions ['colcon_pkg']
[0.167s] Level 1:colcon.colcon_core.package_identification:_identify(docs) by extension 'colcon_pkg'
[0.167s] Level 1:colcon.colcon_core.package_identification:_identify(docs) by extensions ['colcon_meta']
[0.167s] Level 1:colcon.colcon_core.package_identification:_identify(docs) by extension 'colcon_meta'
[0.167s] Level 1:colcon.colcon_core.package_identification:_identify(docs) by extensions ['ros']
[0.167s] Level 1:colcon.colcon_core.package_identification:_identify(docs) by extension 'ros'
[0.167s] Level 1:colcon.colcon_core.package_identification:_identify(docs) by extensions ['cmake', 'python']
[0.167s] Level 1:colcon.colcon_core.package_identification:_identify(docs) by extension 'cmake'
[0.167s] Level 1:colcon.colcon_core.package_identification:_identify(docs) by extension 'python'
[0.167s] Level 1:colcon.colcon_core.package_identification:_identify(docs) by extensions ['python_setup_py']
[0.167s] Level 1:colcon.colcon_core.package_identification:_identify(docs) by extension 'python_setup_py'
[0.167s] Level 1:colcon.colcon_core.package_identification:_identify(install) by extensions ['ignore', 'ignore_ament_install']
[0.167s] Level 1:colcon.colcon_core.package_identification:_identify(install) by extension 'ignore'
[0.168s] Level 1:colcon.colcon_core.package_identification:_identify(install) ignored
[0.168s] Level 1:colcon.colcon_core.package_identification:_identify(log) by extensions ['ignore', 'ignore_ament_install']
[0.168s] Level 1:colcon.colcon_core.package_identification:_identify(log) by extension 'ignore'
[0.168s] Level 1:colcon.colcon_core.package_identification:_identify(log) ignored
[0.168s] Level 1:colcon.colcon_core.package_identification:_identify(src) by extensions ['ignore', 'ignore_ament_install']
[0.168s] Level 1:colcon.colcon_core.package_identification:_identify(src) by extension 'ignore'
[0.168s] Level 1:colcon.colcon_core.package_identification:_identify(src) by extension 'ignore_ament_install'
[0.168s] Level 1:colcon.colcon_core.package_identification:_identify(src) by extensions ['colcon_pkg']
[0.168s] Level 1:colcon.colcon_core.package_identification:_identify(src) by extension 'colcon_pkg'
[0.168s] Level 1:colcon.colcon_core.package_identification:_identify(src) by extensions ['colcon_meta']
[0.168s] Level 1:colcon.colcon_core.package_identification:_identify(src) by extension 'colcon_meta'
[0.168s] Level 1:colcon.colcon_core.package_identification:_identify(src) by extensions ['ros']
[0.168s] Level 1:colcon.colcon_core.package_identification:_identify(src) by extension 'ros'
[0.168s] Level 1:colcon.colcon_core.package_identification:_identify(src) by extensions ['cmake', 'python']
[0.168s] Level 1:colcon.colcon_core.package_identification:_identify(src) by extension 'cmake'
[0.168s] Level 1:colcon.colcon_core.package_identification:_identify(src) by extension 'python'
[0.168s] Level 1:colcon.colcon_core.package_identification:_identify(src) by extensions ['python_setup_py']
[0.168s] Level 1:colcon.colcon_core.package_identification:_identify(src) by extension 'python_setup_py'
[0.168s] Level 1:colcon.colcon_core.package_identification:_identify(src/build) by extensions ['ignore', 'ignore_ament_install']
[0.168s] Level 1:colcon.colcon_core.package_identification:_identify(src/build) by extension 'ignore'
[0.169s] Level 1:colcon.colcon_core.package_identification:_identify(src/build) ignored
[0.169s] Level 1:colcon.colcon_core.package_identification:_identify(src/install) by extensions ['ignore', 'ignore_ament_install']
[0.169s] Level 1:colcon.colcon_core.package_identification:_identify(src/install) by extension 'ignore'
[0.169s] Level 1:colcon.colcon_core.package_identification:_identify(src/install) ignored
[0.169s] Level 1:colcon.colcon_core.package_identification:_identify(src/log) by extensions ['ignore', 'ignore_ament_install']
[0.169s] Level 1:colcon.colcon_core.package_identification:_identify(src/log) by extension 'ignore'
[0.169s] Level 1:colcon.colcon_core.package_identification:_identify(src/log) ignored
[0.169s] Level 1:colcon.colcon_core.package_identification:_identify(src/practica1) by extensions ['ignore', 'ignore_ament_install']
[0.169s] Level 1:colcon.colcon_core.package_identification:_identify(src/practica1) by extension 'ignore'
[0.169s] Level 1:colcon.colcon_core.package_identification:_identify(src/practica1) by extension 'ignore_ament_install'
[0.169s] Level 1:colcon.colcon_core.package_identification:_identify(src/practica1) by extensions ['colcon_pkg']
[0.169s] Level 1:colcon.colcon_core.package_identification:_identify(src/practica1) by extension 'colcon_pkg'
[0.169s] Level 1:colcon.colcon_core.package_identification:_identify(src/practica1) by extensions ['colcon_meta']
[0.169s] Level 1:colcon.colcon_core.package_identification:_identify(src/practica1) by extension 'colcon_meta'
[0.169s] Level 1:colcon.colcon_core.package_identification:_identify(src/practica1) by extensions ['ros']
[0.169s] Level 1:colcon.colcon_core.package_identification:_identify(src/practica1) by extension 'ros'
[0.171s] DEBUG:colcon.colcon_core.package_identification:Package 'src/practica1' with type 'ros.ament_cmake' and name 'practica1'
[0.171s] Level 1:colcon.colcon_core.package_identification:_identify(src/robot_bringup) by extensions ['ignore', 'ignore_ament_install']
[0.171s] Level 1:colcon.colcon_core.package_identification:_identify(src/robot_bringup) by extension 'ignore'
[0.172s] Level 1:colcon.colcon_core.package_identification:_identify(src/robot_bringup) by extension 'ignore_ament_install'
[0.172s] Level 1:colcon.colcon_core.package_identification:_identify(src/robot_bringup) by extensions ['colcon_pkg']
[0.172s] Level 1:colcon.colcon_core.package_identification:_identify(src/robot_bringup) by extension 'colcon_pkg'
[0.172s] Level 1:colcon.colcon_core.package_identification:_identify(src/robot_bringup) by extensions ['colcon_meta']
[0.172s] Level 1:colcon.colcon_core.package_identification:_identify(src/robot_bringup) by extension 'colcon_meta'
[0.172s] Level 1:colcon.colcon_core.package_identification:_identify(src/robot_bringup) by extensions ['ros']
[0.172s] Level 1:colcon.colcon_core.package_identification:_identify(src/robot_bringup) by extension 'ros'
[0.172s] DEBUG:colcon.colcon_core.package_identification:Package 'src/robot_bringup' with type 'ros.ament_cmake' and name 'robot_bringup'
[0.172s] Level 1:colcon.colcon_core.package_discovery:discover_packages(recursive) using defaults
[0.172s] Level 1:colcon.colcon_core.package_discovery:discover_packages(ignore) discover
[0.172s] Level 1:colcon.colcon_core.package_discovery:discover_packages(ignore) using defaults
[0.172s] Level 1:colcon.colcon_core.package_discovery:discover_packages(path) discover
[0.172s] Level 1:colcon.colcon_core.package_discovery:discover_packages(path) using defaults
[0.188s] Level 5:colcon.colcon_core.verb:set package 'practica1' build argument 'cmake_args' from command line to 'None'
[0.188s] Level 5:colcon.colcon_core.verb:set package 'practica1' build argument 'cmake_target' from command line to 'None'
[0.188s] Level 5:colcon.colcon_core.verb:set package 'practica1' build argument 'cmake_target_skip_unavailable' from command line to 'False'
[0.188s] Level 5:colcon.colcon_core.verb:set package 'practica1' build argument 'cmake_clean_cache' from command line to 'False'
[0.188s] Level 5:colcon.colcon_core.verb:set package 'practica1' build argument 'cmake_clean_first' from command line to 'False'
[0.188s] Level 5:colcon.colcon_core.verb:set package 'practica1' build argument 'cmake_force_configure' from command line to 'False'
[0.189s] Level 5:colcon.colcon_core.verb:set package 'practica1' build argument 'ament_cmake_args' from command line to 'None'
[0.189s] Level 5:colcon.colcon_core.verb:set package 'practica1' build argument 'catkin_cmake_args' from command line to 'None'
[0.189s] Level 5:colcon.colcon_core.verb:set package 'practica1' build argument 'catkin_skip_building_tests' from command line to 'False'
[0.189s] DEBUG:colcon.colcon_core.verb:Building package 'practica1' with the following arguments: {'ament_cmake_args': None, 'build_base': '/ros2_ws_multirobots/build/practica1', 'catkin_cmake_args': None, 'catkin_skip_building_tests': False, 'cmake_args': None, 'cmake_clean_cache': False, 'cmake_clean_first': False, 'cmake_force_configure': False, 'cmake_target': None, 'cmake_target_skip_unavailable': False, 'install_base': '/ros2_ws_multirobots/install/practica1', 'merge_install': False, 'path': '/ros2_ws_multirobots/src/practica1', 'symlink_install': False, 'test_result_base': None}
[0.189s] Level 5:colcon.colcon_core.verb:set package 'robot_bringup' build argument 'cmake_args' from command line to 'None'
[0.189s] Level 5:colcon.colcon_core.verb:set package 'robot_bringup' build argument 'cmake_target' from command line to 'None'
[0.189s] Level 5:colcon.colcon_core.verb:set package 'robot_bringup' build argument 'cmake_target_skip_unavailable' from command line to 'False'
[0.189s] Level 5:colcon.colcon_core.verb:set package 'robot_bringup' build argument 'cmake_clean_cache' from command line to 'False'
[0.189s] Level 5:colcon.colcon_core.verb:set package 'robot_bringup' build argument 'cmake_clean_first' from command line to 'False'
[0.189s] Level 5:colcon.colcon_core.verb:set package 'robot_bringup' build argument 'cmake_force_configure' from command line to 'False'
[0.189s] Level 5:colcon.colcon_core.verb:set package 'robot_bringup' build argument 'ament_cmake_args' from command line to 'None'
[0.189s] Level 5:colcon.colcon_core.verb:set package 'robot_bringup' build argument 'catkin_cmake_args' from command line to 'None'
[0.189s] Level 5:colcon.colcon_core.verb:set package 'robot_bringup' build argument 'catkin_skip_building_tests' from command line to 'False'
[0.189s] DEBUG:colcon.colcon_core.verb:Building package 'robot_bringup' with the following arguments: {'ament_cmake_args': None, 'build_base': '/ros2_ws_multirobots/build/robot_bringup', 'catkin_cmake_args': None, 'catkin_skip_building_tests': False, 'cmake_args': None, 'cmake_clean_cache': False, 'cmake_clean_first': False, 'cmake_force_configure': False, 'cmake_target': None, 'cmake_target_skip_unavailable': False, 'install_base': '/ros2_ws_multirobots/install/robot_bringup', 'merge_install': False, 'path': '/ros2_ws_multirobots/src/robot_bringup', 'symlink_install': False, 'test_result_base': None}
[0.189s] INFO:colcon.colcon_core.executor:Executing jobs using 'parallel' executor
[0.190s] DEBUG:colcon.colcon_parallel_executor.executor.parallel:run_until_complete
[0.191s] INFO:colcon.colcon_ros.task.ament_cmake.build:Building ROS package in '/ros2_ws_multirobots/src/practica1' with build type 'ament_cmake'
[0.191s] INFO:colcon.colcon_cmake.task.cmake.build:Building CMake package in '/ros2_ws_multirobots/src/practica1'
[0.194s] INFO:colcon.colcon_core.plugin_system:Skipping extension 'colcon_core.shell.bat': Not used on non-Windows systems
[0.194s] INFO:colcon.colcon_core.shell:Skip shell extension 'powershell' for command environment: Not usable outside of PowerShell
[0.194s] DEBUG:colcon.colcon_core.shell:Skip shell extension 'dsv' for command environment
[0.209s] DEBUG:colcon.colcon_core.event_handler.log_command:Invoking command in '/ros2_ws_multirobots/build/practica1': CMAKE_PREFIX_PATH=${CMAKE_PREFIX_PATH}:/opt/ros/jazzy /usr/bin/cmake --build /ros2_ws_multirobots/build/practica1 -- -j16 -l16
[0.279s] DEBUG:colcon.colcon_core.event_handler.log_command:Invoked command in '/ros2_ws_multirobots/build/practica1' returned '0': CMAKE_PREFIX_PATH=${CMAKE_PREFIX_PATH}:/opt/ros/jazzy /usr/bin/cmake --build /ros2_ws_multirobots/build/practica1 -- -j16 -l16
[0.292s] DEBUG:colcon.colcon_core.event_handler.log_command:Invoking command in '/ros2_ws_multirobots/build/practica1': CMAKE_PREFIX_PATH=${CMAKE_PREFIX_PATH}:/opt/ros/jazzy /usr/bin/cmake --install /ros2_ws_multirobots/build/practica1
[0.320s] Level 1:colcon.colcon_core.environment:create_environment_scripts_only(practica1)
[0.321s] DEBUG:colcon.colcon_core.event_handler.log_command:Invoked command in '/ros2_ws_multirobots/build/practica1' returned '0': CMAKE_PREFIX_PATH=${CMAKE_PREFIX_PATH}:/opt/ros/jazzy /usr/bin/cmake --install /ros2_ws_multirobots/build/practica1
[0.326s] Level 1:colcon.colcon_core.environment:checking '/ros2_ws_multirobots/install/practica1' for CMake module files
[0.328s] Level 1:colcon.colcon_core.environment:checking '/ros2_ws_multirobots/install/practica1' for CMake config files
[0.328s] Level 1:colcon.colcon_core.shell:create_environment_hook('practica1', 'cmake_prefix_path')
[0.329s] INFO:colcon.colcon_core.shell:Creating environment hook '/ros2_ws_multirobots/install/practica1/share/practica1/hook/cmake_prefix_path.ps1'
[0.330s] INFO:colcon.colcon_core.shell:Creating environment descriptor '/ros2_ws_multirobots/install/practica1/share/practica1/hook/cmake_prefix_path.dsv'
[0.331s] INFO:colcon.colcon_core.shell:Creating environment hook '/ros2_ws_multirobots/install/practica1/share/practica1/hook/cmake_prefix_path.sh'
[0.333s] Level 1:colcon.colcon_core.environment:checking '/ros2_ws_multirobots/install/practica1/bin'
[0.333s] Level 1:colcon.colcon_core.environment:checking '/ros2_ws_multirobots/install/practica1/lib/pkgconfig/practica1.pc'
[0.337s] Level 1:colcon.colcon_core.environment:checking '/ros2_ws_multirobots/install/practica1/lib/python3.12/site-packages'
[0.338s] Level 1:colcon.colcon_core.environment:checking '/ros2_ws_multirobots/install/practica1/bin'
[0.339s] INFO:colcon.colcon_core.shell:Creating package script '/ros2_ws_multirobots/install/practica1/share/practica1/package.ps1'
[0.340s] INFO:colcon.colcon_core.shell:Creating package descriptor '/ros2_ws_multirobots/install/practica1/share/practica1/package.dsv'
[0.341s] INFO:colcon.colcon_core.shell:Creating package script '/ros2_ws_multirobots/install/practica1/share/practica1/package.sh'
[0.342s] INFO:colcon.colcon_core.shell:Creating package script '/ros2_ws_multirobots/install/practica1/share/practica1/package.bash'
[0.344s] INFO:colcon.colcon_core.shell:Creating package script '/ros2_ws_multirobots/install/practica1/share/practica1/package.zsh'
[0.345s] Level 1:colcon.colcon_core.environment:create_file_with_runtime_dependencies(/ros2_ws_multirobots/install/practica1/share/colcon-core/packages/practica1)
[0.346s] Level 1:colcon.colcon_core.environment:create_environment_scripts_only(practica1)
[0.346s] Level 1:colcon.colcon_core.environment:checking '/ros2_ws_multirobots/install/practica1' for CMake module files
[0.347s] Level 1:colcon.colcon_core.environment:checking '/ros2_ws_multirobots/install/practica1' for CMake config files
[0.348s] Level 1:colcon.colcon_core.shell:create_environment_hook('practica1', 'cmake_prefix_path')
[0.348s] INFO:colcon.colcon_core.shell:Creating environment hook '/ros2_ws_multirobots/install/practica1/share/practica1/hook/cmake_prefix_path.ps1'
[0.349s] INFO:colcon.colcon_core.shell:Creating environment descriptor '/ros2_ws_multirobots/install/practica1/share/practica1/hook/cmake_prefix_path.dsv'
[0.350s] INFO:colcon.colcon_core.shell:Creating environment hook '/ros2_ws_multirobots/install/practica1/share/practica1/hook/cmake_prefix_path.sh'
[0.351s] Level 1:colcon.colcon_core.environment:checking '/ros2_ws_multirobots/install/practica1/bin'
[0.351s] Level 1:colcon.colcon_core.environment:checking '/ros2_ws_multirobots/install/practica1/lib/pkgconfig/practica1.pc'
[0.351s] Level 1:colcon.colcon_core.environment:checking '/ros2_ws_multirobots/install/practica1/lib/python3.12/site-packages'
[0.352s] Level 1:colcon.colcon_core.environment:checking '/ros2_ws_multirobots/install/practica1/bin'
[0.352s] INFO:colcon.colcon_core.shell:Creating package script '/ros2_ws_multirobots/install/practica1/share/practica1/package.ps1'
[0.353s] INFO:colcon.colcon_core.shell:Creating package descriptor '/ros2_ws_multirobots/install/practica1/share/practica1/package.dsv'
[0.354s] INFO:colcon.colcon_core.shell:Creating package script '/ros2_ws_multirobots/install/practica1/share/practica1/package.sh'
[0.355s] INFO:colcon.colcon_core.shell:Creating package script '/ros2_ws_multirobots/install/practica1/share/practica1/package.bash'
[0.356s] INFO:colcon.colcon_core.shell:Creating package script '/ros2_ws_multirobots/install/practica1/share/practica1/package.zsh'
[0.357s] Level 1:colcon.colcon_core.environment:create_file_with_runtime_dependencies(/ros2_ws_multirobots/install/practica1/share/colcon-core/packages/practica1)
[0.358s] INFO:colcon.colcon_ros.task.ament_cmake.build:Building ROS package in '/ros2_ws_multirobots/src/robot_bringup' with build type 'ament_cmake'
[0.358s] INFO:colcon.colcon_cmake.task.cmake.build:Building CMake package in '/ros2_ws_multirobots/src/robot_bringup'
[0.359s] INFO:colcon.colcon_core.shell:Skip shell extension 'powershell' for command environment: Not usable outside of PowerShell
[0.359s] DEBUG:colcon.colcon_core.shell:Skip shell extension 'dsv' for command environment
[0.381s] DEBUG:colcon.colcon_core.event_handler.log_command:Invoking command in '/ros2_ws_multirobots/build/robot_bringup': CMAKE_PREFIX_PATH=/ros2_ws_multirobots/install/practica1:/ros2_ws_multirobots/install/robot_bringup:/ros2_ws_multirobots/install/my_robot_description:/ros2_ws_multirobots/install/down_camera_bot:/opt/ros/jazzy/opt/gz_sim_vendor:/opt/ros/jazzy/opt/gz_sensors_vendor:/opt/ros/jazzy/opt/gz_physics_vendor:/opt/ros/jazzy/opt/sdformat_vendor:/opt/ros/jazzy/opt/gz_gui_vendor:/opt/ros/jazzy/opt/gz_transport_vendor:/opt/ros/jazzy/opt/gz_rendering_vendor:/opt/ros/jazzy/opt/gz_plugin_vendor:/opt/ros/jazzy/opt/gz_fuel_tools_vendor:/opt/ros/jazzy/opt/gz_msgs_vendor:/opt/ros/jazzy/opt/gz_common_vendor:/opt/ros/jazzy/opt/gz_math_vendor:/opt/ros/jazzy/opt/gz_utils_vendor:/opt/ros/jazzy/opt/gz_tools_vendor:/opt/ros/jazzy/opt/gz_ogre_next_vendor:/opt/ros/jazzy/opt/gz_dartsim_vendor:/opt/ros/jazzy/opt/gz_cmake_vendor:/opt/ros/jazzy /usr/bin/cmake --build /ros2_ws_multirobots/build/robot_bringup -- -j16 -l16
[0.446s] DEBUG:colcon.colcon_core.event_handler.log_command:Invoked command in '/ros2_ws_multirobots/build/robot_bringup' returned '0': CMAKE_PREFIX_PATH=/ros2_ws_multirobots/install/practica1:/ros2_ws_multirobots/install/robot_bringup:/ros2_ws_multirobots/install/my_robot_description:/ros2_ws_multirobots/install/down_camera_bot:/opt/ros/jazzy/opt/gz_sim_vendor:/opt/ros/jazzy/opt/gz_sensors_vendor:/opt/ros/jazzy/opt/gz_physics_vendor:/opt/ros/jazzy/opt/sdformat_vendor:/opt/ros/jazzy/opt/gz_gui_vendor:/opt/ros/jazzy/opt/gz_transport_vendor:/opt/ros/jazzy/opt/gz_rendering_vendor:/opt/ros/jazzy/opt/gz_plugin_vendor:/opt/ros/jazzy/opt/gz_fuel_tools_vendor:/opt/ros/jazzy/opt/gz_msgs_vendor:/opt/ros/jazzy/opt/gz_common_vendor:/opt/ros/jazzy/opt/gz_math_vendor:/opt/ros/jazzy/opt/gz_utils_vendor:/opt/ros/jazzy/opt/gz_tools_vendor:/opt/ros/jazzy/opt/gz_ogre_next_vendor:/opt/ros/jazzy/opt/gz_dartsim_vendor:/opt/ros/jazzy/opt/gz_cmake_vendor:/opt/ros/jazzy /usr/bin/cmake --build /ros2_ws_multirobots/build/robot_bringup -- -j16 -l16
[0.447s] DEBUG:colcon.colcon_core.event_handler.log_command:Invoking command in '/ros2_ws_multirobots/build/robot_bringup': CMAKE_PREFIX_PATH=/ros2_ws_multirobots/install/practica1:/ros2_ws_multirobots/install/robot_bringup:/ros2_ws_multirobots/install/my_robot_description:/ros2_ws_multirobots/install/down_camera_bot:/opt/ros/jazzy/opt/gz_sim_vendor:/opt/ros/jazzy/opt/gz_sensors_vendor:/opt/ros/jazzy/opt/gz_physics_vendor:/opt/ros/jazzy/opt/sdformat_vendor:/opt/ros/jazzy/opt/gz_gui_vendor:/opt/ros/jazzy/opt/gz_transport_vendor:/opt/ros/jazzy/opt/gz_rendering_vendor:/opt/ros/jazzy/opt/gz_plugin_vendor:/opt/ros/jazzy/opt/gz_fuel_tools_vendor:/opt/ros/jazzy/opt/gz_msgs_vendor:/opt/ros/jazzy/opt/gz_common_vendor:/opt/ros/jazzy/opt/gz_math_vendor:/opt/ros/jazzy/opt/gz_utils_vendor:/opt/ros/jazzy/opt/gz_tools_vendor:/opt/ros/jazzy/opt/gz_ogre_next_vendor:/opt/ros/jazzy/opt/gz_dartsim_vendor:/opt/ros/jazzy/opt/gz_cmake_vendor:/opt/ros/jazzy /usr/bin/cmake --install /ros2_ws_multirobots/build/robot_bringup
[0.498s] Level 1:colcon.colcon_core.environment:create_environment_scripts_only(robot_bringup)
[0.498s] Level 1:colcon.colcon_core.environment:checking '/ros2_ws_multirobots/install/robot_bringup' for CMake module files
[0.499s] DEBUG:colcon.colcon_core.event_handler.log_command:Invoked command in '/ros2_ws_multirobots/build/robot_bringup' returned '0': CMAKE_PREFIX_PATH=/ros2_ws_multirobots/install/practica1:/ros2_ws_multirobots/install/robot_bringup:/ros2_ws_multirobots/install/my_robot_description:/ros2_ws_multirobots/install/down_camera_bot:/opt/ros/jazzy/opt/gz_sim_vendor:/opt/ros/jazzy/opt/gz_sensors_vendor:/opt/ros/jazzy/opt/gz_physics_vendor:/opt/ros/jazzy/opt/sdformat_vendor:/opt/ros/jazzy/opt/gz_gui_vendor:/opt/ros/jazzy/opt/gz_transport_vendor:/opt/ros/jazzy/opt/gz_rendering_vendor:/opt/ros/jazzy/opt/gz_plugin_vendor:/opt/ros/jazzy/opt/gz_fuel_tools_vendor:/opt/ros/jazzy/opt/gz_msgs_vendor:/opt/ros/jazzy/opt/gz_common_vendor:/opt/ros/jazzy/opt/gz_math_vendor:/opt/ros/jazzy/opt/gz_utils_vendor:/opt/ros/jazzy/opt/gz_tools_vendor:/opt/ros/jazzy/opt/gz_ogre_next_vendor:/opt/ros/jazzy/opt/gz_dartsim_vendor:/opt/ros/jazzy/opt/gz_cmake_vendor:/opt/ros/jazzy /usr/bin/cmake --install /ros2_ws_multirobots/build/robot_bringup
[0.500s] Level 1:colcon.colcon_core.environment:checking '/ros2_ws_multirobots/install/robot_bringup' for CMake config files
[0.502s] Level 1:colcon.colcon_core.shell:create_environment_hook('robot_bringup', 'cmake_prefix_path')
[0.502s] INFO:colcon.colcon_core.shell:Creating environment hook '/ros2_ws_multirobots/install/robot_bringup/share/robot_bringup/hook/cmake_prefix_path.ps1'
[0.503s] INFO:colcon.colcon_core.shell:Creating environment descriptor '/ros2_ws_multirobots/install/robot_bringup/share/robot_bringup/hook/cmake_prefix_path.dsv'
[0.504s] INFO:colcon.colcon_core.shell:Creating environment hook '/ros2_ws_multirobots/install/robot_bringup/share/robot_bringup/hook/cmake_prefix_path.sh'
[0.505s] Level 1:colcon.colcon_core.environment:checking '/ros2_ws_multirobots/install/robot_bringup/bin'
[0.505s] Level 1:colcon.colcon_core.environment:checking '/ros2_ws_multirobots/install/robot_bringup/lib/pkgconfig/robot_bringup.pc'
[0.506s] Level 1:colcon.colcon_core.environment:checking '/ros2_ws_multirobots/install/robot_bringup/lib/python3.12/site-packages'
[0.507s] Level 1:colcon.colcon_core.environment:checking '/ros2_ws_multirobots/install/robot_bringup/bin'
[0.507s] INFO:colcon.colcon_core.shell:Creating package script '/ros2_ws_multirobots/install/robot_bringup/share/robot_bringup/package.ps1'
[0.508s] INFO:colcon.colcon_core.shell:Creating package descriptor '/ros2_ws_multirobots/install/robot_bringup/share/robot_bringup/package.dsv'
[0.509s] INFO:colcon.colcon_core.shell:Creating package script '/ros2_ws_multirobots/install/robot_bringup/share/robot_bringup/package.sh'
[0.510s] INFO:colcon.colcon_core.shell:Creating package script '/ros2_ws_multirobots/install/robot_bringup/share/robot_bringup/package.bash'
[0.511s] INFO:colcon.colcon_core.shell:Creating package script '/ros2_ws_multirobots/install/robot_bringup/share/robot_bringup/package.zsh'
[0.511s] Level 1:colcon.colcon_core.environment:create_file_with_runtime_dependencies(/ros2_ws_multirobots/install/robot_bringup/share/colcon-core/packages/robot_bringup)
[0.513s] Level 1:colcon.colcon_core.environment:create_environment_scripts_only(robot_bringup)
[0.513s] Level 1:colcon.colcon_core.environment:checking '/ros2_ws_multirobots/install/robot_bringup' for CMake module files
[0.514s] Level 1:colcon.colcon_core.environment:checking '/ros2_ws_multirobots/install/robot_bringup' for CMake config files
[0.515s] Level 1:colcon.colcon_core.shell:create_environment_hook('robot_bringup', 'cmake_prefix_path')
[0.516s] INFO:colcon.colcon_core.shell:Creating environment hook '/ros2_ws_multirobots/install/robot_bringup/share/robot_bringup/hook/cmake_prefix_path.ps1'
[0.517s] INFO:colcon.colcon_core.shell:Creating environment descriptor '/ros2_ws_multirobots/install/robot_bringup/share/robot_bringup/hook/cmake_prefix_path.dsv'
[0.517s] INFO:colcon.colcon_core.shell:Creating environment hook '/ros2_ws_multirobots/install/robot_bringup/share/robot_bringup/hook/cmake_prefix_path.sh'
[0.519s] Level 1:colcon.colcon_core.environment:checking '/ros2_ws_multirobots/install/robot_bringup/bin'
[0.519s] Level 1:colcon.colcon_core.environment:checking '/ros2_ws_multirobots/install/robot_bringup/lib/pkgconfig/robot_bringup.pc'
[0.520s] Level 1:colcon.colcon_core.environment:checking '/ros2_ws_multirobots/install/robot_bringup/lib/python3.12/site-packages'
[0.520s] Level 1:colcon.colcon_core.environment:checking '/ros2_ws_multirobots/install/robot_bringup/bin'
[0.521s] INFO:colcon.colcon_core.shell:Creating package script '/ros2_ws_multirobots/install/robot_bringup/share/robot_bringup/package.ps1'
[0.523s] INFO:colcon.colcon_core.shell:Creating package descriptor '/ros2_ws_multirobots/install/robot_bringup/share/robot_bringup/package.dsv'
[0.524s] INFO:colcon.colcon_core.shell:Creating package script '/ros2_ws_multirobots/install/robot_bringup/share/robot_bringup/package.sh'
[0.526s] INFO:colcon.colcon_core.shell:Creating package script '/ros2_ws_multirobots/install/robot_bringup/share/robot_bringup/package.bash'
[0.527s] INFO:colcon.colcon_core.shell:Creating package script '/ros2_ws_multirobots/install/robot_bringup/share/robot_bringup/package.zsh'
[0.528s] Level 1:colcon.colcon_core.environment:create_file_with_runtime_dependencies(/ros2_ws_multirobots/install/robot_bringup/share/colcon-core/packages/robot_bringup)
[0.528s] DEBUG:colcon.colcon_parallel_executor.executor.parallel:closing loop
[0.529s] DEBUG:colcon.colcon_parallel_executor.executor.parallel:loop closed
[0.529s] DEBUG:colcon.colcon_parallel_executor.executor.parallel:run_until_complete finished with '0'
[0.530s] DEBUG:colcon.colcon_core.event_reactor:joining thread
[0.541s] INFO:colcon.colcon_core.plugin_system:Skipping extension 'colcon_notification.desktop_notification.notify_send': Could not find 'notify-send'
[0.541s] INFO:colcon.colcon_core.plugin_system:Skipping extension 'colcon_notification.desktop_notification.terminal_notifier': Not used on non-Darwin systems
[0.541s] INFO:colcon.colcon_core.plugin_system:Skipping extension 'colcon_notification.desktop_notification.win32': Not used on non-Windows systems
[0.541s] INFO:colcon.colcon_notification.desktop_notification:Sending desktop notification using 'notify2'
[0.545s] DEBUG:colcon.colcon_notification.desktop_notification.notify2:Failed to initialize notify2: org.freedesktop.DBus.Error.Spawn.ExecFailed: /usr/bin/dbus-launch terminated abnormally without any error message
[0.546s] DEBUG:colcon.colcon_core.event_reactor:joined thread
[0.547s] INFO:colcon.colcon_core.shell:Creating prefix script '/ros2_ws_multirobots/install/local_setup.ps1'
[0.549s] INFO:colcon.colcon_core.shell:Creating prefix util module '/ros2_ws_multirobots/install/_local_setup_util_ps1.py'
[0.551s] INFO:colcon.colcon_core.shell:Creating prefix chain script '/ros2_ws_multirobots/install/setup.ps1'
[0.554s] INFO:colcon.colcon_core.shell:Creating prefix script '/ros2_ws_multirobots/install/local_setup.sh'
[0.555s] INFO:colcon.colcon_core.shell:Creating prefix util module '/ros2_ws_multirobots/install/_local_setup_util_sh.py'
[0.556s] INFO:colcon.colcon_core.shell:Creating prefix chain script '/ros2_ws_multirobots/install/setup.sh'
[0.559s] INFO:colcon.colcon_core.shell:Creating prefix script '/ros2_ws_multirobots/install/local_setup.bash'
[0.560s] INFO:colcon.colcon_core.shell:Creating prefix chain script '/ros2_ws_multirobots/install/setup.bash'
[0.563s] INFO:colcon.colcon_core.shell:Creating prefix script '/ros2_ws_multirobots/install/local_setup.zsh'
[0.564s] INFO:colcon.colcon_core.shell:Creating prefix chain script '/ros2_ws_multirobots/install/setup.zsh'
