[0.012s] Invoking command in '/ros2_ws_multirobots/build/robot_bringup': CMAKE_PREFIX_PATH=/ros2_ws_multirobots/install/practica1:/ros2_ws_multirobots/install/robot_bringup:/ros2_ws_multirobots/install/my_robot_description:/ros2_ws_multirobots/install/down_camera_bot:/opt/ros/jazzy/opt/gz_sim_vendor:/opt/ros/jazzy/opt/gz_sensors_vendor:/opt/ros/jazzy/opt/gz_physics_vendor:/opt/ros/jazzy/opt/sdformat_vendor:/opt/ros/jazzy/opt/gz_gui_vendor:/opt/ros/jazzy/opt/gz_transport_vendor:/opt/ros/jazzy/opt/gz_rendering_vendor:/opt/ros/jazzy/opt/gz_plugin_vendor:/opt/ros/jazzy/opt/gz_fuel_tools_vendor:/opt/ros/jazzy/opt/gz_msgs_vendor:/opt/ros/jazzy/opt/gz_common_vendor:/opt/ros/jazzy/opt/gz_math_vendor:/opt/ros/jazzy/opt/gz_utils_vendor:/opt/ros/jazzy/opt/gz_tools_vendor:/opt/ros/jazzy/opt/gz_ogre_next_vendor:/opt/ros/jazzy/opt/gz_dartsim_vendor:/opt/ros/jazzy/opt/gz_cmake_vendor:/opt/ros/jazzy /usr/bin/cmake --build /ros2_ws_multirobots/build/robot_bringup -- -j16 -l16
[0.082s] Invoked command in '/ros2_ws_multirobots/build/robot_bringup' returned '0': CMAKE_PREFIX_PATH=/ros2_ws_multirobots/install/practica1:/ros2_ws_multirobots/install/robot_bringup:/ros2_ws_multirobots/install/my_robot_description:/ros2_ws_multirobots/install/down_camera_bot:/opt/ros/jazzy/opt/gz_sim_vendor:/opt/ros/jazzy/opt/gz_sensors_vendor:/opt/ros/jazzy/opt/gz_physics_vendor:/opt/ros/jazzy/opt/sdformat_vendor:/opt/ros/jazzy/opt/gz_gui_vendor:/opt/ros/jazzy/opt/gz_transport_vendor:/opt/ros/jazzy/opt/gz_rendering_vendor:/opt/ros/jazzy/opt/gz_plugin_vendor:/opt/ros/jazzy/opt/gz_fuel_tools_vendor:/opt/ros/jazzy/opt/gz_msgs_vendor:/opt/ros/jazzy/opt/gz_common_vendor:/opt/ros/jazzy/opt/gz_math_vendor:/opt/ros/jazzy/opt/gz_utils_vendor:/opt/ros/jazzy/opt/gz_tools_vendor:/opt/ros/jazzy/opt/gz_ogre_next_vendor:/opt/ros/jazzy/opt/gz_dartsim_vendor:/opt/ros/jazzy/opt/gz_cmake_vendor:/opt/ros/jazzy /usr/bin/cmake --build /ros2_ws_multirobots/build/robot_bringup -- -j16 -l16
[0.084s] Invoking command in '/ros2_ws_multirobots/build/robot_bringup': CMAKE_PREFIX_PATH=/ros2_ws_multirobots/install/practica1:/ros2_ws_multirobots/install/robot_bringup:/ros2_ws_multirobots/install/my_robot_description:/ros2_ws_multirobots/install/down_camera_bot:/opt/ros/jazzy/opt/gz_sim_vendor:/opt/ros/jazzy/opt/gz_sensors_vendor:/opt/ros/jazzy/opt/gz_physics_vendor:/opt/ros/jazzy/opt/sdformat_vendor:/opt/ros/jazzy/opt/gz_gui_vendor:/opt/ros/jazzy/opt/gz_transport_vendor:/opt/ros/jazzy/opt/gz_rendering_vendor:/opt/ros/jazzy/opt/gz_plugin_vendor:/opt/ros/jazzy/opt/gz_fuel_tools_vendor:/opt/ros/jazzy/opt/gz_msgs_vendor:/opt/ros/jazzy/opt/gz_common_vendor:/opt/ros/jazzy/opt/gz_math_vendor:/opt/ros/jazzy/opt/gz_utils_vendor:/opt/ros/jazzy/opt/gz_tools_vendor:/opt/ros/jazzy/opt/gz_ogre_next_vendor:/opt/ros/jazzy/opt/gz_dartsim_vendor:/opt/ros/jazzy/opt/gz_cmake_vendor:/opt/ros/jazzy /usr/bin/cmake --install /ros2_ws_multirobots/build/robot_bringup
[0.094s] -- Install configuration: ""
[0.094s] -- Execute custom install script
[0.095s] -- Up-to-date symlink: /ros2_ws_multirobots/install/robot_bringup/share/robot_bringup/launch/robot_bringup.launch.py
[0.095s] -- Up-to-date symlink: /ros2_ws_multirobots/install/robot_bringup/share/robot_bringup/world/mundo.sdf
[0.095s] -- Up-to-date symlink: /ros2_ws_multirobots/install/robot_bringup/share/robot_bringup/config/bridge_config.yaml
[0.096s] -- Up-to-date symlink: /ros2_ws_multirobots/install/robot_bringup/share/ament_index/resource_index/package_run_dependencies/robot_bringup
[0.096s] -- Up-to-date symlink: /ros2_ws_multirobots/install/robot_bringup/share/ament_index/resource_index/parent_prefix_path/robot_bringup
[0.096s] -- Up-to-date symlink: /ros2_ws_multirobots/install/robot_bringup/share/robot_bringup/environment/ament_prefix_path.sh
[0.097s] -- Up-to-date symlink: /ros2_ws_multirobots/install/robot_bringup/share/robot_bringup/environment/ament_prefix_path.dsv
[0.097s] -- Up-to-date symlink: /ros2_ws_multirobots/install/robot_bringup/share/robot_bringup/environment/path.sh
[0.097s] -- Up-to-date symlink: /ros2_ws_multirobots/install/robot_bringup/share/robot_bringup/environment/path.dsv
[0.097s] -- Up-to-date symlink: /ros2_ws_multirobots/install/robot_bringup/share/robot_bringup/local_setup.bash
[0.098s] -- Up-to-date symlink: /ros2_ws_multirobots/install/robot_bringup/share/robot_bringup/local_setup.sh
[0.098s] -- Up-to-date symlink: /ros2_ws_multirobots/install/robot_bringup/share/robot_bringup/local_setup.zsh
[0.098s] -- Up-to-date symlink: /ros2_ws_multirobots/install/robot_bringup/share/robot_bringup/local_setup.dsv
[0.098s] -- Symlinking: /ros2_ws_multirobots/install/robot_bringup/share/robot_bringup/package.dsv
[0.109s] -- Up-to-date symlink: /ros2_ws_multirobots/install/robot_bringup/share/ament_index/resource_index/packages/robot_bringup
[0.109s] -- Up-to-date symlink: /ros2_ws_multirobots/install/robot_bringup/share/robot_bringup/cmake/robot_bringupConfig.cmake
[0.109s] -- Up-to-date symlink: /ros2_ws_multirobots/install/robot_bringup/share/robot_bringup/cmake/robot_bringupConfig-version.cmake
[0.110s] -- Up-to-date symlink: /ros2_ws_multirobots/install/robot_bringup/share/robot_bringup/package.xml
[0.112s] Invoked command in '/ros2_ws_multirobots/build/robot_bringup' returned '0': CMAKE_PREFIX_PATH=/ros2_ws_multirobots/install/practica1:/ros2_ws_multirobots/install/robot_bringup:/ros2_ws_multirobots/install/my_robot_description:/ros2_ws_multirobots/install/down_camera_bot:/opt/ros/jazzy/opt/gz_sim_vendor:/opt/ros/jazzy/opt/gz_sensors_vendor:/opt/ros/jazzy/opt/gz_physics_vendor:/opt/ros/jazzy/opt/sdformat_vendor:/opt/ros/jazzy/opt/gz_gui_vendor:/opt/ros/jazzy/opt/gz_transport_vendor:/opt/ros/jazzy/opt/gz_rendering_vendor:/opt/ros/jazzy/opt/gz_plugin_vendor:/opt/ros/jazzy/opt/gz_fuel_tools_vendor:/opt/ros/jazzy/opt/gz_msgs_vendor:/opt/ros/jazzy/opt/gz_common_vendor:/opt/ros/jazzy/opt/gz_math_vendor:/opt/ros/jazzy/opt/gz_utils_vendor:/opt/ros/jazzy/opt/gz_tools_vendor:/opt/ros/jazzy/opt/gz_ogre_next_vendor:/opt/ros/jazzy/opt/gz_dartsim_vendor:/opt/ros/jazzy/opt/gz_cmake_vendor:/opt/ros/jazzy /usr/bin/cmake --install /ros2_ws_multirobots/build/robot_bringup
