-- Found ament_cmake: 2.5.4 (/opt/ros/jazzy/share/ament_cmake/cmake)
-- Override CMake install command with custom implementation using symlinks instead of copying resources
-- Found rclcpp: 28.1.13 (/opt/ros/jazzy/share/rclcpp/cmake)
-- Found rosidl_generator_c: 4.6.6 (/opt/ros/jazzy/share/rosidl_generator_c/cmake)
-- Found rosidl_generator_cpp: 4.6.6 (/opt/ros/jazzy/share/rosidl_generator_cpp/cmake)
-- Using all available rosidl_typesupport_c: rosidl_typesupport_fastrtps_c;rosidl_typesupport_introspection_c
-- Using all available rosidl_typesupport_cpp: rosidl_typesupport_fastrtps_cpp;rosidl_typesupport_introspection_cpp
-- Found rmw_implementation_cmake: 7.3.2 (/opt/ros/jazzy/share/rmw_implementation_cmake/cmake)
-- Found rmw_fastrtps_cpp: 8.4.3 (/opt/ros/jazzy/share/rmw_fastrtps_cpp/cmake)
-- Using RMW implementation 'rmw_fastrtps_cpp' as default
-- Found ament_lint_auto: 0.17.3 (/opt/ros/jazzy/share/ament_lint_auto/cmake)
-- Added test 'flake8' to check Python code syntax and style conventions
-- Configured 'flake8' exclude dirs and/or files: 
-- Added test 'lint_cmake' to check CMake code style
-- Added test 'pep257' to check Python code against some of the docstring style conventions in PEP 257
-- Added test 'xmllint' to check XML markup files
-- Configuring done (0.9s)
-- Generating done (0.0s)
-- Build files have been written to: /ros2_ws_multirobots/build/down_camera_bot
-- Install configuration: ""
-- Execute custom install script
-- Up-to-date symlink: /ros2_ws_multirobots/install/down_camera_bot/share/down_camera_bot/launch/spawn.launch.py
-- Up-to-date symlink: /ros2_ws_multirobots/install/down_camera_bot/share/down_camera_bot/urdf/cubo_camara.urdf
-- Symlinking: /ros2_ws_multirobots/install/down_camera_bot/share/down_camera_bot/worlds/camera.sdf
-- Up-to-date symlink: /ros2_ws_multirobots/install/down_camera_bot/share/ament_index/resource_index/package_run_dependencies/down_camera_bot
-- Up-to-date symlink: /ros2_ws_multirobots/install/down_camera_bot/share/ament_index/resource_index/parent_prefix_path/down_camera_bot
-- Up-to-date symlink: /ros2_ws_multirobots/install/down_camera_bot/share/down_camera_bot/environment/ament_prefix_path.sh
-- Up-to-date symlink: /ros2_ws_multirobots/install/down_camera_bot/share/down_camera_bot/environment/ament_prefix_path.dsv
-- Up-to-date symlink: /ros2_ws_multirobots/install/down_camera_bot/share/down_camera_bot/environment/path.sh
-- Up-to-date symlink: /ros2_ws_multirobots/install/down_camera_bot/share/down_camera_bot/environment/path.dsv
-- Up-to-date symlink: /ros2_ws_multirobots/install/down_camera_bot/share/down_camera_bot/local_setup.bash
-- Up-to-date symlink: /ros2_ws_multirobots/install/down_camera_bot/share/down_camera_bot/local_setup.sh
-- Up-to-date symlink: /ros2_ws_multirobots/install/down_camera_bot/share/down_camera_bot/local_setup.zsh
-- Up-to-date symlink: /ros2_ws_multirobots/install/down_camera_bot/share/down_camera_bot/local_setup.dsv
-- Symlinking: /ros2_ws_multirobots/install/down_camera_bot/share/down_camera_bot/package.dsv
-- Up-to-date symlink: /ros2_ws_multirobots/install/down_camera_bot/share/ament_index/resource_index/packages/down_camera_bot
-- Up-to-date symlink: /ros2_ws_multirobots/install/down_camera_bot/share/down_camera_bot/cmake/down_camera_botConfig.cmake
-- Up-to-date symlink: /ros2_ws_multirobots/install/down_camera_bot/share/down_camera_bot/cmake/down_camera_botConfig-version.cmake
-- Up-to-date symlink: /ros2_ws_multirobots/install/down_camera_bot/share/down_camera_bot/package.xml
