[0.015s] Invoking command in '/ros2_ws_multirobots/build/down_camera_bot': CMAKE_PREFIX_PATH=${CMAKE_PREFIX_PATH}:/opt/ros/jazzy /usr/bin/cmake --build /ros2_ws_multirobots/build/down_camera_bot -- -j16 -l16
[0.064s] -- Found ament_cmake: 2.5.4 (/opt/ros/jazzy/share/ament_cmake/cmake)
[0.391s] -- Override CMake install command with custom implementation using symlinks instead of copying resources
[0.400s] -- Found rclcpp: 28.1.13 (/opt/ros/jazzy/share/rclcpp/cmake)
[0.441s] -- Found rosidl_generator_c: 4.6.6 (/opt/ros/jazzy/share/rosidl_generator_c/cmake)
[0.452s] -- Found rosidl_generator_cpp: 4.6.6 (/opt/ros/jazzy/share/rosidl_generator_cpp/cmake)
[0.469s] -- Using all available rosidl_typesupport_c: rosidl_typesupport_fastrtps_c;rosidl_typesupport_introspection_c
[0.486s] -- Using all available rosidl_typesupport_cpp: rosidl_typesupport_fastrtps_cpp;rosidl_typesupport_introspection_cpp
[0.571s] -- Found rmw_implementation_cmake: 7.3.2 (/opt/ros/jazzy/share/rmw_implementation_cmake/cmake)
[0.574s] -- Found rmw_fastrtps_cpp: 8.4.3 (/opt/ros/jazzy/share/rmw_fastrtps_cpp/cmake)
[0.669s] -- Using RMW implementation 'rmw_fastrtps_cpp' as default
[0.758s] -- Found ament_lint_auto: 0.17.3 (/opt/ros/jazzy/share/ament_lint_auto/cmake)
[0.916s] -- Added test 'flake8' to check Python code syntax and style conventions
[0.916s] -- Configured 'flake8' exclude dirs and/or files: 
[0.916s] -- Added test 'lint_cmake' to check CMake code style
[0.916s] -- Added test 'pep257' to check Python code against some of the docstring style conventions in PEP 257
[0.918s] -- Added test 'xmllint' to check XML markup files
[0.920s] -- Configuring done (0.9s)
[0.927s] -- Generating done (0.0s)
[0.930s] -- Build files have been written to: /ros2_ws_multirobots/build/down_camera_bot
[0.981s] Invoked command in '/ros2_ws_multirobots/build/down_camera_bot' returned '0': CMAKE_PREFIX_PATH=${CMAKE_PREFIX_PATH}:/opt/ros/jazzy /usr/bin/cmake --build /ros2_ws_multirobots/build/down_camera_bot -- -j16 -l16
[0.996s] Invoking command in '/ros2_ws_multirobots/build/down_camera_bot': CMAKE_PREFIX_PATH=${CMAKE_PREFIX_PATH}:/opt/ros/jazzy /usr/bin/cmake --install /ros2_ws_multirobots/build/down_camera_bot
[1.016s] -- Install configuration: ""
[1.016s] -- Execute custom install script
[1.016s] -- Up-to-date symlink: /ros2_ws_multirobots/install/down_camera_bot/share/down_camera_bot/launch/spawn.launch.py
[1.016s] -- Up-to-date symlink: /ros2_ws_multirobots/install/down_camera_bot/share/down_camera_bot/urdf/cubo_camara.urdf
[1.016s] -- Symlinking: /ros2_ws_multirobots/install/down_camera_bot/share/down_camera_bot/worlds/camera.sdf
[1.032s] -- Up-to-date symlink: /ros2_ws_multirobots/install/down_camera_bot/share/ament_index/resource_index/package_run_dependencies/down_camera_bot
[1.033s] -- Up-to-date symlink: /ros2_ws_multirobots/install/down_camera_bot/share/ament_index/resource_index/parent_prefix_path/down_camera_bot
[1.033s] -- Up-to-date symlink: /ros2_ws_multirobots/install/down_camera_bot/share/down_camera_bot/environment/ament_prefix_path.sh
[1.033s] -- Up-to-date symlink: /ros2_ws_multirobots/install/down_camera_bot/share/down_camera_bot/environment/ament_prefix_path.dsv
[1.033s] -- Up-to-date symlink: /ros2_ws_multirobots/install/down_camera_bot/share/down_camera_bot/environment/path.sh
[1.033s] -- Up-to-date symlink: /ros2_ws_multirobots/install/down_camera_bot/share/down_camera_bot/environment/path.dsv
[1.034s] -- Up-to-date symlink: /ros2_ws_multirobots/install/down_camera_bot/share/down_camera_bot/local_setup.bash
[1.039s] -- Up-to-date symlink: /ros2_ws_multirobots/install/down_camera_bot/share/down_camera_bot/local_setup.sh
[1.039s] -- Up-to-date symlink: /ros2_ws_multirobots/install/down_camera_bot/share/down_camera_bot/local_setup.zsh
[1.039s] -- Up-to-date symlink: /ros2_ws_multirobots/install/down_camera_bot/share/down_camera_bot/local_setup.dsv
[1.039s] -- Symlinking: /ros2_ws_multirobots/install/down_camera_bot/share/down_camera_bot/package.dsv
[1.054s] -- Up-to-date symlink: /ros2_ws_multirobots/install/down_camera_bot/share/ament_index/resource_index/packages/down_camera_bot
[1.054s] -- Up-to-date symlink: /ros2_ws_multirobots/install/down_camera_bot/share/down_camera_bot/cmake/down_camera_botConfig.cmake
[1.054s] -- Up-to-date symlink: /ros2_ws_multirobots/install/down_camera_bot/share/down_camera_bot/cmake/down_camera_botConfig-version.cmake
[1.054s] -- Up-to-date symlink: /ros2_ws_multirobots/install/down_camera_bot/share/down_camera_bot/package.xml
[1.057s] Invoked command in '/ros2_ws_multirobots/build/down_camera_bot' returned '0': CMAKE_PREFIX_PATH=${CMAKE_PREFIX_PATH}:/opt/ros/jazzy /usr/bin/cmake --install /ros2_ws_multirobots/build/down_camera_bot
