[0.011s] Invoking command in '/ros2_ws_multirobots/src/build/robot_bringup': CMAKE_PREFIX_PATH=${CMAKE_PREFIX_PATH}:/opt/ros/jazzy /usr/bin/cmake /ros2_ws_multirobots/src/robot_bringup -DCMAKE_INSTALL_PREFIX=/ros2_ws_multirobots/src/install/robot_bringup
[0.205s] -- The C compiler identification is GNU 13.3.0
[0.356s] -- The CXX compiler identification is GNU 13.3.0
[0.398s] -- Detecting C compiler ABI info
[0.520s] -- Detecting C compiler ABI info - done
[0.529s] -- Check for working C compiler: /usr/bin/cc - skipped
[0.529s] -- Detecting C compile features
[0.529s] -- Detecting C compile features - done
[0.540s] -- Detecting CXX compiler ABI info
[0.655s] -- Detecting CXX compiler ABI info - done
[0.664s] -- Check for working CXX compiler: /usr/bin/c++ - skipped
[0.664s] -- Detecting CXX compile features
[0.664s] -- Detecting CXX compile features - done
[0.668s] -- Found ament_cmake: 2.5.4 (/opt/ros/jazzy/share/ament_cmake/cmake)
[0.839s] -- Found Python3: /usr/bin/python3 (found version "3.12.3") found components: Interpreter 
[0.991s] -- Found rclcpp: 28.1.13 (/opt/ros/jazzy/share/rclcpp/cmake)
[1.054s] -- Found rosidl_generator_c: 4.6.6 (/opt/ros/jazzy/share/rosidl_generator_c/cmake)
[1.074s] -- Found rosidl_generator_cpp: 4.6.6 (/opt/ros/jazzy/share/rosidl_generator_cpp/cmake)
[1.097s] -- Using all available rosidl_typesupport_c: rosidl_typesupport_fastrtps_c;rosidl_typesupport_introspection_c
[1.123s] -- Using all available rosidl_typesupport_cpp: rosidl_typesupport_fastrtps_cpp;rosidl_typesupport_introspection_cpp
[1.228s] -- Found rmw_implementation_cmake: 7.3.2 (/opt/ros/jazzy/share/rmw_implementation_cmake/cmake)
[1.233s] -- Found rmw_fastrtps_cpp: 8.4.3 (/opt/ros/jazzy/share/rmw_fastrtps_cpp/cmake)
[1.364s] -- Found OpenSSL: /usr/lib/x86_64-linux-gnu/libcrypto.so (found version "3.0.13")  
[1.384s] -- Found FastRTPS: /opt/ros/jazzy/include (Required is at least version "2.13") 
[1.410s] -- Using RMW implementation 'rmw_fastrtps_cpp' as default
[1.517s] [31mCMake Error at CMakeLists.txt:11 (find_package):
[1.517s]   By not providing "Findros_gz_sim.cmake" in CMAKE_MODULE_PATH this project
[1.517s]   has asked CMake to find a package configuration file provided by
[1.517s]   "ros_gz_sim", but CMake did not find one.
[1.517s] 
[1.517s]   Could not find a package configuration file provided by "ros_gz_sim" with
[1.518s]   any of the following names:
[1.518s] 
[1.518s]     ros_gz_simConfig.cmake
[1.518s]     ros_gz_sim-config.cmake
[1.518s] 
[1.518s]   Add the installation prefix of "ros_gz_sim" to CMAKE_PREFIX_PATH or set
[1.518s]   "ros_gz_sim_DIR" to a directory containing one of the above files.  If
[1.519s]   "ros_gz_sim" provides a separate development package or SDK, be sure it has
[1.519s]   been installed.
[1.519s] 
[1.519s] [0m
[1.519s] -- Configuring incomplete, errors occurred!
[1.525s] Invoked command in '/ros2_ws_multirobots/src/build/robot_bringup' returned '1': CMAKE_PREFIX_PATH=${CMAKE_PREFIX_PATH}:/opt/ros/jazzy /usr/bin/cmake /ros2_ws_multirobots/src/robot_bringup -DCMAKE_INSTALL_PREFIX=/ros2_ws_multirobots/src/install/robot_bringup
