-- Found ament_cmake: 2.5.4 (/opt/ros/jazzy/share/ament_cmake/cmake)
-- Override CMake install command with custom implementation using symlinks instead of copying resources
-- Found rclcpp: 28.1.13 (/opt/ros/jazzy/share/rclcpp/cmake)
-- Found rosidl_generator_c: 4.6.6 (/opt/ros/jazzy/share/rosidl_generator_c/cmake)
-- Found rosidl_generator_cpp: 4.6.6 (/opt/ros/jazzy/share/rosidl_generator_cpp/cmake)
-- Using all available rosidl_typesupport_c: rosidl_typesupport_fastrtps_c;rosidl_typesupport_introspection_c
-- Using all available rosidl_typesupport_cpp: rosidl_typesupport_fastrtps_cpp;rosidl_typesupport_introspection_cpp
-- Found rmw_implementation_cmake: 7.3.2 (/opt/ros/jazzy/share/rmw_implementation_cmake/cmake)
-- Found rmw_fastrtps_cpp: 8.4.3 (/opt/ros/jazzy/share/rmw_fastrtps_cpp/cmake)
-- Using RMW implementation 'rmw_fastrtps_cpp' as default
-- Found rclpy: 7.1.6 (/opt/ros/jazzy/share/rclpy/cmake)
-- Found ament_lint_auto: 0.17.3 (/opt/ros/jazzy/share/ament_lint_auto/cmake)
-- Added test 'lint_cmake' to check CMake code style
-- Added test 'xmllint' to check XML markup files
-- Configuring done (1.0s)
-- Generating done (0.0s)
-- Build files have been written to: /ros2_ws_multirobots/build/practica1
-- Install configuration: ""
-- Execute custom install script
-- Up-to-date symlink: /ros2_ws_multirobots/install/practica1/share/practica1//urdf/camera.xacro
-- Up-to-date symlink: /ros2_ws_multirobots/install/practica1/share/practica1//urdf/gazebo_control.xacro
-- Up-to-date symlink: /ros2_ws_multirobots/install/practica1/share/practica1//urdf/inertial_macros.xacro
-- Up-to-date symlink: /ros2_ws_multirobots/install/practica1/share/practica1//urdf/lidar.xacro
-- Up-to-date symlink: /ros2_ws_multirobots/install/practica1/share/practica1//urdf/robotito.urdf
-- Up-to-date symlink: /ros2_ws_multirobots/install/practica1/share/practica1//urdf/robotito.urdf.xacro
-- Up-to-date symlink: /ros2_ws_multirobots/install/practica1/share/practica1//launch/sencillo_launch.launch
-- Up-to-date symlink: /ros2_ws_multirobots/install/practica1/share/ament_index/resource_index/package_run_dependencies/practica1
-- Up-to-date symlink: /ros2_ws_multirobots/install/practica1/share/ament_index/resource_index/parent_prefix_path/practica1
-- Up-to-date symlink: /ros2_ws_multirobots/install/practica1/share/practica1/environment/ament_prefix_path.sh
-- Up-to-date symlink: /ros2_ws_multirobots/install/practica1/share/practica1/environment/ament_prefix_path.dsv
-- Up-to-date symlink: /ros2_ws_multirobots/install/practica1/share/practica1/environment/path.sh
-- Up-to-date symlink: /ros2_ws_multirobots/install/practica1/share/practica1/environment/path.dsv
-- Up-to-date symlink: /ros2_ws_multirobots/install/practica1/share/practica1/local_setup.bash
-- Up-to-date symlink: /ros2_ws_multirobots/install/practica1/share/practica1/local_setup.sh
-- Up-to-date symlink: /ros2_ws_multirobots/install/practica1/share/practica1/local_setup.zsh
-- Up-to-date symlink: /ros2_ws_multirobots/install/practica1/share/practica1/local_setup.dsv
-- Symlinking: /ros2_ws_multirobots/install/practica1/share/practica1/package.dsv
-- Up-to-date symlink: /ros2_ws_multirobots/install/practica1/share/ament_index/resource_index/packages/practica1
-- Up-to-date symlink: /ros2_ws_multirobots/install/practica1/share/practica1/cmake/practica1Config.cmake
-- Up-to-date symlink: /ros2_ws_multirobots/install/practica1/share/practica1/cmake/practica1Config-version.cmake
-- Up-to-date symlink: /ros2_ws_multirobots/install/practica1/share/practica1/package.xml
