[0.016s] Invoking command in '/ros2_ws_multirobots/build/my_robot_description': CMAKE_PREFIX_PATH=${CMAKE_PREFIX_PATH}:/opt/ros/jazzy /usr/bin/cmake /ros2_ws_multirobots/src/my_robot_description -DCMAKE_INSTALL_PREFIX=/ros2_ws_multirobots/install/my_robot_description
[0.097s] -- The C compiler identification is GNU 13.3.0
[0.178s] -- The CXX compiler identification is GNU 13.3.0
[0.222s] -- Detecting C compiler ABI info
[0.351s] -- Detecting C compiler ABI info - done
[0.376s] -- Check for working C compiler: /usr/bin/cc - skipped
[0.377s] -- Detecting C compile features
[0.378s] -- Detecting C compile features - done
[0.403s] -- Detecting CXX compiler ABI info
[0.537s] -- Detecting CXX compiler ABI info - done
[0.547s] -- Check for working CXX compiler: /usr/bin/c++ - skipped
[0.548s] -- Detecting CXX compile features
[0.548s] -- Detecting CXX compile features - done
[0.552s] -- Found ament_cmake: 2.5.4 (/opt/ros/jazzy/share/ament_cmake/cmake)
[0.711s] -- Found Python3: /usr/bin/python3 (found version "3.12.3") found components: Interpreter 
[0.874s] -- Found ament_lint_auto: 0.17.3 (/opt/ros/jazzy/share/ament_lint_auto/cmake)
[0.985s] -- Added test 'lint_cmake' to check CMake code style
[0.987s] -- Added test 'xmllint' to check XML markup files
[0.989s] -- Configuring done (1.0s)
[1.000s] -- Generating done (0.0s)
[1.002s] -- Build files have been written to: /ros2_ws_multirobots/build/my_robot_description
[1.008s] Invoked command in '/ros2_ws_multirobots/build/my_robot_description' returned '0': CMAKE_PREFIX_PATH=${CMAKE_PREFIX_PATH}:/opt/ros/jazzy /usr/bin/cmake /ros2_ws_multirobots/src/my_robot_description -DCMAKE_INSTALL_PREFIX=/ros2_ws_multirobots/install/my_robot_description
[1.009s] Invoking command in '/ros2_ws_multirobots/build/my_robot_description': CMAKE_PREFIX_PATH=${CMAKE_PREFIX_PATH}:/opt/ros/jazzy /usr/bin/cmake --build /ros2_ws_multirobots/build/my_robot_description -- -j16 -l16
[1.063s] Invoked command in '/ros2_ws_multirobots/build/my_robot_description' returned '0': CMAKE_PREFIX_PATH=${CMAKE_PREFIX_PATH}:/opt/ros/jazzy /usr/bin/cmake --build /ros2_ws_multirobots/build/my_robot_description -- -j16 -l16
[1.076s] Invoking command in '/ros2_ws_multirobots/build/my_robot_description': CMAKE_PREFIX_PATH=${CMAKE_PREFIX_PATH}:/opt/ros/jazzy /usr/bin/cmake --install /ros2_ws_multirobots/build/my_robot_description
[1.085s] -- Install configuration: ""
[1.085s] -- Installing: /ros2_ws_multirobots/install/my_robot_description/share/my_robot_description//urdf
[1.085s] -- Installing: /ros2_ws_multirobots/install/my_robot_description/share/my_robot_description//urdf/my_robot.urdf.xacro
[1.085s] -- Installing: /ros2_ws_multirobots/install/my_robot_description/share/my_robot_description//launch
[1.086s] -- Installing: /ros2_ws_multirobots/install/my_robot_description/share/my_robot_description//launch/display.launch.xml
[1.086s] -- Installing: /ros2_ws_multirobots/install/my_robot_description/share/my_robot_description//rviz
[1.086s] -- Installing: /ros2_ws_multirobots/install/my_robot_description/share/my_robot_description//rviz/urdf_config.rviz
[1.086s] -- Installing: /ros2_ws_multirobots/install/my_robot_description/share/ament_index/resource_index/package_run_dependencies/my_robot_description
[1.086s] -- Installing: /ros2_ws_multirobots/install/my_robot_description/share/ament_index/resource_index/parent_prefix_path/my_robot_description
[1.087s] -- Installing: /ros2_ws_multirobots/install/my_robot_description/share/my_robot_description/environment/ament_prefix_path.sh
[1.087s] -- Installing: /ros2_ws_multirobots/install/my_robot_description/share/my_robot_description/environment/ament_prefix_path.dsv
[1.087s] -- Installing: /ros2_ws_multirobots/install/my_robot_description/share/my_robot_description/environment/path.sh
[1.087s] -- Installing: /ros2_ws_multirobots/install/my_robot_description/share/my_robot_description/environment/path.dsv
[1.087s] -- Installing: /ros2_ws_multirobots/install/my_robot_description/share/my_robot_description/local_setup.bash
[1.088s] -- Installing: /ros2_ws_multirobots/install/my_robot_description/share/my_robot_description/local_setup.sh
[1.088s] -- Installing: /ros2_ws_multirobots/install/my_robot_description/share/my_robot_description/local_setup.zsh
[1.088s] -- Installing: /ros2_ws_multirobots/install/my_robot_description/share/my_robot_description/local_setup.dsv
[1.088s] -- Installing: /ros2_ws_multirobots/install/my_robot_description/share/my_robot_description/package.dsv
[1.088s] -- Installing: /ros2_ws_multirobots/install/my_robot_description/share/ament_index/resource_index/packages/my_robot_description
[1.088s] -- Installing: /ros2_ws_multirobots/install/my_robot_description/share/my_robot_description/cmake/my_robot_descriptionConfig.cmake
[1.089s] -- Installing: /ros2_ws_multirobots/install/my_robot_description/share/my_robot_description/cmake/my_robot_descriptionConfig-version.cmake
[1.089s] -- Installing: /ros2_ws_multirobots/install/my_robot_description/share/my_robot_description/package.xml
[1.091s] Invoked command in '/ros2_ws_multirobots/build/my_robot_description' returned '0': CMAKE_PREFIX_PATH=${CMAKE_PREFIX_PATH}:/opt/ros/jazzy /usr/bin/cmake --install /ros2_ws_multirobots/build/my_robot_description
