[0.015s] Invoking command in '/ros2_ws_multirobots/build/down_camera_bot': CMAKE_PREFIX_PATH=${CMAKE_PREFIX_PATH}:/opt/ros/jazzy /usr/bin/cmake /ros2_ws_multirobots/src/down_camera_bot -DCMAKE_INSTALL_PREFIX=/ros2_ws_multirobots/install/down_camera_bot
[0.030s] -- Found ament_cmake: 2.5.4 (/opt/ros/jazzy/share/ament_cmake/cmake)
[0.276s] -- Found rclcpp: 28.1.13 (/opt/ros/jazzy/share/rclcpp/cmake)
[0.322s] -- Found rosidl_generator_c: 4.6.6 (/opt/ros/jazzy/share/rosidl_generator_c/cmake)
[0.331s] -- Found rosidl_generator_cpp: 4.6.6 (/opt/ros/jazzy/share/rosidl_generator_cpp/cmake)
[0.342s] -- Using all available rosidl_typesupport_c: rosidl_typesupport_fastrtps_c;rosidl_typesupport_introspection_c
[0.355s] -- Using all available rosidl_typesupport_cpp: rosidl_typesupport_fastrtps_cpp;rosidl_typesupport_introspection_cpp
[0.417s] -- Found rmw_implementation_cmake: 7.3.2 (/opt/ros/jazzy/share/rmw_implementation_cmake/cmake)
[0.419s] -- Found rmw_fastrtps_cpp: 8.4.3 (/opt/ros/jazzy/share/rmw_fastrtps_cpp/cmake)
[0.501s] -- Using RMW implementation 'rmw_fastrtps_cpp' as default
[0.574s] -- Found ament_lint_auto: 0.17.3 (/opt/ros/jazzy/share/ament_lint_auto/cmake)
[0.723s] -- Added test 'flake8' to check Python code syntax and style conventions
[0.723s] -- Configured 'flake8' exclude dirs and/or files: 
[0.725s] -- Added test 'lint_cmake' to check CMake code style
[0.726s] -- Added test 'pep257' to check Python code against some of the docstring style conventions in PEP 257
[0.728s] -- Added test 'xmllint' to check XML markup files
[0.731s] -- Configuring done (0.7s)
[0.738s] -- Generating done (0.0s)
[0.742s] -- Build files have been written to: /ros2_ws_multirobots/build/down_camera_bot
[0.748s] Invoked command in '/ros2_ws_multirobots/build/down_camera_bot' returned '0': CMAKE_PREFIX_PATH=${CMAKE_PREFIX_PATH}:/opt/ros/jazzy /usr/bin/cmake /ros2_ws_multirobots/src/down_camera_bot -DCMAKE_INSTALL_PREFIX=/ros2_ws_multirobots/install/down_camera_bot
[0.750s] Invoking command in '/ros2_ws_multirobots/build/down_camera_bot': CMAKE_PREFIX_PATH=${CMAKE_PREFIX_PATH}:/opt/ros/jazzy /usr/bin/cmake --build /ros2_ws_multirobots/build/down_camera_bot -- -j16 -l16
[0.817s] Invoked command in '/ros2_ws_multirobots/build/down_camera_bot' returned '0': CMAKE_PREFIX_PATH=${CMAKE_PREFIX_PATH}:/opt/ros/jazzy /usr/bin/cmake --build /ros2_ws_multirobots/build/down_camera_bot -- -j16 -l16
[0.840s] Invoking command in '/ros2_ws_multirobots/build/down_camera_bot': CMAKE_PREFIX_PATH=${CMAKE_PREFIX_PATH}:/opt/ros/jazzy /usr/bin/cmake --install /ros2_ws_multirobots/build/down_camera_bot
[0.849s] -- Install configuration: ""
[0.849s] -- Installing: /ros2_ws_multirobots/install/down_camera_bot/share/down_camera_bot/launch
[0.850s] -- Installing: /ros2_ws_multirobots/install/down_camera_bot/share/down_camera_bot/launch/spawn.launch.py
[0.850s] -- Installing: /ros2_ws_multirobots/install/down_camera_bot/share/down_camera_bot/urdf
[0.850s] -- Installing: /ros2_ws_multirobots/install/down_camera_bot/share/down_camera_bot/urdf/cubo_camara.urdf
[0.850s] -- Installing: /ros2_ws_multirobots/install/down_camera_bot/share/ament_index/resource_index/package_run_dependencies/down_camera_bot
[0.851s] -- Installing: /ros2_ws_multirobots/install/down_camera_bot/share/ament_index/resource_index/parent_prefix_path/down_camera_bot
[0.851s] -- Installing: /ros2_ws_multirobots/install/down_camera_bot/share/down_camera_bot/environment/ament_prefix_path.sh
[0.851s] -- Installing: /ros2_ws_multirobots/install/down_camera_bot/share/down_camera_bot/environment/ament_prefix_path.dsv
[0.852s] -- Installing: /ros2_ws_multirobots/install/down_camera_bot/share/down_camera_bot/environment/path.sh
[0.852s] -- Installing: /ros2_ws_multirobots/install/down_camera_bot/share/down_camera_bot/environment/path.dsv
[0.852s] -- Installing: /ros2_ws_multirobots/install/down_camera_bot/share/down_camera_bot/local_setup.bash
[0.852s] -- Installing: /ros2_ws_multirobots/install/down_camera_bot/share/down_camera_bot/local_setup.sh
[0.852s] -- Installing: /ros2_ws_multirobots/install/down_camera_bot/share/down_camera_bot/local_setup.zsh
[0.853s] -- Installing: /ros2_ws_multirobots/install/down_camera_bot/share/down_camera_bot/local_setup.dsv
[0.853s] -- Installing: /ros2_ws_multirobots/install/down_camera_bot/share/down_camera_bot/package.dsv
[0.853s] -- Installing: /ros2_ws_multirobots/install/down_camera_bot/share/ament_index/resource_index/packages/down_camera_bot
[0.853s] -- Installing: /ros2_ws_multirobots/install/down_camera_bot/share/down_camera_bot/cmake/down_camera_botConfig.cmake
[0.853s] -- Installing: /ros2_ws_multirobots/install/down_camera_bot/share/down_camera_bot/cmake/down_camera_botConfig-version.cmake
[0.854s] -- Installing: /ros2_ws_multirobots/install/down_camera_bot/share/down_camera_bot/package.xml
[0.855s] Invoked command in '/ros2_ws_multirobots/build/down_camera_bot' returned '0': CMAKE_PREFIX_PATH=${CMAKE_PREFIX_PATH}:/opt/ros/jazzy /usr/bin/cmake --install /ros2_ws_multirobots/build/down_camera_bot
