[0.018s] Invoking command in '/ros2_ws_multirobots/src/build/practica1': CMAKE_PREFIX_PATH=${CMAKE_PREFIX_PATH}:/opt/ros/jazzy /usr/bin/cmake /ros2_ws_multirobots/src/practica1 -DCMAKE_INSTALL_PREFIX=/ros2_ws_multirobots/src/install/practica1
[0.212s] -- The C compiler identification is GNU 13.3.0
[0.366s] -- The CXX compiler identification is GNU 13.3.0
[0.409s] -- Detecting C compiler ABI info
[0.530s] -- Detecting C compiler ABI info - done
[0.538s] -- Check for working C compiler: /usr/bin/cc - skipped
[0.539s] -- Detecting C compile features
[0.539s] -- Detecting C compile features - done
[0.553s] -- Detecting CXX compiler ABI info
[0.662s] -- Detecting CXX compiler ABI info - done
[0.671s] -- Check for working CXX compiler: /usr/bin/c++ - skipped
[0.671s] -- Detecting CXX compile features
[0.671s] -- Detecting CXX compile features - done
[0.677s] -- Found ament_cmake: 2.5.4 (/opt/ros/jazzy/share/ament_cmake/cmake)
[0.825s] -- Found Python3: /usr/bin/python3 (found version "3.12.3") found components: Interpreter 
[1.001s] -- Found rclcpp: 28.1.13 (/opt/ros/jazzy/share/rclcpp/cmake)
[1.064s] -- Found rosidl_generator_c: 4.6.6 (/opt/ros/jazzy/share/rosidl_generator_c/cmake)
[1.084s] -- Found rosidl_generator_cpp: 4.6.6 (/opt/ros/jazzy/share/rosidl_generator_cpp/cmake)
[1.107s] -- Using all available rosidl_typesupport_c: rosidl_typesupport_fastrtps_c;rosidl_typesupport_introspection_c
[1.133s] -- Using all available rosidl_typesupport_cpp: rosidl_typesupport_fastrtps_cpp;rosidl_typesupport_introspection_cpp
[1.238s] -- Found rmw_implementation_cmake: 7.3.2 (/opt/ros/jazzy/share/rmw_implementation_cmake/cmake)
[1.243s] -- Found rmw_fastrtps_cpp: 8.4.3 (/opt/ros/jazzy/share/rmw_fastrtps_cpp/cmake)
[1.372s] -- Found OpenSSL: /usr/lib/x86_64-linux-gnu/libcrypto.so (found version "3.0.13")  
[1.394s] -- Found FastRTPS: /opt/ros/jazzy/include (Required is at least version "2.13") 
[1.419s] -- Using RMW implementation 'rmw_fastrtps_cpp' as default
[1.514s] -- Found rclpy: 7.1.6 (/opt/ros/jazzy/share/rclpy/cmake)
[1.518s] -- Found ament_lint_auto: 0.17.3 (/opt/ros/jazzy/share/ament_lint_auto/cmake)
[1.646s] -- Added test 'lint_cmake' to check CMake code style
[1.649s] -- Added test 'xmllint' to check XML markup files
[1.651s] -- Configuring done (1.6s)
[1.658s] -- Generating done (0.0s)
[1.662s] -- Build files have been written to: /ros2_ws_multirobots/src/build/practica1
