[0.013s] Invoking command in '/ros2_ws_multirobots/build/robot_bringup': AMENT_PREFIX_PATH=/ros2_ws_multirobots/install/practica1 CMAKE_PREFIX_PATH=/ros2_ws_multirobots/install/practica1 /usr/bin/cmake --build /ros2_ws_multirobots/build/robot_bringup -- -j16 -l16
[0.066s] Invoked command in '/ros2_ws_multirobots/build/robot_bringup' returned '0': AMENT_PREFIX_PATH=/ros2_ws_multirobots/install/practica1 CMAKE_PREFIX_PATH=/ros2_ws_multirobots/install/practica1 /usr/bin/cmake --build /ros2_ws_multirobots/build/robot_bringup -- -j16 -l16
[0.076s] Invoking command in '/ros2_ws_multirobots/build/robot_bringup': AMENT_PREFIX_PATH=/ros2_ws_multirobots/install/practica1 CMAKE_PREFIX_PATH=/ros2_ws_multirobots/install/practica1 /usr/bin/cmake --install /ros2_ws_multirobots/build/robot_bringup
[0.084s] -- Install configuration: ""
[0.084s] -- Up-to-date: /ros2_ws_multirobots/install/robot_bringup/share/robot_bringup/launch
[0.085s] -- Up-to-date: /ros2_ws_multirobots/install/robot_bringup/share/robot_bringup/launch/robot_bringup.launch.py
[0.085s] -- Up-to-date: /ros2_ws_multirobots/install/robot_bringup/share/robot_bringup/world
[0.085s] -- Up-to-date: /ros2_ws_multirobots/install/robot_bringup/share/robot_bringup/world/my_world.sdf
[0.085s] -- Up-to-date: /ros2_ws_multirobots/install/robot_bringup/share/robot_bringup/config
[0.086s] -- Installing: /ros2_ws_multirobots/install/robot_bringup/share/robot_bringup/config/bridge_config.yaml
[0.086s] -- Up-to-date: /ros2_ws_multirobots/install/robot_bringup/share/ament_index/resource_index/package_run_dependencies/robot_bringup
[0.086s] -- Up-to-date: /ros2_ws_multirobots/install/robot_bringup/share/ament_index/resource_index/parent_prefix_path/robot_bringup
[0.086s] -- Up-to-date: /ros2_ws_multirobots/install/robot_bringup/share/robot_bringup/environment/ament_prefix_path.sh
[0.086s] -- Up-to-date: /ros2_ws_multirobots/install/robot_bringup/share/robot_bringup/environment/ament_prefix_path.dsv
[0.087s] -- Up-to-date: /ros2_ws_multirobots/install/robot_bringup/share/robot_bringup/environment/path.sh
[0.087s] -- Up-to-date: /ros2_ws_multirobots/install/robot_bringup/share/robot_bringup/environment/path.dsv
[0.087s] -- Up-to-date: /ros2_ws_multirobots/install/robot_bringup/share/robot_bringup/local_setup.bash
[0.087s] -- Up-to-date: /ros2_ws_multirobots/install/robot_bringup/share/robot_bringup/local_setup.sh
[0.087s] -- Up-to-date: /ros2_ws_multirobots/install/robot_bringup/share/robot_bringup/local_setup.zsh
[0.087s] -- Up-to-date: /ros2_ws_multirobots/install/robot_bringup/share/robot_bringup/local_setup.dsv
[0.088s] -- Installing: /ros2_ws_multirobots/install/robot_bringup/share/robot_bringup/package.dsv
[0.088s] -- Up-to-date: /ros2_ws_multirobots/install/robot_bringup/share/ament_index/resource_index/packages/robot_bringup
[0.088s] -- Up-to-date: /ros2_ws_multirobots/install/robot_bringup/share/robot_bringup/cmake/robot_bringupConfig.cmake
[0.088s] -- Up-to-date: /ros2_ws_multirobots/install/robot_bringup/share/robot_bringup/cmake/robot_bringupConfig-version.cmake
[0.089s] -- Up-to-date: /ros2_ws_multirobots/install/robot_bringup/share/robot_bringup/package.xml
[0.090s] Invoked command in '/ros2_ws_multirobots/build/robot_bringup' returned '0': AMENT_PREFIX_PATH=/ros2_ws_multirobots/install/practica1 CMAKE_PREFIX_PATH=/ros2_ws_multirobots/install/practica1 /usr/bin/cmake --install /ros2_ws_multirobots/build/robot_bringup
