[0.015s] Invoking command in '/ros2_ws_multirobots/build/practica1': CMAKE_PREFIX_PATH=${CMAKE_PREFIX_PATH}:/opt/ros/jazzy /usr/bin/cmake --build /ros2_ws_multirobots/build/practica1 -- -j16 -l16
[0.078s] Invoked command in '/ros2_ws_multirobots/build/practica1' returned '0': CMAKE_PREFIX_PATH=${CMAKE_PREFIX_PATH}:/opt/ros/jazzy /usr/bin/cmake --build /ros2_ws_multirobots/build/practica1 -- -j16 -l16
[0.090s] Invoking command in '/ros2_ws_multirobots/build/practica1': CMAKE_PREFIX_PATH=${CMAKE_PREFIX_PATH}:/opt/ros/jazzy /usr/bin/cmake --install /ros2_ws_multirobots/build/practica1
[0.108s] -- Install configuration: ""
[0.108s] -- Up-to-date: /ros2_ws_multirobots/install/practica1/share/practica1//urdf
[0.108s] -- Installing: /ros2_ws_multirobots/install/practica1/share/practica1//urdf/robotito.urdf
[0.108s] -- Up-to-date: /ros2_ws_multirobots/install/practica1/share/practica1//launch
[0.109s] -- Up-to-date: /ros2_ws_multirobots/install/practica1/share/practica1//launch/sencillo_launch.launch
[0.109s] -- Up-to-date: /ros2_ws_multirobots/install/practica1/share/ament_index/resource_index/package_run_dependencies/practica1
[0.109s] -- Up-to-date: /ros2_ws_multirobots/install/practica1/share/ament_index/resource_index/parent_prefix_path/practica1
[0.109s] -- Up-to-date: /ros2_ws_multirobots/install/practica1/share/practica1/environment/ament_prefix_path.sh
[0.109s] -- Up-to-date: /ros2_ws_multirobots/install/practica1/share/practica1/environment/ament_prefix_path.dsv
[0.109s] -- Up-to-date: /ros2_ws_multirobots/install/practica1/share/practica1/environment/path.sh
[0.109s] -- Up-to-date: /ros2_ws_multirobots/install/practica1/share/practica1/environment/path.dsv
[0.109s] -- Up-to-date: /ros2_ws_multirobots/install/practica1/share/practica1/local_setup.bash
[0.110s] -- Up-to-date: /ros2_ws_multirobots/install/practica1/share/practica1/local_setup.sh
[0.110s] -- Up-to-date: /ros2_ws_multirobots/install/practica1/share/practica1/local_setup.zsh
[0.110s] -- Up-to-date: /ros2_ws_multirobots/install/practica1/share/practica1/local_setup.dsv
[0.110s] -- Installing: /ros2_ws_multirobots/install/practica1/share/practica1/package.dsv
[0.110s] -- Up-to-date: /ros2_ws_multirobots/install/practica1/share/ament_index/resource_index/packages/practica1
[0.110s] -- Up-to-date: /ros2_ws_multirobots/install/practica1/share/practica1/cmake/practica1Config.cmake
[0.110s] -- Up-to-date: /ros2_ws_multirobots/install/practica1/share/practica1/cmake/practica1Config-version.cmake
[0.110s] -- Up-to-date: /ros2_ws_multirobots/install/practica1/share/practica1/package.xml
[0.112s] Invoked command in '/ros2_ws_multirobots/build/practica1' returned '0': CMAKE_PREFIX_PATH=${CMAKE_PREFIX_PATH}:/opt/ros/jazzy /usr/bin/cmake --install /ros2_ws_multirobots/build/practica1
