[0.180s] DEBUG:colcon:Command line arguments: ['/usr/bin/colcon', 'build', '--packages-select', 'practica1', 'robot_bringup', '--symlink-install']
[0.181s] DEBUG:colcon:Parsed command line arguments: Namespace(log_base=None, log_level=None, verb_name='build', build_base='build', install_base='install', merge_install=False, symlink_install=True, test_result_base=None, continue_on_error=False, executor='parallel', parallel_workers=16, event_handlers=None, ignore_user_meta=False, metas=['./colcon.meta'], base_paths=['.'], packages_ignore=None, packages_ignore_regex=None, paths=None, packages_up_to=None, packages_up_to_regex=None, packages_above=None, packages_above_and_dependencies=None, packages_above_depth=None, packages_select_by_dep=None, packages_skip_by_dep=None, packages_skip_up_to=None, packages_select_build_failed=False, packages_skip_build_finished=False, packages_select_test_failures=False, packages_skip_test_passed=False, packages_select=['practica1', 'robot_bringup'], packages_skip=None, packages_select_regex=None, packages_skip_regex=None, packages_start=None, packages_end=None, cmake_args=None, cmake_target=None, cmake_target_skip_unavailable=False, cmake_clean_cache=False, cmake_clean_first=False, cmake_force_configure=False, ament_cmake_args=None, catkin_cmake_args=None, catkin_skip_building_tests=False, mixin_files=None, mixin=None, verb_parser=<colcon_mixin.mixin.mixin_argument.MixinArgumentDecorator object at 0x77b53e694710>, verb_extension=<colcon_core.verb.build.BuildVerb object at 0x77b53e7eca10>, main=<bound method BuildVerb.main of <colcon_core.verb.build.BuildVerb object at 0x77b53e7eca10>>, mixin_verb=('build',))
[0.242s] Level 1:colcon.colcon_core.package_discovery:discover_packages(colcon_meta) check parameters
[0.244s] INFO:colcon.colcon_metadata.package_discovery.colcon_meta:Using configuration from '/root/.colcon/metadata/default/Gazebo.meta'
[0.244s] INFO:colcon.colcon_metadata.package_discovery.colcon_meta:Using configuration from '/root/.colcon/metadata/default/fastdds.meta'
[0.245s] INFO:colcon.colcon_metadata.package_discovery.colcon_meta:Using configuration from '/root/.colcon/metadata/default/fastrtps.meta'
[0.245s] Level 1:colcon.colcon_core.package_discovery:discover_packages(recursive) check parameters
[0.245s] Level 1:colcon.colcon_core.package_discovery:discover_packages(ignore) check parameters
[0.245s] Level 1:colcon.colcon_core.package_discovery:discover_packages(path) check parameters
[0.245s] Level 1:colcon.colcon_core.package_discovery:discover_packages(colcon_meta) discover
[0.245s] Level 1:colcon.colcon_core.package_discovery:discover_packages(recursive) discover
[0.245s] INFO:colcon.colcon_core.package_discovery:Crawling recursively for packages in '/ros2_ws_multirobots'
[0.246s] Level 1:colcon.colcon_core.package_identification:_identify(.) by extensions ['ignore', 'ignore_ament_install']
[0.246s] Level 1:colcon.colcon_core.package_identification:_identify(.) by extension 'ignore'
[0.246s] Level 1:colcon.colcon_core.package_identification:_identify(.) by extension 'ignore_ament_install'
[0.246s] Level 1:colcon.colcon_core.package_identification:_identify(.) by extensions ['colcon_pkg']
[0.246s] Level 1:colcon.colcon_core.package_identification:_identify(.) by extension 'colcon_pkg'
[0.246s] Level 1:colcon.colcon_core.package_identification:_identify(.) by extensions ['colcon_meta']
[0.246s] Level 1:colcon.colcon_core.package_identification:_identify(.) by extension 'colcon_meta'
[0.246s] Level 1:colcon.colcon_core.package_identification:_identify(.) by extensions ['ros']
[0.246s] Level 1:colcon.colcon_core.package_identification:_identify(.) by extension 'ros'
[0.287s] Level 1:colcon.colcon_core.package_identification:_identify(.) by extensions ['cmake', 'python']
[0.287s] Level 1:colcon.colcon_core.package_identification:_identify(.) by extension 'cmake'
[0.287s] Level 1:colcon.colcon_core.package_identification:_identify(.) by extension 'python'
[0.287s] Level 1:colcon.colcon_core.package_identification:_identify(.) by extensions ['python_setup_py']
[0.287s] Level 1:colcon.colcon_core.package_identification:_identify(.) by extension 'python_setup_py'
[0.288s] Level 1:colcon.colcon_core.package_identification:_identify(build) by extensions ['ignore', 'ignore_ament_install']
[0.288s] Level 1:colcon.colcon_core.package_identification:_identify(build) by extension 'ignore'
[0.288s] Level 1:colcon.colcon_core.package_identification:_identify(build) ignored
[0.288s] Level 1:colcon.colcon_core.package_identification:_identify(install) by extensions ['ignore', 'ignore_ament_install']
[0.288s] Level 1:colcon.colcon_core.package_identification:_identify(install) by extension 'ignore'
[0.288s] Level 1:colcon.colcon_core.package_identification:_identify(install) ignored
[0.289s] Level 1:colcon.colcon_core.package_identification:_identify(log) by extensions ['ignore', 'ignore_ament_install']
[0.289s] Level 1:colcon.colcon_core.package_identification:_identify(log) by extension 'ignore'
[0.289s] Level 1:colcon.colcon_core.package_identification:_identify(log) ignored
[0.289s] Level 1:colcon.colcon_core.package_identification:_identify(src) by extensions ['ignore', 'ignore_ament_install']
[0.289s] Level 1:colcon.colcon_core.package_identification:_identify(src) by extension 'ignore'
[0.289s] Level 1:colcon.colcon_core.package_identification:_identify(src) by extension 'ignore_ament_install'
[0.289s] Level 1:colcon.colcon_core.package_identification:_identify(src) by extensions ['colcon_pkg']
[0.289s] Level 1:colcon.colcon_core.package_identification:_identify(src) by extension 'colcon_pkg'
[0.289s] Level 1:colcon.colcon_core.package_identification:_identify(src) by extensions ['colcon_meta']
[0.289s] Level 1:colcon.colcon_core.package_identification:_identify(src) by extension 'colcon_meta'
[0.289s] Level 1:colcon.colcon_core.package_identification:_identify(src) by extensions ['ros']
[0.289s] Level 1:colcon.colcon_core.package_identification:_identify(src) by extension 'ros'
[0.289s] Level 1:colcon.colcon_core.package_identification:_identify(src) by extensions ['cmake', 'python']
[0.289s] Level 1:colcon.colcon_core.package_identification:_identify(src) by extension 'cmake'
[0.289s] Level 1:colcon.colcon_core.package_identification:_identify(src) by extension 'python'
[0.290s] Level 1:colcon.colcon_core.package_identification:_identify(src) by extensions ['python_setup_py']
[0.290s] Level 1:colcon.colcon_core.package_identification:_identify(src) by extension 'python_setup_py'
[0.290s] Level 1:colcon.colcon_core.package_identification:_identify(src/build) by extensions ['ignore', 'ignore_ament_install']
[0.290s] Level 1:colcon.colcon_core.package_identification:_identify(src/build) by extension 'ignore'
[0.290s] Level 1:colcon.colcon_core.package_identification:_identify(src/build) ignored
[0.290s] Level 1:colcon.colcon_core.package_identification:_identify(src/down_camera_bot) by extensions ['ignore', 'ignore_ament_install']
[0.290s] Level 1:colcon.colcon_core.package_identification:_identify(src/down_camera_bot) by extension 'ignore'
[0.290s] Level 1:colcon.colcon_core.package_identification:_identify(src/down_camera_bot) by extension 'ignore_ament_install'
[0.290s] Level 1:colcon.colcon_core.package_identification:_identify(src/down_camera_bot) by extensions ['colcon_pkg']
[0.291s] Level 1:colcon.colcon_core.package_identification:_identify(src/down_camera_bot) by extension 'colcon_pkg'
[0.291s] Level 1:colcon.colcon_core.package_identification:_identify(src/down_camera_bot) by extensions ['colcon_meta']
[0.291s] Level 1:colcon.colcon_core.package_identification:_identify(src/down_camera_bot) by extension 'colcon_meta'
[0.291s] Level 1:colcon.colcon_core.package_identification:_identify(src/down_camera_bot) by extensions ['ros']
[0.291s] Level 1:colcon.colcon_core.package_identification:_identify(src/down_camera_bot) by extension 'ros'
[0.295s] DEBUG:colcon.colcon_core.package_identification:Package 'src/down_camera_bot' with type 'ros.ament_cmake' and name 'down_camera_bot'
[0.295s] Level 1:colcon.colcon_core.package_identification:_identify(src/install) by extensions ['ignore', 'ignore_ament_install']
[0.295s] Level 1:colcon.colcon_core.package_identification:_identify(src/install) by extension 'ignore'
[0.295s] Level 1:colcon.colcon_core.package_identification:_identify(src/install) ignored
[0.295s] Level 1:colcon.colcon_core.package_identification:_identify(src/log) by extensions ['ignore', 'ignore_ament_install']
[0.296s] Level 1:colcon.colcon_core.package_identification:_identify(src/log) by extension 'ignore'
[0.296s] Level 1:colcon.colcon_core.package_identification:_identify(src/log) ignored
[0.296s] Level 1:colcon.colcon_core.package_identification:_identify(src/practica1) by extensions ['ignore', 'ignore_ament_install']
[0.296s] Level 1:colcon.colcon_core.package_identification:_identify(src/practica1) by extension 'ignore'
[0.296s] Level 1:colcon.colcon_core.package_identification:_identify(src/practica1) by extension 'ignore_ament_install'
[0.296s] Level 1:colcon.colcon_core.package_identification:_identify(src/practica1) by extensions ['colcon_pkg']
[0.296s] Level 1:colcon.colcon_core.package_identification:_identify(src/practica1) by extension 'colcon_pkg'
[0.296s] Level 1:colcon.colcon_core.package_identification:_identify(src/practica1) by extensions ['colcon_meta']
[0.296s] Level 1:colcon.colcon_core.package_identification:_identify(src/practica1) by extension 'colcon_meta'
[0.296s] Level 1:colcon.colcon_core.package_identification:_identify(src/practica1) by extensions ['ros']
[0.296s] Level 1:colcon.colcon_core.package_identification:_identify(src/practica1) by extension 'ros'
[0.297s] DEBUG:colcon.colcon_core.package_identification:Package 'src/practica1' with type 'ros.ament_cmake' and name 'practica1'
[0.297s] Level 1:colcon.colcon_core.package_identification:_identify(src/robot_bringup) by extensions ['ignore', 'ignore_ament_install']
[0.297s] Level 1:colcon.colcon_core.package_identification:_identify(src/robot_bringup) by extension 'ignore'
[0.298s] Level 1:colcon.colcon_core.package_identification:_identify(src/robot_bringup) by extension 'ignore_ament_install'
[0.298s] Level 1:colcon.colcon_core.package_identification:_identify(src/robot_bringup) by extensions ['colcon_pkg']
[0.298s] Level 1:colcon.colcon_core.package_identification:_identify(src/robot_bringup) by extension 'colcon_pkg'
[0.298s] Level 1:colcon.colcon_core.package_identification:_identify(src/robot_bringup) by extensions ['colcon_meta']
[0.298s] Level 1:colcon.colcon_core.package_identification:_identify(src/robot_bringup) by extension 'colcon_meta'
[0.298s] Level 1:colcon.colcon_core.package_identification:_identify(src/robot_bringup) by extensions ['ros']
[0.298s] Level 1:colcon.colcon_core.package_identification:_identify(src/robot_bringup) by extension 'ros'
[0.299s] DEBUG:colcon.colcon_core.package_identification:Package 'src/robot_bringup' with type 'ros.ament_cmake' and name 'robot_bringup'
[0.299s] Level 1:colcon.colcon_core.package_discovery:discover_packages(recursive) using defaults
[0.299s] Level 1:colcon.colcon_core.package_discovery:discover_packages(ignore) discover
[0.299s] Level 1:colcon.colcon_core.package_discovery:discover_packages(ignore) using defaults
[0.299s] Level 1:colcon.colcon_core.package_discovery:discover_packages(path) discover
[0.299s] Level 1:colcon.colcon_core.package_discovery:discover_packages(path) using defaults
[0.330s] INFO:colcon.colcon_core.package_selection:Skipping not selected package 'down_camera_bot' in 'src/down_camera_bot'
[0.330s] Level 5:colcon.colcon_core.verb:set package 'practica1' build argument 'cmake_args' from command line to 'None'
[0.330s] Level 5:colcon.colcon_core.verb:set package 'practica1' build argument 'cmake_target' from command line to 'None'
[0.330s] Level 5:colcon.colcon_core.verb:set package 'practica1' build argument 'cmake_target_skip_unavailable' from command line to 'False'
[0.330s] Level 5:colcon.colcon_core.verb:set package 'practica1' build argument 'cmake_clean_cache' from command line to 'False'
[0.330s] Level 5:colcon.colcon_core.verb:set package 'practica1' build argument 'cmake_clean_first' from command line to 'False'
[0.330s] Level 5:colcon.colcon_core.verb:set package 'practica1' build argument 'cmake_force_configure' from command line to 'False'
[0.330s] Level 5:colcon.colcon_core.verb:set package 'practica1' build argument 'ament_cmake_args' from command line to 'None'
[0.330s] Level 5:colcon.colcon_core.verb:set package 'practica1' build argument 'catkin_cmake_args' from command line to 'None'
[0.330s] Level 5:colcon.colcon_core.verb:set package 'practica1' build argument 'catkin_skip_building_tests' from command line to 'False'
[0.330s] DEBUG:colcon.colcon_core.verb:Building package 'practica1' with the following arguments: {'ament_cmake_args': None, 'build_base': '/ros2_ws_multirobots/build/practica1', 'catkin_cmake_args': None, 'catkin_skip_building_tests': False, 'cmake_args': None, 'cmake_clean_cache': False, 'cmake_clean_first': False, 'cmake_force_configure': False, 'cmake_target': None, 'cmake_target_skip_unavailable': False, 'install_base': '/ros2_ws_multirobots/install/practica1', 'merge_install': False, 'path': '/ros2_ws_multirobots/src/practica1', 'symlink_install': True, 'test_result_base': None}
[0.331s] Level 5:colcon.colcon_core.verb:set package 'robot_bringup' build argument 'cmake_args' from command line to 'None'
[0.331s] Level 5:colcon.colcon_core.verb:set package 'robot_bringup' build argument 'cmake_target' from command line to 'None'
[0.331s] Level 5:colcon.colcon_core.verb:set package 'robot_bringup' build argument 'cmake_target_skip_unavailable' from command line to 'False'
[0.331s] Level 5:colcon.colcon_core.verb:set package 'robot_bringup' build argument 'cmake_clean_cache' from command line to 'False'
[0.331s] Level 5:colcon.colcon_core.verb:set package 'robot_bringup' build argument 'cmake_clean_first' from command line to 'False'
[0.331s] Level 5:colcon.colcon_core.verb:set package 'robot_bringup' build argument 'cmake_force_configure' from command line to 'False'
[0.331s] Level 5:colcon.colcon_core.verb:set package 'robot_bringup' build argument 'ament_cmake_args' from command line to 'None'
[0.331s] Level 5:colcon.colcon_core.verb:set package 'robot_bringup' build argument 'catkin_cmake_args' from command line to 'None'
[0.331s] Level 5:colcon.colcon_core.verb:set package 'robot_bringup' build argument 'catkin_skip_building_tests' from command line to 'False'
[0.331s] DEBUG:colcon.colcon_core.verb:Building package 'robot_bringup' with the following arguments: {'ament_cmake_args': None, 'build_base': '/ros2_ws_multirobots/build/robot_bringup', 'catkin_cmake_args': None, 'catkin_skip_building_tests': False, 'cmake_args': None, 'cmake_clean_cache': False, 'cmake_clean_first': False, 'cmake_force_configure': False, 'cmake_target': None, 'cmake_target_skip_unavailable': False, 'install_base': '/ros2_ws_multirobots/install/robot_bringup', 'merge_install': False, 'path': '/ros2_ws_multirobots/src/robot_bringup', 'symlink_install': True, 'test_result_base': None}
[0.332s] INFO:colcon.colcon_core.executor:Executing jobs using 'parallel' executor
[0.334s] DEBUG:colcon.colcon_parallel_executor.executor.parallel:run_until_complete
[0.335s] INFO:colcon.colcon_ros.task.ament_cmake.build:Building ROS package in '/ros2_ws_multirobots/src/practica1' with build type 'ament_cmake'
[0.335s] INFO:colcon.colcon_cmake.task.cmake.build:Building CMake package in '/ros2_ws_multirobots/src/practica1'
[0.340s] INFO:colcon.colcon_core.plugin_system:Skipping extension 'colcon_core.shell.bat': Not used on non-Windows systems
[0.340s] INFO:colcon.colcon_core.shell:Skip shell extension 'powershell' for command environment: Not usable outside of PowerShell
[0.341s] DEBUG:colcon.colcon_core.shell:Skip shell extension 'dsv' for command environment
[0.357s] DEBUG:colcon.colcon_core.event_handler.log_command:Invoking command in '/ros2_ws_multirobots/build/practica1': CMAKE_PREFIX_PATH=${CMAKE_PREFIX_PATH}:/opt/ros/jazzy /usr/bin/cmake /ros2_ws_multirobots/src/practica1 -DAMENT_CMAKE_SYMLINK_INSTALL=1 -DCMAKE_INSTALL_PREFIX=/ros2_ws_multirobots/install/practica1
[1.408s] DEBUG:colcon.colcon_core.event_handler.log_command:Invoked command in '/ros2_ws_multirobots/build/practica1' returned '0': CMAKE_PREFIX_PATH=${CMAKE_PREFIX_PATH}:/opt/ros/jazzy /usr/bin/cmake /ros2_ws_multirobots/src/practica1 -DAMENT_CMAKE_SYMLINK_INSTALL=1 -DCMAKE_INSTALL_PREFIX=/ros2_ws_multirobots/install/practica1
[1.409s] DEBUG:colcon.colcon_core.event_handler.log_command:Invoking command in '/ros2_ws_multirobots/build/practica1': CMAKE_PREFIX_PATH=${CMAKE_PREFIX_PATH}:/opt/ros/jazzy /usr/bin/cmake --build /ros2_ws_multirobots/build/practica1 -- -j16 -l16
[1.507s] DEBUG:colcon.colcon_core.event_handler.log_command:Invoked command in '/ros2_ws_multirobots/build/practica1' returned '0': CMAKE_PREFIX_PATH=${CMAKE_PREFIX_PATH}:/opt/ros/jazzy /usr/bin/cmake --build /ros2_ws_multirobots/build/practica1 -- -j16 -l16
[1.526s] DEBUG:colcon.colcon_core.event_handler.log_command:Invoking command in '/ros2_ws_multirobots/build/practica1': CMAKE_PREFIX_PATH=${CMAKE_PREFIX_PATH}:/opt/ros/jazzy /usr/bin/cmake --install /ros2_ws_multirobots/build/practica1
[1.576s] Level 1:colcon.colcon_core.environment:create_environment_scripts_only(practica1)
[1.577s] DEBUG:colcon.colcon_core.event_handler.log_command:Invoked command in '/ros2_ws_multirobots/build/practica1' returned '0': CMAKE_PREFIX_PATH=${CMAKE_PREFIX_PATH}:/opt/ros/jazzy /usr/bin/cmake --install /ros2_ws_multirobots/build/practica1
[1.580s] Level 1:colcon.colcon_core.environment:checking '/ros2_ws_multirobots/install/practica1' for CMake module files
[1.581s] Level 1:colcon.colcon_core.environment:checking '/ros2_ws_multirobots/install/practica1' for CMake config files
[1.582s] Level 1:colcon.colcon_core.shell:create_environment_hook('practica1', 'cmake_prefix_path')
[1.582s] INFO:colcon.colcon_core.shell:Creating environment hook '/ros2_ws_multirobots/install/practica1/share/practica1/hook/cmake_prefix_path.ps1'
[1.583s] INFO:colcon.colcon_core.shell:Creating environment descriptor '/ros2_ws_multirobots/install/practica1/share/practica1/hook/cmake_prefix_path.dsv'
[1.584s] INFO:colcon.colcon_core.shell:Creating environment hook '/ros2_ws_multirobots/install/practica1/share/practica1/hook/cmake_prefix_path.sh'
[1.585s] Level 1:colcon.colcon_core.environment:checking '/ros2_ws_multirobots/install/practica1/bin'
[1.585s] Level 1:colcon.colcon_core.environment:checking '/ros2_ws_multirobots/install/practica1/lib/pkgconfig/practica1.pc'
[1.588s] Level 1:colcon.colcon_core.environment:checking '/ros2_ws_multirobots/install/practica1/lib/python3.12/site-packages'
[1.589s] Level 1:colcon.colcon_core.environment:checking '/ros2_ws_multirobots/install/practica1/bin'
[1.589s] INFO:colcon.colcon_core.shell:Creating package script '/ros2_ws_multirobots/install/practica1/share/practica1/package.ps1'
[1.591s] INFO:colcon.colcon_core.shell:Creating package descriptor '/ros2_ws_multirobots/install/practica1/share/practica1/package.dsv'
[1.592s] INFO:colcon.colcon_core.shell:Creating package script '/ros2_ws_multirobots/install/practica1/share/practica1/package.sh'
[1.593s] INFO:colcon.colcon_core.shell:Creating package script '/ros2_ws_multirobots/install/practica1/share/practica1/package.bash'
[1.594s] INFO:colcon.colcon_core.shell:Creating package script '/ros2_ws_multirobots/install/practica1/share/practica1/package.zsh'
[1.596s] Level 1:colcon.colcon_core.environment:create_file_with_runtime_dependencies(/ros2_ws_multirobots/install/practica1/share/colcon-core/packages/practica1)
[1.597s] Level 1:colcon.colcon_core.environment:create_environment_scripts_only(practica1)
[1.598s] Level 1:colcon.colcon_core.environment:checking '/ros2_ws_multirobots/install/practica1' for CMake module files
[1.598s] Level 1:colcon.colcon_core.environment:checking '/ros2_ws_multirobots/install/practica1' for CMake config files
[1.599s] Level 1:colcon.colcon_core.shell:create_environment_hook('practica1', 'cmake_prefix_path')
[1.599s] INFO:colcon.colcon_core.shell:Creating environment hook '/ros2_ws_multirobots/install/practica1/share/practica1/hook/cmake_prefix_path.ps1'
[1.600s] INFO:colcon.colcon_core.shell:Creating environment descriptor '/ros2_ws_multirobots/install/practica1/share/practica1/hook/cmake_prefix_path.dsv'
[1.600s] INFO:colcon.colcon_core.shell:Creating environment hook '/ros2_ws_multirobots/install/practica1/share/practica1/hook/cmake_prefix_path.sh'
[1.602s] Level 1:colcon.colcon_core.environment:checking '/ros2_ws_multirobots/install/practica1/bin'
[1.602s] Level 1:colcon.colcon_core.environment:checking '/ros2_ws_multirobots/install/practica1/lib/pkgconfig/practica1.pc'
[1.602s] Level 1:colcon.colcon_core.environment:checking '/ros2_ws_multirobots/install/practica1/lib/python3.12/site-packages'
[1.603s] Level 1:colcon.colcon_core.environment:checking '/ros2_ws_multirobots/install/practica1/bin'
[1.603s] INFO:colcon.colcon_core.shell:Creating package script '/ros2_ws_multirobots/install/practica1/share/practica1/package.ps1'
[1.605s] INFO:colcon.colcon_core.shell:Creating package descriptor '/ros2_ws_multirobots/install/practica1/share/practica1/package.dsv'
[1.606s] INFO:colcon.colcon_core.shell:Creating package script '/ros2_ws_multirobots/install/practica1/share/practica1/package.sh'
[1.607s] INFO:colcon.colcon_core.shell:Creating package script '/ros2_ws_multirobots/install/practica1/share/practica1/package.bash'
[1.607s] INFO:colcon.colcon_core.shell:Creating package script '/ros2_ws_multirobots/install/practica1/share/practica1/package.zsh'
[1.608s] Level 1:colcon.colcon_core.environment:create_file_with_runtime_dependencies(/ros2_ws_multirobots/install/practica1/share/colcon-core/packages/practica1)
[1.608s] INFO:colcon.colcon_ros.task.ament_cmake.build:Building ROS package in '/ros2_ws_multirobots/src/robot_bringup' with build type 'ament_cmake'
[1.609s] INFO:colcon.colcon_cmake.task.cmake.build:Building CMake package in '/ros2_ws_multirobots/src/robot_bringup'
[1.609s] INFO:colcon.colcon_core.shell:Skip shell extension 'powershell' for command environment: Not usable outside of PowerShell
[1.609s] DEBUG:colcon.colcon_core.shell:Skip shell extension 'dsv' for command environment
[1.626s] DEBUG:colcon.colcon_core.event_handler.log_command:Invoking command in '/ros2_ws_multirobots/build/robot_bringup': CMAKE_PREFIX_PATH=/ros2_ws_multirobots/install/practica1:/ros2_ws_multirobots/install/robot_bringup:/ros2_ws_multirobots/install/my_robot_description:/ros2_ws_multirobots/install/down_camera_bot:/opt/ros/jazzy/opt/gz_sim_vendor:/opt/ros/jazzy/opt/gz_sensors_vendor:/opt/ros/jazzy/opt/gz_physics_vendor:/opt/ros/jazzy/opt/sdformat_vendor:/opt/ros/jazzy/opt/gz_gui_vendor:/opt/ros/jazzy/opt/gz_transport_vendor:/opt/ros/jazzy/opt/gz_rendering_vendor:/opt/ros/jazzy/opt/gz_plugin_vendor:/opt/ros/jazzy/opt/gz_fuel_tools_vendor:/opt/ros/jazzy/opt/gz_msgs_vendor:/opt/ros/jazzy/opt/gz_common_vendor:/opt/ros/jazzy/opt/gz_math_vendor:/opt/ros/jazzy/opt/gz_utils_vendor:/opt/ros/jazzy/opt/gz_tools_vendor:/opt/ros/jazzy/opt/gz_ogre_next_vendor:/opt/ros/jazzy/opt/gz_dartsim_vendor:/opt/ros/jazzy/opt/gz_cmake_vendor:/opt/ros/jazzy /usr/bin/cmake /ros2_ws_multirobots/src/robot_bringup -DAMENT_CMAKE_SYMLINK_INSTALL=1 -DCMAKE_INSTALL_PREFIX=/ros2_ws_multirobots/install/robot_bringup
[2.240s] DEBUG:colcon.colcon_core.event_handler.log_command:Invoked command in '/ros2_ws_multirobots/build/robot_bringup' returned '0': CMAKE_PREFIX_PATH=/ros2_ws_multirobots/install/practica1:/ros2_ws_multirobots/install/robot_bringup:/ros2_ws_multirobots/install/my_robot_description:/ros2_ws_multirobots/install/down_camera_bot:/opt/ros/jazzy/opt/gz_sim_vendor:/opt/ros/jazzy/opt/gz_sensors_vendor:/opt/ros/jazzy/opt/gz_physics_vendor:/opt/ros/jazzy/opt/sdformat_vendor:/opt/ros/jazzy/opt/gz_gui_vendor:/opt/ros/jazzy/opt/gz_transport_vendor:/opt/ros/jazzy/opt/gz_rendering_vendor:/opt/ros/jazzy/opt/gz_plugin_vendor:/opt/ros/jazzy/opt/gz_fuel_tools_vendor:/opt/ros/jazzy/opt/gz_msgs_vendor:/opt/ros/jazzy/opt/gz_common_vendor:/opt/ros/jazzy/opt/gz_math_vendor:/opt/ros/jazzy/opt/gz_utils_vendor:/opt/ros/jazzy/opt/gz_tools_vendor:/opt/ros/jazzy/opt/gz_ogre_next_vendor:/opt/ros/jazzy/opt/gz_dartsim_vendor:/opt/ros/jazzy/opt/gz_cmake_vendor:/opt/ros/jazzy /usr/bin/cmake /ros2_ws_multirobots/src/robot_bringup -DAMENT_CMAKE_SYMLINK_INSTALL=1 -DCMAKE_INSTALL_PREFIX=/ros2_ws_multirobots/install/robot_bringup
[2.240s] DEBUG:colcon.colcon_core.event_handler.log_command:Invoking command in '/ros2_ws_multirobots/build/robot_bringup': CMAKE_PREFIX_PATH=/ros2_ws_multirobots/install/practica1:/ros2_ws_multirobots/install/robot_bringup:/ros2_ws_multirobots/install/my_robot_description:/ros2_ws_multirobots/install/down_camera_bot:/opt/ros/jazzy/opt/gz_sim_vendor:/opt/ros/jazzy/opt/gz_sensors_vendor:/opt/ros/jazzy/opt/gz_physics_vendor:/opt/ros/jazzy/opt/sdformat_vendor:/opt/ros/jazzy/opt/gz_gui_vendor:/opt/ros/jazzy/opt/gz_transport_vendor:/opt/ros/jazzy/opt/gz_rendering_vendor:/opt/ros/jazzy/opt/gz_plugin_vendor:/opt/ros/jazzy/opt/gz_fuel_tools_vendor:/opt/ros/jazzy/opt/gz_msgs_vendor:/opt/ros/jazzy/opt/gz_common_vendor:/opt/ros/jazzy/opt/gz_math_vendor:/opt/ros/jazzy/opt/gz_utils_vendor:/opt/ros/jazzy/opt/gz_tools_vendor:/opt/ros/jazzy/opt/gz_ogre_next_vendor:/opt/ros/jazzy/opt/gz_dartsim_vendor:/opt/ros/jazzy/opt/gz_cmake_vendor:/opt/ros/jazzy /usr/bin/cmake --build /ros2_ws_multirobots/build/robot_bringup -- -j16 -l16
[2.321s] DEBUG:colcon.colcon_core.event_handler.log_command:Invoked command in '/ros2_ws_multirobots/build/robot_bringup' returned '0': CMAKE_PREFIX_PATH=/ros2_ws_multirobots/install/practica1:/ros2_ws_multirobots/install/robot_bringup:/ros2_ws_multirobots/install/my_robot_description:/ros2_ws_multirobots/install/down_camera_bot:/opt/ros/jazzy/opt/gz_sim_vendor:/opt/ros/jazzy/opt/gz_sensors_vendor:/opt/ros/jazzy/opt/gz_physics_vendor:/opt/ros/jazzy/opt/sdformat_vendor:/opt/ros/jazzy/opt/gz_gui_vendor:/opt/ros/jazzy/opt/gz_transport_vendor:/opt/ros/jazzy/opt/gz_rendering_vendor:/opt/ros/jazzy/opt/gz_plugin_vendor:/opt/ros/jazzy/opt/gz_fuel_tools_vendor:/opt/ros/jazzy/opt/gz_msgs_vendor:/opt/ros/jazzy/opt/gz_common_vendor:/opt/ros/jazzy/opt/gz_math_vendor:/opt/ros/jazzy/opt/gz_utils_vendor:/opt/ros/jazzy/opt/gz_tools_vendor:/opt/ros/jazzy/opt/gz_ogre_next_vendor:/opt/ros/jazzy/opt/gz_dartsim_vendor:/opt/ros/jazzy/opt/gz_cmake_vendor:/opt/ros/jazzy /usr/bin/cmake --build /ros2_ws_multirobots/build/robot_bringup -- -j16 -l16
[2.323s] DEBUG:colcon.colcon_core.event_handler.log_command:Invoking command in '/ros2_ws_multirobots/build/robot_bringup': CMAKE_PREFIX_PATH=/ros2_ws_multirobots/install/practica1:/ros2_ws_multirobots/install/robot_bringup:/ros2_ws_multirobots/install/my_robot_description:/ros2_ws_multirobots/install/down_camera_bot:/opt/ros/jazzy/opt/gz_sim_vendor:/opt/ros/jazzy/opt/gz_sensors_vendor:/opt/ros/jazzy/opt/gz_physics_vendor:/opt/ros/jazzy/opt/sdformat_vendor:/opt/ros/jazzy/opt/gz_gui_vendor:/opt/ros/jazzy/opt/gz_transport_vendor:/opt/ros/jazzy/opt/gz_rendering_vendor:/opt/ros/jazzy/opt/gz_plugin_vendor:/opt/ros/jazzy/opt/gz_fuel_tools_vendor:/opt/ros/jazzy/opt/gz_msgs_vendor:/opt/ros/jazzy/opt/gz_common_vendor:/opt/ros/jazzy/opt/gz_math_vendor:/opt/ros/jazzy/opt/gz_utils_vendor:/opt/ros/jazzy/opt/gz_tools_vendor:/opt/ros/jazzy/opt/gz_ogre_next_vendor:/opt/ros/jazzy/opt/gz_dartsim_vendor:/opt/ros/jazzy/opt/gz_cmake_vendor:/opt/ros/jazzy /usr/bin/cmake --install /ros2_ws_multirobots/build/robot_bringup
[2.386s] Level 1:colcon.colcon_core.environment:create_environment_scripts_only(robot_bringup)
[2.386s] Level 1:colcon.colcon_core.environment:checking '/ros2_ws_multirobots/install/robot_bringup' for CMake module files
[2.387s] Level 1:colcon.colcon_core.environment:checking '/ros2_ws_multirobots/install/robot_bringup' for CMake config files
[2.388s] Level 1:colcon.colcon_core.shell:create_environment_hook('robot_bringup', 'cmake_prefix_path')
[2.388s] INFO:colcon.colcon_core.shell:Creating environment hook '/ros2_ws_multirobots/install/robot_bringup/share/robot_bringup/hook/cmake_prefix_path.ps1'
[2.389s] INFO:colcon.colcon_core.shell:Creating environment descriptor '/ros2_ws_multirobots/install/robot_bringup/share/robot_bringup/hook/cmake_prefix_path.dsv'
[2.389s] INFO:colcon.colcon_core.shell:Creating environment hook '/ros2_ws_multirobots/install/robot_bringup/share/robot_bringup/hook/cmake_prefix_path.sh'
[2.390s] DEBUG:colcon.colcon_core.event_handler.log_command:Invoked command in '/ros2_ws_multirobots/build/robot_bringup' returned '0': CMAKE_PREFIX_PATH=/ros2_ws_multirobots/install/practica1:/ros2_ws_multirobots/install/robot_bringup:/ros2_ws_multirobots/install/my_robot_description:/ros2_ws_multirobots/install/down_camera_bot:/opt/ros/jazzy/opt/gz_sim_vendor:/opt/ros/jazzy/opt/gz_sensors_vendor:/opt/ros/jazzy/opt/gz_physics_vendor:/opt/ros/jazzy/opt/sdformat_vendor:/opt/ros/jazzy/opt/gz_gui_vendor:/opt/ros/jazzy/opt/gz_transport_vendor:/opt/ros/jazzy/opt/gz_rendering_vendor:/opt/ros/jazzy/opt/gz_plugin_vendor:/opt/ros/jazzy/opt/gz_fuel_tools_vendor:/opt/ros/jazzy/opt/gz_msgs_vendor:/opt/ros/jazzy/opt/gz_common_vendor:/opt/ros/jazzy/opt/gz_math_vendor:/opt/ros/jazzy/opt/gz_utils_vendor:/opt/ros/jazzy/opt/gz_tools_vendor:/opt/ros/jazzy/opt/gz_ogre_next_vendor:/opt/ros/jazzy/opt/gz_dartsim_vendor:/opt/ros/jazzy/opt/gz_cmake_vendor:/opt/ros/jazzy /usr/bin/cmake --install /ros2_ws_multirobots/build/robot_bringup
[2.391s] Level 1:colcon.colcon_core.environment:checking '/ros2_ws_multirobots/install/robot_bringup/bin'
[2.391s] Level 1:colcon.colcon_core.environment:checking '/ros2_ws_multirobots/install/robot_bringup/lib/pkgconfig/robot_bringup.pc'
[2.392s] Level 1:colcon.colcon_core.environment:checking '/ros2_ws_multirobots/install/robot_bringup/lib/python3.12/site-packages'
[2.392s] Level 1:colcon.colcon_core.environment:checking '/ros2_ws_multirobots/install/robot_bringup/bin'
[2.393s] INFO:colcon.colcon_core.shell:Creating package script '/ros2_ws_multirobots/install/robot_bringup/share/robot_bringup/package.ps1'
[2.395s] INFO:colcon.colcon_core.shell:Creating package descriptor '/ros2_ws_multirobots/install/robot_bringup/share/robot_bringup/package.dsv'
[2.396s] INFO:colcon.colcon_core.shell:Creating package script '/ros2_ws_multirobots/install/robot_bringup/share/robot_bringup/package.sh'
[2.397s] INFO:colcon.colcon_core.shell:Creating package script '/ros2_ws_multirobots/install/robot_bringup/share/robot_bringup/package.bash'
[2.398s] INFO:colcon.colcon_core.shell:Creating package script '/ros2_ws_multirobots/install/robot_bringup/share/robot_bringup/package.zsh'
[2.399s] Level 1:colcon.colcon_core.environment:create_file_with_runtime_dependencies(/ros2_ws_multirobots/install/robot_bringup/share/colcon-core/packages/robot_bringup)
[2.400s] Level 1:colcon.colcon_core.environment:create_environment_scripts_only(robot_bringup)
[2.400s] Level 1:colcon.colcon_core.environment:checking '/ros2_ws_multirobots/install/robot_bringup' for CMake module files
[2.401s] Level 1:colcon.colcon_core.environment:checking '/ros2_ws_multirobots/install/robot_bringup' for CMake config files
[2.401s] Level 1:colcon.colcon_core.shell:create_environment_hook('robot_bringup', 'cmake_prefix_path')
[2.401s] INFO:colcon.colcon_core.shell:Creating environment hook '/ros2_ws_multirobots/install/robot_bringup/share/robot_bringup/hook/cmake_prefix_path.ps1'
[2.402s] INFO:colcon.colcon_core.shell:Creating environment descriptor '/ros2_ws_multirobots/install/robot_bringup/share/robot_bringup/hook/cmake_prefix_path.dsv'
[2.403s] INFO:colcon.colcon_core.shell:Creating environment hook '/ros2_ws_multirobots/install/robot_bringup/share/robot_bringup/hook/cmake_prefix_path.sh'
[2.404s] Level 1:colcon.colcon_core.environment:checking '/ros2_ws_multirobots/install/robot_bringup/bin'
[2.404s] Level 1:colcon.colcon_core.environment:checking '/ros2_ws_multirobots/install/robot_bringup/lib/pkgconfig/robot_bringup.pc'
[2.404s] Level 1:colcon.colcon_core.environment:checking '/ros2_ws_multirobots/install/robot_bringup/lib/python3.12/site-packages'
[2.404s] Level 1:colcon.colcon_core.environment:checking '/ros2_ws_multirobots/install/robot_bringup/bin'
[2.405s] INFO:colcon.colcon_core.shell:Creating package script '/ros2_ws_multirobots/install/robot_bringup/share/robot_bringup/package.ps1'
[2.407s] INFO:colcon.colcon_core.shell:Creating package descriptor '/ros2_ws_multirobots/install/robot_bringup/share/robot_bringup/package.dsv'
[2.408s] INFO:colcon.colcon_core.shell:Creating package script '/ros2_ws_multirobots/install/robot_bringup/share/robot_bringup/package.sh'
[2.408s] INFO:colcon.colcon_core.shell:Creating package script '/ros2_ws_multirobots/install/robot_bringup/share/robot_bringup/package.bash'
[2.409s] INFO:colcon.colcon_core.shell:Creating package script '/ros2_ws_multirobots/install/robot_bringup/share/robot_bringup/package.zsh'
[2.410s] Level 1:colcon.colcon_core.environment:create_file_with_runtime_dependencies(/ros2_ws_multirobots/install/robot_bringup/share/colcon-core/packages/robot_bringup)
[2.410s] DEBUG:colcon.colcon_parallel_executor.executor.parallel:closing loop
[2.411s] DEBUG:colcon.colcon_parallel_executor.executor.parallel:loop closed
[2.411s] DEBUG:colcon.colcon_parallel_executor.executor.parallel:run_until_complete finished with '0'
[2.411s] DEBUG:colcon.colcon_core.event_reactor:joining thread
[2.421s] INFO:colcon.colcon_core.plugin_system:Skipping extension 'colcon_notification.desktop_notification.notify_send': Could not find 'notify-send'
[2.421s] INFO:colcon.colcon_core.plugin_system:Skipping extension 'colcon_notification.desktop_notification.terminal_notifier': Not used on non-Darwin systems
[2.421s] INFO:colcon.colcon_core.plugin_system:Skipping extension 'colcon_notification.desktop_notification.win32': Not used on non-Windows systems
[2.421s] INFO:colcon.colcon_notification.desktop_notification:Sending desktop notification using 'notify2'
[2.429s] DEBUG:colcon.colcon_notification.desktop_notification.notify2:Failed to initialize notify2: org.freedesktop.DBus.Error.Spawn.ExecFailed: /usr/bin/dbus-launch terminated abnormally without any error message
[2.430s] DEBUG:colcon.colcon_core.event_reactor:joined thread
[2.431s] INFO:colcon.colcon_core.shell:Creating prefix script '/ros2_ws_multirobots/install/local_setup.ps1'
[2.433s] INFO:colcon.colcon_core.shell:Creating prefix util module '/ros2_ws_multirobots/install/_local_setup_util_ps1.py'
[2.435s] INFO:colcon.colcon_core.shell:Creating prefix chain script '/ros2_ws_multirobots/install/setup.ps1'
[2.440s] INFO:colcon.colcon_core.shell:Creating prefix script '/ros2_ws_multirobots/install/local_setup.sh'
[2.442s] INFO:colcon.colcon_core.shell:Creating prefix util module '/ros2_ws_multirobots/install/_local_setup_util_sh.py'
[2.443s] INFO:colcon.colcon_core.shell:Creating prefix chain script '/ros2_ws_multirobots/install/setup.sh'
[2.445s] INFO:colcon.colcon_core.shell:Creating prefix script '/ros2_ws_multirobots/install/local_setup.bash'
[2.446s] INFO:colcon.colcon_core.shell:Creating prefix chain script '/ros2_ws_multirobots/install/setup.bash'
[2.449s] INFO:colcon.colcon_core.shell:Creating prefix script '/ros2_ws_multirobots/install/local_setup.zsh'
[2.450s] INFO:colcon.colcon_core.shell:Creating prefix chain script '/ros2_ws_multirobots/install/setup.zsh'
