[0.017s] Invoking command in '/ros2_ws_multirobots/build/practica1': CMAKE_PREFIX_PATH=${CMAKE_PREFIX_PATH}:/opt/ros/jazzy /usr/bin/cmake --build /ros2_ws_multirobots/build/practica1 -- -j16 -l16
[0.055s] -- Found ament_cmake: 2.5.4 (/opt/ros/jazzy/share/ament_cmake/cmake)
[0.359s] -- Found rclcpp: 28.1.13 (/opt/ros/jazzy/share/rclcpp/cmake)
[0.403s] -- Found rosidl_generator_c: 4.6.6 (/opt/ros/jazzy/share/rosidl_generator_c/cmake)
[0.412s] -- Found rosidl_generator_cpp: 4.6.6 (/opt/ros/jazzy/share/rosidl_generator_cpp/cmake)
[0.423s] -- Using all available rosidl_typesupport_c: rosidl_typesupport_fastrtps_c;rosidl_typesupport_introspection_c
[0.436s] -- Using all available rosidl_typesupport_cpp: rosidl_typesupport_fastrtps_cpp;rosidl_typesupport_introspection_cpp
[0.495s] -- Found rmw_implementation_cmake: 7.3.2 (/opt/ros/jazzy/share/rmw_implementation_cmake/cmake)
[0.497s] -- Found rmw_fastrtps_cpp: 8.4.3 (/opt/ros/jazzy/share/rmw_fastrtps_cpp/cmake)
[0.569s] -- Using RMW implementation 'rmw_fastrtps_cpp' as default
[0.630s] -- Found rclpy: 7.1.6 (/opt/ros/jazzy/share/rclpy/cmake)
[0.631s] -- Found ament_lint_auto: 0.17.3 (/opt/ros/jazzy/share/ament_lint_auto/cmake)
[0.731s] -- Added test 'lint_cmake' to check CMake code style
[0.733s] -- Added test 'xmllint' to check XML markup files
[0.734s] -- Configuring done (0.7s)
[0.739s] -- Generating done (0.0s)
[0.742s] -- Build files have been written to: /ros2_ws_multirobots/build/practica1
[0.774s] Invoked command in '/ros2_ws_multirobots/build/practica1' returned '0': CMAKE_PREFIX_PATH=${CMAKE_PREFIX_PATH}:/opt/ros/jazzy /usr/bin/cmake --build /ros2_ws_multirobots/build/practica1 -- -j16 -l16
[0.792s] Invoking command in '/ros2_ws_multirobots/build/practica1': CMAKE_PREFIX_PATH=${CMAKE_PREFIX_PATH}:/opt/ros/jazzy /usr/bin/cmake --install /ros2_ws_multirobots/build/practica1
[0.800s] -- Install configuration: ""
[0.801s] -- Up-to-date: /ros2_ws_multirobots/install/practica1/share/practica1//urdf
[0.802s] -- Up-to-date: /ros2_ws_multirobots/install/practica1/share/practica1//urdf/robotito.urdf
[0.802s] -- Installing: /ros2_ws_multirobots/install/practica1/share/practica1//launch
[0.802s] -- Installing: /ros2_ws_multirobots/install/practica1/share/practica1//launch/sencillo_launch.launch
[0.802s] -- Up-to-date: /ros2_ws_multirobots/install/practica1/share/ament_index/resource_index/package_run_dependencies/practica1
[0.803s] -- Up-to-date: /ros2_ws_multirobots/install/practica1/share/ament_index/resource_index/parent_prefix_path/practica1
[0.803s] -- Up-to-date: /ros2_ws_multirobots/install/practica1/share/practica1/environment/ament_prefix_path.sh
[0.804s] -- Up-to-date: /ros2_ws_multirobots/install/practica1/share/practica1/environment/ament_prefix_path.dsv
[0.804s] -- Up-to-date: /ros2_ws_multirobots/install/practica1/share/practica1/environment/path.sh
[0.804s] -- Up-to-date: /ros2_ws_multirobots/install/practica1/share/practica1/environment/path.dsv
[0.806s] -- Up-to-date: /ros2_ws_multirobots/install/practica1/share/practica1/local_setup.bash
[0.806s] -- Up-to-date: /ros2_ws_multirobots/install/practica1/share/practica1/local_setup.sh
[0.806s] -- Up-to-date: /ros2_ws_multirobots/install/practica1/share/practica1/local_setup.zsh
[0.806s] -- Up-to-date: /ros2_ws_multirobots/install/practica1/share/practica1/local_setup.dsv
[0.807s] -- Up-to-date: /ros2_ws_multirobots/install/practica1/share/practica1/package.dsv
[0.807s] -- Up-to-date: /ros2_ws_multirobots/install/practica1/share/ament_index/resource_index/packages/practica1
[0.807s] -- Up-to-date: /ros2_ws_multirobots/install/practica1/share/practica1/cmake/practica1Config.cmake
[0.808s] -- Up-to-date: /ros2_ws_multirobots/install/practica1/share/practica1/cmake/practica1Config-version.cmake
[0.808s] -- Up-to-date: /ros2_ws_multirobots/install/practica1/share/practica1/package.xml
[0.808s] Invoked command in '/ros2_ws_multirobots/build/practica1' returned '0': CMAKE_PREFIX_PATH=${CMAKE_PREFIX_PATH}:/opt/ros/jazzy /usr/bin/cmake --install /ros2_ws_multirobots/build/practica1
