[0.008s] Invoking command in '/ros2_ws_multirobots/src/build/robot_bringup': AMENT_PREFIX_PATH=/ros2_ws_multirobots/src/install/practica1:${AMENT_PREFIX_PATH} CMAKE_PREFIX_PATH=/ros2_ws_multirobots/src/install/practica1:/opt/ros/jazzy/opt/gz_math_vendor:/opt/ros/jazzy/opt/gz_utils_vendor:/opt/ros/jazzy/opt/gz_cmake_vendor:/opt/ros/jazzy /usr/bin/cmake /ros2_ws_multirobots/src/robot_bringup -DCMAKE_INSTALL_PREFIX=/ros2_ws_multirobots/src/install/robot_bringup
[0.021s] -- Found ament_cmake: 2.5.4 (/opt/ros/jazzy/share/ament_cmake/cmake)
[0.257s] -- Found ament_lint_auto: 0.17.3 (/opt/ros/jazzy/share/ament_lint_auto/cmake)
[0.407s] -- Added test 'flake8' to check Python code syntax and style conventions
[0.408s] -- Configured 'flake8' exclude dirs and/or files: 
[0.408s] -- Added test 'lint_cmake' to check CMake code style
[0.409s] -- Added test 'pep257' to check Python code against some of the docstring style conventions in PEP 257
[0.411s] -- Added test 'xmllint' to check XML markup files
[0.413s] -- Configuring done (0.4s)
[0.416s] -- Generating done (0.0s)
[0.420s] -- Build files have been written to: /ros2_ws_multirobots/src/build/robot_bringup
[0.424s] Invoked command in '/ros2_ws_multirobots/src/build/robot_bringup' returned '0': AMENT_PREFIX_PATH=/ros2_ws_multirobots/src/install/practica1:${AMENT_PREFIX_PATH} CMAKE_PREFIX_PATH=/ros2_ws_multirobots/src/install/practica1:/opt/ros/jazzy/opt/gz_math_vendor:/opt/ros/jazzy/opt/gz_utils_vendor:/opt/ros/jazzy/opt/gz_cmake_vendor:/opt/ros/jazzy /usr/bin/cmake /ros2_ws_multirobots/src/robot_bringup -DCMAKE_INSTALL_PREFIX=/ros2_ws_multirobots/src/install/robot_bringup
[0.426s] Invoking command in '/ros2_ws_multirobots/src/build/robot_bringup': AMENT_PREFIX_PATH=/ros2_ws_multirobots/src/install/practica1:${AMENT_PREFIX_PATH} CMAKE_PREFIX_PATH=/ros2_ws_multirobots/src/install/practica1:/opt/ros/jazzy/opt/gz_math_vendor:/opt/ros/jazzy/opt/gz_utils_vendor:/opt/ros/jazzy/opt/gz_cmake_vendor:/opt/ros/jazzy /usr/bin/cmake --build /ros2_ws_multirobots/src/build/robot_bringup -- -j16 -l16
[0.492s] Invoked command in '/ros2_ws_multirobots/src/build/robot_bringup' returned '0': AMENT_PREFIX_PATH=/ros2_ws_multirobots/src/install/practica1:${AMENT_PREFIX_PATH} CMAKE_PREFIX_PATH=/ros2_ws_multirobots/src/install/practica1:/opt/ros/jazzy/opt/gz_math_vendor:/opt/ros/jazzy/opt/gz_utils_vendor:/opt/ros/jazzy/opt/gz_cmake_vendor:/opt/ros/jazzy /usr/bin/cmake --build /ros2_ws_multirobots/src/build/robot_bringup -- -j16 -l16
[0.494s] Invoking command in '/ros2_ws_multirobots/src/build/robot_bringup': AMENT_PREFIX_PATH=/ros2_ws_multirobots/src/install/practica1:${AMENT_PREFIX_PATH} CMAKE_PREFIX_PATH=/ros2_ws_multirobots/src/install/practica1:/opt/ros/jazzy/opt/gz_math_vendor:/opt/ros/jazzy/opt/gz_utils_vendor:/opt/ros/jazzy/opt/gz_cmake_vendor:/opt/ros/jazzy /usr/bin/cmake --install /ros2_ws_multirobots/src/build/robot_bringup
[0.503s] -- Install configuration: ""
[0.503s] -- Installing: /ros2_ws_multirobots/src/install/robot_bringup/share/robot_bringup/launch
[0.503s] -- Installing: /ros2_ws_multirobots/src/install/robot_bringup/share/robot_bringup/launch/robot_bringup.launch.py
[0.503s] -- Installing: /ros2_ws_multirobots/src/install/robot_bringup/share/robot_bringup/world
[0.503s] -- Installing: /ros2_ws_multirobots/src/install/robot_bringup/share/robot_bringup/world/my_world.sdf
[0.504s] -- Installing: /ros2_ws_multirobots/src/install/robot_bringup/share/robot_bringup/config
[0.504s] -- Installing: /ros2_ws_multirobots/src/install/robot_bringup/share/robot_bringup/config/bridge_config.yaml
[0.504s] -- Installing: /ros2_ws_multirobots/src/install/robot_bringup/share/ament_index/resource_index/package_run_dependencies/robot_bringup
[0.504s] -- Installing: /ros2_ws_multirobots/src/install/robot_bringup/share/ament_index/resource_index/parent_prefix_path/robot_bringup
[0.504s] -- Installing: /ros2_ws_multirobots/src/install/robot_bringup/share/robot_bringup/environment/ament_prefix_path.sh
[0.505s] -- Installing: /ros2_ws_multirobots/src/install/robot_bringup/share/robot_bringup/environment/ament_prefix_path.dsv
[0.505s] -- Installing: /ros2_ws_multirobots/src/install/robot_bringup/share/robot_bringup/environment/path.sh
[0.505s] -- Installing: /ros2_ws_multirobots/src/install/robot_bringup/share/robot_bringup/environment/path.dsv
[0.505s] -- Installing: /ros2_ws_multirobots/src/install/robot_bringup/share/robot_bringup/local_setup.bash
[0.505s] -- Installing: /ros2_ws_multirobots/src/install/robot_bringup/share/robot_bringup/local_setup.sh
[0.506s] -- Installing: /ros2_ws_multirobots/src/install/robot_bringup/share/robot_bringup/local_setup.zsh
[0.506s] -- Installing: /ros2_ws_multirobots/src/install/robot_bringup/share/robot_bringup/local_setup.dsv
[0.506s] -- Installing: /ros2_ws_multirobots/src/install/robot_bringup/share/robot_bringup/package.dsv
[0.506s] -- Installing: /ros2_ws_multirobots/src/install/robot_bringup/share/ament_index/resource_index/packages/robot_bringup
[0.506s] -- Installing: /ros2_ws_multirobots/src/install/robot_bringup/share/robot_bringup/cmake/robot_bringupConfig.cmake
[0.507s] -- Installing: /ros2_ws_multirobots/src/install/robot_bringup/share/robot_bringup/cmake/robot_bringupConfig-version.cmake
[0.507s] -- Installing: /ros2_ws_multirobots/src/install/robot_bringup/share/robot_bringup/package.xml
[0.509s] Invoked command in '/ros2_ws_multirobots/src/build/robot_bringup' returned '0': AMENT_PREFIX_PATH=/ros2_ws_multirobots/src/install/practica1:${AMENT_PREFIX_PATH} CMAKE_PREFIX_PATH=/ros2_ws_multirobots/src/install/practica1:/opt/ros/jazzy/opt/gz_math_vendor:/opt/ros/jazzy/opt/gz_utils_vendor:/opt/ros/jazzy/opt/gz_cmake_vendor:/opt/ros/jazzy /usr/bin/cmake --install /ros2_ws_multirobots/src/build/robot_bringup
